[Error: /home/ubuntu/rookie/rookieKorea/node_modules/mongojs/node_modules/mongodb/node_modules/bson/build/Release/bson.node: invalid ELF header]
js-bson: Failed to load c++ bson extension, using pure JS version
[0mGET / [36m304 [0m12.513 ms - -[0m
[0mGET /libs/bootstrap/css/bootstrap.css [36m304 [0m2.365 ms - -[0m
[0mGET /libs/font-awesome/font-awesome.css [36m304 [0m1.239 ms - -[0m
[0mGET /libs/eonasdan-bootstrap-datetimepicker/build/css/bootstrap-datetimepicker.min.css [36m304 [0m0.633 ms - -[0m
[0mGET /libs/bootstrap/css/bootstrap-select.css [36m304 [0m0.449 ms - -[0m
[0mGET /css/custom.css [36m304 [0m0.347 ms - -[0m
[0mGET /css/newinfo.css [36m304 [0m0.441 ms - -[0m
[0mGET /libs/moment/min/moment.min.js [36m304 [0m0.832 ms - -[0m
[0mGET /libs/jquery/jquery-1.11.3.min.js [36m304 [0m0.622 ms - -[0m
[0mGET /css/common.css [36m304 [0m0.738 ms - -[0m
[0mGET /libs/moment/locale/ko.js [36m304 [0m0.777 ms - -[0m
[0mGET /libs/bootstrap/js/bootstrap.min.js [36m304 [0m0.598 ms - -[0m
[0mGET /libs/bootstrap/js/bootstrap-select.js [36m304 [0m0.417 ms - -[0m
[0mGET /libs/ckeditor/config.js [36m304 [0m0.354 ms - -[0m
[0mGET /libs/ckeditor/ckeditor.js [36m304 [0m0.292 ms - -[0m
[0mGET /libs/angular/angular.min.js [36m304 [0m0.415 ms - -[0m
[0mGET /libs/angular/angular-route.min.js [36m304 [0m0.313 ms - -[0m
[0mGET /js/custom.js [36m304 [0m0.294 ms - -[0m
[0mGET /libs/eonasdan-bootstrap-datetimepicker/build/js/bootstrap-datetimepicker.min.js [36m304 [0m0.747 ms - -[0m
[0mGET /js/datepicker.js [36m304 [0m0.689 ms - -[0m
[0mGET /js/rk.js [36m304 [0m0.567 ms - -[0m
[0mGET /libs/bootstrap/fonts/glyphicons-halflings-regular.woff2 [36m304 [0m0.387 ms - -[0m
[0mGET /libs/bootstrap/css/bootstrap.css.map [36m304 [0m0.557 ms - -[0m
[0mGET /libs/bootstrap/css/bootstrap-select.css.map [36m304 [0m0.324 ms - -[0m
[0mGET /img/logo.png [36m304 [0m0.478 ms - -[0m
[0mGET /assets/img/logo-ts.png [36m304 [0m0.865 ms - -[0m
[0mGET /libs/angular/angular.min.js.map [33m404 [0m2.665 ms - 1046[0m
[0mGET /libs/angular/angular-route.min.js.map [33m404 [0m9.853 ms - 1046[0m
[0mGET /templates/newinfo.html [36m304 [0m0.578 ms - -[0m
[0mGET /assets/img/favicons/favicon-16x16.png [36m304 [0m0.398 ms - -[0m
[0mGET /assets/img/sports/baseball.png [36m304 [0m0.406 ms - -[0m
[0mGET /assets/img/sports/tennis.png [36m304 [0m0.496 ms - -[0m
[0mGET /assets/img/sports/bedminton.png [36m304 [0m0.627 ms - -[0m
[0mGET /assets/img/sports/bowling.png [36m304 [0m0.844 ms - -[0m
[0mGET /assets/img/sports/soccer.png [36m304 [0m0.583 ms - -[0m
[0mGET /assets/img/sports/basketball.png [36m304 [0m0.355 ms - -[0m
[0mGET /libs/ckeditor/config.js?t=F62B [36m304 [0m0.359 ms - -[0m
[0mGET /assets/img/favicons/favicon-96x96.png [36m304 [0m0.403 ms - -[0m
[0mGET /libs/ckeditor/skins/moono/editor.css?t=F62B [36m304 [0m0.603 ms - -[0m
[0mGET /libs/ckeditor/lang/ko.js?t=F62B [36m304 [0m0.711 ms - -[0m
[0mGET /assets/img/favicons/android-chrome-192x192.png [36m304 [0m0.575 ms - -[0m
[0mGET /libs/ckeditor/styles.js?t=F62B [36m304 [0m0.370 ms - -[0m
[0mGET /libs/ckeditor/contents.css?t=F62B [36m304 [0m1.392 ms - -[0m
[0mGET /assets/img/favicons/favicon-16x16.png [36m304 [0m0.861 ms - -[0m
[0mGET /assets/img/favicons/favicon-96x96.png [36m304 [0m0.482 ms - -[0m
[0mGET /assets/img/favicons/android-chrome-192x192.png [36m304 [0m1.176 ms - -[0m
{}
{ sport: 'baseball',
  category: 'competition',
  title: '대회2',
  compDateStart: '2015.07.07 오후 2시 31분',
  compDateEnd: '2015.07.09 오후 2시 31분',
  compLocation: '12',
  compHost: '23',
  compSupervision: '34',
  compSponser: '45',
  compSponsorship: '56',
  compRegistDate: '2015.07.20 오후 2시 31분',
  compInfo: '',
  compURL: '123ㅁㅇㄹㄴ' }
{ sport: 'baseball',
  title: '대회2',
  eventDate: { from: '2015.07.07 오후 2시 31분', to: '2015.07.09 오후 2시 31분' },
  location: '12',
  host: '23',
  supervision: '34',
  sponser: '45',
  sponsorship: '56',
  registDate: '2015.07.20 오후 2시 31분',
  compInfo: '',
  url: '123ㅁㅇㄹㄴ',
  img: undefined,
  _id: 559b6468ad0c482f6902ad3d }
[0mPOST /newdata [32m200 [0m42.080 ms - 322[0m
[0mGET /newdataList [32m200 [0m6.424 ms - 3879[0m
[0mGET / [36m304 [0m1.895 ms - -[0m
[0mGET /libs/bootstrap/css/bootstrap.css [36m304 [0m0.543 ms - -[0m
[0mGET /libs/font-awesome/font-awesome.css [36m304 [0m0.787 ms - -[0m
[0mGET /libs/bootstrap/css/bootstrap-select.css [36m304 [0m0.374 ms - -[0m
[0mGET /css/custom.css [36m304 [0m0.585 ms - -[0m
[0mGET /libs/eonasdan-bootstrap-datetimepicker/build/css/bootstrap-datetimepicker.min.css [36m304 [0m0.340 ms - -[0m
[0mGET /css/newinfo.css [36m304 [0m1.572 ms - -[0m
[0mGET /css/common.css [36m304 [0m0.371 ms - -[0m
[0mGET /libs/jquery/jquery-1.11.3.min.js [36m304 [0m0.733 ms - -[0m
[0mGET /libs/moment/min/moment.min.js [36m304 [0m0.895 ms - -[0m
[0mGET /libs/moment/locale/ko.js [36m304 [0m0.601 ms - -[0m
[0mGET /libs/bootstrap/js/bootstrap.min.js [36m304 [0m0.343 ms - -[0m
[0mGET /libs/bootstrap/js/bootstrap-select.js [36m304 [0m0.648 ms - -[0m
[0mGET /libs/ckeditor/ckeditor.js [36m304 [0m0.358 ms - -[0m
[0mGET /libs/ckeditor/config.js [36m304 [0m1.742 ms - -[0m
[0mGET /libs/eonasdan-bootstrap-datetimepicker/build/js/bootstrap-datetimepicker.min.js [36m304 [0m1.426 ms - -[0m
[0mGET /libs/angular/angular.min.js [36m304 [0m0.351 ms - -[0m
[0mGET /libs/angular/angular-route.min.js [36m304 [0m0.596 ms - -[0m
[0mGET /js/custom.js [36m304 [0m0.760 ms - -[0m
[0mGET /libs/bootstrap/fonts/glyphicons-halflings-regular.woff2 [36m304 [0m0.625 ms - -[0m
[0mGET /libs/bootstrap/css/bootstrap.css.map [36m304 [0m0.543 ms - -[0m
[0mGET /js/rk.js [36m304 [0m0.364 ms - -[0m
[0mGET /js/datepicker.js [36m304 [0m0.349 ms - -[0m
[0mGET /libs/bootstrap/css/bootstrap-select.css.map [36m304 [0m0.412 ms - -[0m
[0mGET /assets/img/logo-ts.png [36m304 [0m0.500 ms - -[0m
[0mGET /img/logo.png [36m304 [0m1.045 ms - -[0m
[0mGET /libs/angular/angular.min.js.map [33m404 [0m3.102 ms - 1046[0m
[0mGET /libs/angular/angular-route.min.js.map [33m404 [0m1.301 ms - 1046[0m
[0mGET /templates/newinfo.html [36m304 [0m0.527 ms - -[0m
[0mGET /assets/img/favicons/favicon-16x16.png [36m304 [0m0.393 ms - -[0m
[0mGET /assets/img/sports/soccer.png [36m304 [0m0.852 ms - -[0m
[0mGET /assets/img/sports/bowling.png [36m304 [0m0.657 ms - -[0m
[0mGET /assets/img/sports/bedminton.png [36m304 [0m0.383 ms - -[0m
[0mGET /assets/img/sports/tennis.png [36m304 [0m0.339 ms - -[0m
[0mGET /assets/img/sports/baseball.png [36m304 [0m0.315 ms - -[0m
[0mGET /assets/img/sports/basketball.png [36m304 [0m0.318 ms - -[0m
[0mGET /assets/img/favicons/favicon-96x96.png [36m304 [0m0.509 ms - -[0m
[0mGET /libs/ckeditor/config.js?t=F62B [36m304 [0m0.624 ms - -[0m
[0mGET /assets/img/favicons/android-chrome-192x192.png [36m304 [0m0.606 ms - -[0m
[0mGET /libs/ckeditor/skins/moono/editor.css?t=F62B [36m304 [0m0.477 ms - -[0m
[0mGET /libs/ckeditor/lang/ko.js?t=F62B [36m304 [0m0.943 ms - -[0m
[0mGET /libs/ckeditor/styles.js?t=F62B [36m304 [0m0.499 ms - -[0m
[0mGET /libs/ckeditor/skins/moono/icons.png [36m304 [0m0.695 ms - -[0m
[0mGET /libs/ckeditor/contents.css?t=F62B [36m304 [0m0.580 ms - -[0m
[0mGET /assets/img/favicons/favicon-16x16.png [36m304 [0m0.387 ms - -[0m
[0mGET /assets/img/favicons/favicon-96x96.png [36m304 [0m0.815 ms - -[0m
[0mGET /assets/img/favicons/android-chrome-192x192.png [36m304 [0m0.520 ms - -[0m
{}
{ sport: 'baseball',
  category: 'competition',
  title: '12',
  compDateStart: '2015.07.06 오후 3시 0분',
  compDateEnd: '2015.07.09 오후 3시 0분',
  compLocation: '12',
  compHost: '12',
  compSupervision: '12',
  compSponser: '12',
  compSponsorship: '12',
  compRegistDate: '2015.07.31 오후 3시 0분',
  compInfo: '',
  compURL: '123' }
{ sport: 'baseball',
  title: '12',
  eventDate: { from: '2015.07.06 오후 3시 0분', to: '2015.07.09 오후 3시 0분' },
  location: '12',
  host: '12',
  supervision: '12',
  sponser: '12',
  sponsorship: '12',
  registDate: '2015.07.31 오후 3시 0분',
  compInfo: '',
  url: '123',
  img: undefined,
  _id: 559b6b0fad0c482f6902ad3e }
[0mPOST /newdata [32m200 [0m3.551 ms - 302[0m
[0mGET /newdataList [32m200 [0m4.024 ms - 4193[0m
[0mGET /templates/main.html [36m304 [0m0.619 ms - -[0m
[0mGET /assets/img/favicons/favicon-16x16.png [36m304 [0m0.651 ms - -[0m
[0mGET /img/btn/btn_apple.png [36m304 [0m0.523 ms - -[0m
[0mGET /img/btn/btn_google.png [36m304 [0m0.355 ms - -[0m
[0mGET /assets/img/favicons/favicon-96x96.png [36m304 [0m0.577 ms - -[0m
[0mGET /assets/img/favicons/android-chrome-192x192.png [36m304 [0m0.691 ms - -[0m
[0mGET /assets/img/sports/baseball.png [36m304 [0m0.705 ms - -[0m
[0mGET /assets/img/sports/basketball.png [36m304 [0m0.491 ms - -[0m
[0mGET /assets/img/sports/bedminton.png [36m304 [0m0.549 ms - -[0m
[0mGET /assets/img/favicons/favicon-16x16.png [36m304 [0m0.550 ms - -[0m
[0mGET /assets/img/sports/bowling.png [36m304 [0m1.091 ms - -[0m
[0mGET /assets/img/sports/soccer.png [36m304 [0m0.513 ms - -[0m
[0mGET /assets/img/sports/tennis.png [36m304 [0m0.542 ms - -[0m
[0mGET /assets/img/favicons/favicon-96x96.png [36m304 [0m0.713 ms - -[0m
[0mGET /assets/img/favicons/android-chrome-192x192.png [36m304 [0m0.722 ms - -[0m
[0mGET / [36m304 [0m2.135 ms - -[0m
[0mGET /libs/bootstrap/css/bootstrap.css [36m304 [0m0.717 ms - -[0m
[0mGET /libs/eonasdan-bootstrap-datetimepicker/build/css/bootstrap-datetimepicker.min.css [36m304 [0m0.441 ms - -[0m
[0mGET /libs/font-awesome/font-awesome.css [36m304 [0m0.392 ms - -[0m
[0mGET /libs/bootstrap/css/bootstrap-select.css [36m304 [0m0.466 ms - -[0m
[0mGET /css/custom.css [36m304 [0m0.672 ms - -[0m
[0mGET /css/newinfo.css [36m304 [0m0.518 ms - -[0m
[0mGET /css/common.css [36m304 [0m0.366 ms - -[0m
[0mGET /libs/jquery/jquery-1.11.3.min.js [36m304 [0m0.619 ms - -[0m
[0mGET /libs/moment/min/moment.min.js [36m304 [0m0.574 ms - -[0m
[0mGET /libs/moment/locale/ko.js [36m304 [0m0.512 ms - -[0m
[0mGET /libs/bootstrap/js/bootstrap.min.js [36m304 [0m0.367 ms - -[0m
[0mGET /libs/bootstrap/js/bootstrap-select.js [36m304 [0m1.422 ms - -[0m
[0mGET /libs/ckeditor/config.js [36m304 [0m2.296 ms - -[0m
[0mGET /libs/eonasdan-bootstrap-datetimepicker/build/js/bootstrap-datetimepicker.min.js [36m304 [0m0.882 ms - -[0m
[0mGET /libs/angular/angular.min.js [36m304 [0m0.680 ms - -[0m
[0mGET /libs/ckeditor/ckeditor.js [36m304 [0m0.455 ms - -[0m
[0mGET /libs/angular/angular-route.min.js [36m304 [0m0.733 ms - -[0m
[0mGET /libs/bootstrap/fonts/glyphicons-halflings-regular.woff2 [36m304 [0m0.391 ms - -[0m
[0mGET /js/rk.js [36m304 [0m5.506 ms - -[0m
[0mGET /libs/bootstrap/css/bootstrap.css.map [36m304 [0m3.624 ms - -[0m
[0mGET /libs/bootstrap/css/bootstrap-select.css.map [36m304 [0m3.574 ms - -[0m
[0mGET /js/custom.js [36m304 [0m3.293 ms - -[0m
[0mGET /js/datepicker.js [36m304 [0m1.239 ms - -[0m
[0mGET /img/logo.png [36m304 [0m0.867 ms - -[0m
[0mGET /assets/img/logo-ts.png [36m304 [0m0.364 ms - -[0m
[0mGET /libs/angular/angular-route.min.js.map [33m404 [0m1.709 ms - 1046[0m
[0mGET /libs/angular/angular.min.js.map [33m404 [0m1.409 ms - 1046[0m
[0mGET /templates/newinfo.html [36m304 [0m0.545 ms - -[0m
[0mGET /assets/img/favicons/favicon-16x16.png [36m304 [0m0.521 ms - -[0m
[0mGET /assets/img/sports/basketball.png [36m304 [0m0.420 ms - -[0m
[0mGET /assets/img/sports/bowling.png [36m304 [0m0.357 ms - -[0m
[0mGET /assets/img/sports/bedminton.png [36m304 [0m1.767 ms - -[0m
[0mGET /assets/img/sports/tennis.png [36m304 [0m0.359 ms - -[0m
[0mGET /assets/img/sports/baseball.png [36m304 [0m0.567 ms - -[0m
[0mGET /assets/img/sports/soccer.png [36m304 [0m0.303 ms - -[0m
[0mGET /assets/img/favicons/favicon-96x96.png [36m304 [0m0.339 ms - -[0m
[0mGET /libs/ckeditor/config.js?t=F62B [36m304 [0m0.521 ms - -[0m
[0mGET /libs/ckeditor/skins/moono/editor.css?t=F62B [36m304 [0m0.970 ms - -[0m
[0mGET /libs/ckeditor/lang/ko.js?t=F62B [36m304 [0m0.819 ms - -[0m
[0mGET /assets/img/favicons/android-chrome-192x192.png [36m304 [0m0.376 ms - -[0m
[0mGET /libs/ckeditor/styles.js?t=F62B [36m304 [0m0.616 ms - -[0m
[0mGET /libs/ckeditor/contents.css?t=F62B [36m304 [0m0.534 ms - -[0m
[0mGET /assets/img/favicons/favicon-16x16.png [36m304 [0m0.428 ms - -[0m
[0mGET /assets/img/favicons/favicon-96x96.png [36m304 [0m0.377 ms - -[0m
[0mGET /assets/img/favicons/android-chrome-192x192.png [36m304 [0m0.736 ms - -[0m
[0mGET /templates/main.html [36m304 [0m0.504 ms - -[0m
[0mGET /assets/img/favicons/favicon-16x16.png [36m304 [0m0.383 ms - -[0m
[0mGET /img/btn/btn_google.png [36m304 [0m0.704 ms - -[0m
[0mGET /img/btn/btn_apple.png [36m304 [0m0.406 ms - -[0m
[0mGET /assets/img/favicons/favicon-96x96.png [36m304 [0m0.345 ms - -[0m
[0mGET /assets/img/favicons/android-chrome-192x192.png [36m304 [0m0.392 ms - -[0m
[0mGET /assets/img/favicons/favicon-16x16.png [36m304 [0m0.497 ms - -[0m
[0mGET /assets/img/favicons/favicon-96x96.png [36m304 [0m0.494 ms - -[0m
[0mGET /assets/img/favicons/android-chrome-192x192.png [36m304 [0m0.323 ms - -[0m
[0mGET /assets/img/favicons/favicon-16x16.png [36m304 [0m0.483 ms - -[0m
[0mGET /assets/img/favicons/favicon-96x96.png [36m304 [0m0.532 ms - -[0m
[0mGET /assets/img/favicons/android-chrome-192x192.png [36m304 [0m0.348 ms - -[0m
[0mGET /assets/img/favicons/favicon-16x16.png [36m304 [0m2.071 ms - -[0m
[0mGET /assets/img/favicons/favicon-96x96.png [36m304 [0m0.574 ms - -[0m
[0mGET /assets/img/favicons/android-chrome-192x192.png [36m304 [0m0.530 ms - -[0m
[0mGET /etc/lib/pChart2/examples/index.php [33m404 [0m1.839 ms - 1046[0m
[0mHEAD / [32m200 [0m1.822 ms - 8212[0m
[0mGET /manager/html [33m404 [0m2.687 ms - 1046[0m
[0mGET / [36m304 [0m1.712 ms - -[0m
[0mGET /libs/font-awesome/font-awesome.css [36m304 [0m0.495 ms - -[0m
[0mGET /libs/bootstrap/css/bootstrap.css [36m304 [0m0.699 ms - -[0m
[0mGET /libs/bootstrap/css/bootstrap-select.css [36m304 [0m0.801 ms - -[0m
[0mGET /css/custom.css [36m304 [0m0.755 ms - -[0m
[0mGET /css/common.css [36m304 [0m0.486 ms - -[0m
[0mGET /libs/eonasdan-bootstrap-datetimepicker/build/css/bootstrap-datetimepicker.min.css [36m304 [0m0.417 ms - -[0m
[0mGET /css/newinfo.css [36m304 [0m0.563 ms - -[0m
[0mGET /libs/jquery/jquery-1.11.3.min.js [36m304 [0m0.423 ms - -[0m
[0mGET /libs/moment/locale/ko.js [36m304 [0m0.943 ms - -[0m
[0mGET /libs/bootstrap/js/bootstrap.min.js [36m304 [0m0.777 ms - -[0m
[0mGET /libs/moment/min/moment.min.js [36m304 [0m0.421 ms - -[0m
[0mGET /libs/eonasdan-bootstrap-datetimepicker/build/js/bootstrap-datetimepicker.min.js [36m304 [0m0.696 ms - -[0m
[0mGET /libs/bootstrap/js/bootstrap-select.js [36m304 [0m0.404 ms - -[0m
[0mGET /libs/ckeditor/config.js [36m304 [0m0.789 ms - -[0m
[0mGET /libs/ckeditor/ckeditor.js [36m304 [0m0.771 ms - -[0m
[0mGET /libs/angular/angular.min.js [36m304 [0m0.733 ms - -[0m
[0mGET /libs/angular/angular-route.min.js [36m304 [0m0.299 ms - -[0m
[0mGET /js/rk.js [36m304 [0m0.322 ms - -[0m
[0mGET /js/custom.js [36m304 [0m0.583 ms - -[0m
[0mGET /js/datepicker.js [36m304 [0m0.315 ms - -[0m
[0mGET /libs/bootstrap/fonts/glyphicons-halflings-regular.woff2 [36m304 [0m0.324 ms - -[0m
[0mGET /img/logo.png [36m304 [0m0.286 ms - -[0m
[0mGET /assets/img/logo-ts.png [36m304 [0m0.377 ms - -[0m
[0mGET /templates/main.html [36m304 [0m0.354 ms - -[0m
[0mGET /assets/img/favicons/favicon-16x16.png [36m304 [0m0.363 ms - -[0m
[0mGET /img/btn/btn_google.png [36m304 [0m0.379 ms - -[0m
[0mGET /img/btn/btn_apple.png [36m304 [0m0.343 ms - -[0m
[0mGET /assets/img/favicons/favicon-96x96.png [36m304 [0m0.321 ms - -[0m
[0mGET /assets/img/favicons/android-chrome-192x192.png [36m304 [0m0.318 ms - -[0m
[0mGET /templates/newinfo.html [36m304 [0m0.516 ms - -[0m
[0mGET /assets/img/favicons/favicon-16x16.png [36m304 [0m0.706 ms - -[0m
[0mGET /assets/img/sports/tennis.png [36m304 [0m0.333 ms - -[0m
[0mGET /assets/img/sports/basketball.png [36m304 [0m0.380 ms - -[0m
[0mGET /assets/img/sports/bedminton.png [36m304 [0m0.513 ms - -[0m
[0mGET /assets/img/sports/bowling.png [36m304 [0m0.505 ms - -[0m
[0mGET /assets/img/sports/baseball.png [36m304 [0m0.313 ms - -[0m
[0mGET /assets/img/sports/soccer.png [36m304 [0m0.280 ms - -[0m
[0mGET /assets/img/favicons/favicon-96x96.png [36m304 [0m0.351 ms - -[0m
[0mGET /libs/ckeditor/config.js?t=F62B [36m304 [0m0.295 ms - -[0m
[0mGET /assets/img/favicons/android-chrome-192x192.png [36m304 [0m0.308 ms - -[0m
[0mGET /libs/ckeditor/skins/moono/editor.css?t=F62B [36m304 [0m0.309 ms - -[0m
[0mGET /libs/ckeditor/lang/ko.js?t=F62B [36m304 [0m0.278 ms - -[0m
[0mGET /libs/ckeditor/styles.js?t=F62B [36m304 [0m0.331 ms - -[0m
[0mGET /libs/ckeditor/skins/moono/icons_hidpi.png [32m200 [0m3.085 ms - 34465[0m
[0mGET /libs/ckeditor/contents.css?t=F62B [36m304 [0m0.454 ms - -[0m
[0mGET /assets/img/favicons/favicon-16x16.png [36m304 [0m0.341 ms - -[0m
[0mGET /assets/img/favicons/favicon-96x96.png [36m304 [0m0.396 ms - -[0m
[0mGET /assets/img/favicons/android-chrome-192x192.png [36m304 [0m0.336 ms - -[0m
[0mGET / [36m304 [0m1.449 ms - -[0m
[0mGET /libs/bootstrap/css/bootstrap.css [36m304 [0m0.455 ms - -[0m
[0mGET /libs/eonasdan-bootstrap-datetimepicker/build/css/bootstrap-datetimepicker.min.css [36m304 [0m0.337 ms - -[0m
[0mGET /libs/bootstrap/css/bootstrap-select.css [36m304 [0m0.317 ms - -[0m
[0mGET /libs/font-awesome/font-awesome.css [36m304 [0m0.538 ms - -[0m
[0mGET /css/custom.css [36m304 [0m0.495 ms - -[0m
[0mGET /css/newinfo.css [36m304 [0m0.325 ms - -[0m
[0mGET /css/common.css [36m304 [0m0.300 ms - -[0m
[0mGET /libs/jquery/jquery-1.11.3.min.js [36m304 [0m0.321 ms - -[0m
[0mGET /libs/moment/min/moment.min.js [36m304 [0m0.305 ms - -[0m
[0mGET /libs/moment/locale/ko.js [36m304 [0m0.295 ms - -[0m
[0mGET /libs/bootstrap/js/bootstrap.min.js [36m304 [0m0.299 ms - -[0m
[0mGET /libs/bootstrap/js/bootstrap-select.js [36m304 [0m0.348 ms - -[0m
[0mGET /libs/ckeditor/ckeditor.js [36m304 [0m0.291 ms - -[0m
[0mGET /libs/ckeditor/config.js [36m304 [0m0.321 ms - -[0m
[0mGET /libs/eonasdan-bootstrap-datetimepicker/build/js/bootstrap-datetimepicker.min.js [36m304 [0m0.368 ms - -[0m
[0mGET /libs/angular/angular.min.js [36m304 [0m0.310 ms - -[0m
[0mGET /libs/angular/angular-route.min.js [36m304 [0m0.336 ms - -[0m
[0mGET /js/datepicker.js [36m304 [0m0.298 ms - -[0m
[0mGET /js/custom.js [36m304 [0m0.345 ms - -[0m
[0mGET /js/rk.js [36m304 [0m0.308 ms - -[0m
[0mGET /libs/bootstrap/fonts/glyphicons-halflings-regular.woff2 [36m304 [0m0.307 ms - -[0m
[0mGET /img/logo.png [36m304 [0m0.317 ms - -[0m
[0mGET /assets/img/logo-ts.png [36m304 [0m0.320 ms - -[0m
[0mGET /templates/newinfo.html [36m304 [0m0.335 ms - -[0m
[0mGET /assets/img/favicons/favicon-16x16.png [32m200 [0m0.983 ms - 1284[0m
[0mGET /assets/img/sports/soccer.png [36m304 [0m1.155 ms - -[0m
[0mGET /assets/img/sports/bedminton.png [36m304 [0m1.131 ms - -[0m
[0mGET /assets/img/sports/basketball.png [36m304 [0m0.335 ms - -[0m
[0mGET /assets/img/sports/baseball.png [36m304 [0m0.316 ms - -[0m
[0mGET /assets/img/sports/bowling.png [36m304 [0m0.292 ms - -[0m
[0mGET /assets/img/sports/tennis.png [36m304 [0m0.287 ms - -[0m
[0mGET /libs/ckeditor/config.js?t=F62B [36m304 [0m0.555 ms - -[0m
[0mGET /assets/img/favicons/favicon-96x96.png [36m304 [0m0.333 ms - -[0m
[0mGET /libs/ckeditor/lang/ko.js?t=F62B [36m304 [0m0.595 ms - -[0m
[0mGET /libs/ckeditor/skins/moono/editor.css?t=F62B [36m304 [0m0.565 ms - -[0m
[0mGET /assets/img/favicons/android-chrome-192x192.png [36m304 [0m0.352 ms - -[0m
[0mGET /libs/ckeditor/styles.js?t=F62B [36m304 [0m0.981 ms - -[0m
[0mGET /libs/ckeditor/skins/moono/icons_hidpi.png [36m304 [0m0.594 ms - -[0m
[0mGET /libs/ckeditor/contents.css?t=F62B [36m304 [0m0.329 ms - -[0m
[0mGET /assets/img/favicons/favicon-16x16.png [36m304 [0m0.341 ms - -[0m
[0mGET /assets/img/favicons/favicon-96x96.png [36m304 [0m0.385 ms - -[0m
[0mGET /assets/img/favicons/android-chrome-192x192.png [36m304 [0m0.344 ms - -[0m
[0mGET /templates/competitions.html [36m304 [0m0.529 ms - -[0m
[0mGET /assets/img/favicons/favicon-16x16.png [36m304 [0m0.799 ms - -[0m
[0mGET /... [33m404 [0m1.510 ms - 1046[0m
[0mGET /assets/img/favicons/favicon-96x96.png [36m304 [0m0.330 ms - -[0m
[0mGET /assets/img/favicons/android-chrome-192x192.png [36m304 [0m0.348 ms - -[0m
[0mGET /templates/courts.html [36m304 [0m0.498 ms - -[0m
[0mGET /assets/img/favicons/favicon-16x16.png [36m304 [0m0.331 ms - -[0m
[0mGET /assets/img/favicons/favicon-96x96.png [36m304 [0m0.388 ms - -[0m
[0mGET /assets/img/favicons/android-chrome-192x192.png [36m304 [0m0.388 ms - -[0m
[0mGET /templates/clubs.html [36m304 [0m0.498 ms - -[0m
[0mGET /assets/img/favicons/favicon-16x16.png [36m304 [0m0.331 ms - -[0m
[0mGET /assets/img/favicons/favicon-96x96.png [36m304 [0m0.334 ms - -[0m
[0mGET /assets/img/favicons/android-chrome-192x192.png [36m304 [0m0.344 ms - -[0m
[0mGET /assets/img/favicons/favicon-16x16.png [36m304 [0m0.521 ms - -[0m
[0mGET /assets/img/favicons/favicon-96x96.png [36m304 [0m0.357 ms - -[0m
[0mGET /assets/img/favicons/android-chrome-192x192.png [36m304 [0m0.467 ms - -[0m
[0mGET /assets/img/favicons/favicon-16x16.png [36m304 [0m0.538 ms - -[0m
[0mGET /assets/img/favicons/favicon-96x96.png [36m304 [0m0.388 ms - -[0m
[0mGET /assets/img/favicons/android-chrome-192x192.png [36m304 [0m0.948 ms - -[0m
[0mGET /assets/img/favicons/favicon-16x16.png [36m304 [0m0.536 ms - -[0m
[0mGET /assets/img/favicons/favicon-96x96.png [36m304 [0m0.532 ms - -[0m
[0mGET /assets/img/favicons/android-chrome-192x192.png [36m304 [0m0.517 ms - -[0m
[0mGET /libs/ckeditor/contents.css?t=F62B [36m304 [0m0.504 ms - -[0m
[0mGET /assets/img/favicons/favicon-16x16.png [36m304 [0m0.310 ms - -[0m
[0mGET /assets/img/favicons/favicon-96x96.png [36m304 [0m0.303 ms - -[0m
[0mGET /assets/img/favicons/android-chrome-192x192.png [36m304 [0m0.326 ms - -[0m
[0mGET /templates/main.html [36m304 [0m0.490 ms - -[0m
[0mGET /assets/img/favicons/favicon-16x16.png [36m304 [0m0.354 ms - -[0m
[0mGET /img/btn/btn_apple.png [36m304 [0m0.317 ms - -[0m
[0mGET /assets/img/favicons/favicon-96x96.png [36m304 [0m0.307 ms - -[0m
[0mGET /img/btn/btn_google.png [36m304 [0m0.293 ms - -[0m
[0mGET /assets/img/favicons/android-chrome-192x192.png [36m304 [0m0.385 ms - -[0m
[0mGET / [36m304 [0m1.792 ms - -[0m
[0mGET /libs/bootstrap/css/bootstrap.css [36m304 [0m0.395 ms - -[0m
[0mGET /css/custom.css [36m304 [0m0.576 ms - -[0m
[0mGET /libs/bootstrap/css/bootstrap-select.css [36m304 [0m0.530 ms - -[0m
[0mGET /libs/font-awesome/font-awesome.css [36m304 [0m0.285 ms - -[0m
[0mGET /libs/eonasdan-bootstrap-datetimepicker/build/css/bootstrap-datetimepicker.min.css [36m304 [0m0.589 ms - -[0m
[0mGET /css/newinfo.css [36m304 [0m0.512 ms - -[0m
[0mGET /css/common.css [36m304 [0m0.335 ms - -[0m
[0mGET /libs/jquery/jquery-1.11.3.min.js [36m304 [0m0.519 ms - -[0m
[0mGET /libs/bootstrap/js/bootstrap.min.js [36m304 [0m0.501 ms - -[0m
[0mGET /libs/ckeditor/config.js [36m304 [0m0.316 ms - -[0m
[0mGET /libs/angular/angular.min.js [36m304 [0m0.503 ms - -[0m
[0mGET /libs/eonasdan-bootstrap-datetimepicker/build/js/bootstrap-datetimepicker.min.js [36m304 [0m0.523 ms - -[0m
[0mGET /libs/moment/locale/ko.js [36m304 [0m0.368 ms - -[0m
[0mGET /js/custom.js [36m304 [0m0.494 ms - -[0m
[0mGET /js/datepicker.js [36m304 [0m0.496 ms - -[0m
[0mGET /js/rk.js [36m304 [0m0.341 ms - -[0m
[0mGET /libs/ckeditor/ckeditor.js [36m304 [0m0.497 ms - -[0m
[0mGET /libs/angular/angular-route.min.js [36m304 [0m0.516 ms - -[0m
[0mGET /libs/bootstrap/js/bootstrap-select.js [36m304 [0m0.415 ms - -[0m
[0mGET /libs/moment/min/moment.min.js [36m304 [0m0.526 ms - -[0m
[0mGET /libs/bootstrap/fonts/glyphicons-halflings-regular.woff2 [36m304 [0m0.516 ms - -[0m
[0mGET /assets/img/logo-ts.png [36m304 [0m0.312 ms - -[0m
[0mGET /img/logo.png [36m304 [0m0.349 ms - -[0m
[0mGET /libs/ckeditor/ckeditor.js [36m304 [0m0.334 ms - -[0m
[0mGET /templates/main.html [36m304 [0m0.397 ms - -[0m
[0mGET /assets/img/favicons/favicon-16x16.png [36m304 [0m0.439 ms - -[0m
[0mGET /img/btn/btn_google.png [36m304 [0m0.369 ms - -[0m
[0mGET /img/btn/btn_apple.png [36m304 [0m0.301 ms - -[0m
[0mGET /assets/img/favicons/favicon-96x96.png [36m304 [0m0.373 ms - -[0m
[0mGET /assets/img/favicons/android-chrome-192x192.png [36m304 [0m0.352 ms - -[0m
[0mGET / [32m200 [0m1.252 ms - 8212[0m
[0mGET /libs/font-awesome/font-awesome.css [32m200 [0m0.760 ms - 19557[0m
[0mGET /libs/bootstrap/css/bootstrap-select.css [32m200 [0m0.539 ms - 6643[0m
[0mGET /css/custom.css [32m200 [0m1.238 ms - 1947[0m
[0mGET /libs/eonasdan-bootstrap-datetimepicker/build/css/bootstrap-datetimepicker.min.css [32m200 [0m1.433 ms - 7758[0m
[0mGET /css/newinfo.css [32m200 [0m0.538 ms - 318[0m
[0mGET /libs/bootstrap/css/bootstrap.css [32m200 [0m201.830 ms - 141414[0m
[0mGET /css/common.css [32m200 [0m0.776 ms - 368[0m
[0mGET /libs/moment/min/moment.min.js [32m200 [0m0.696 ms - 34436[0m
[0mGET /libs/moment/locale/ko.js [32m200 [0m0.833 ms - 2169[0m
[0mGET /libs/bootstrap/js/bootstrap.min.js [32m200 [0m0.875 ms - 35452[0m
[0mGET /libs/bootstrap/js/bootstrap-select.js [32m200 [0m0.886 ms - 59424[0m
[0mGET /libs/jquery/jquery-1.11.3.min.js [32m200 [0m257.899 ms - 95957[0m
[0mGET /libs/ckeditor/config.js [32m200 [0m0.630 ms - 1370[0m
[0mGET /libs/angular/angular.min.js [32m200 [0m0.867 ms - 125909[0m
[0mGET /libs/eonasdan-bootstrap-datetimepicker/build/js/bootstrap-datetimepicker.min.js [32m200 [0m0.607 ms - 35776[0m
[0mGET /js/custom.js [32m200 [0m1.464 ms - 110[0m
[0mGET /libs/angular/angular-route.min.js [32m200 [0m1.311 ms - 4525[0m
[0mGET /libs/bootstrap/fonts/glyphicons-halflings-regular.woff2 [32m200 [0m0.619 ms - 18028[0m
[0mGET /js/datepicker.js [32m200 [0m0.571 ms - 489[0m
[0mGET /js/rk.js [32m200 [0m0.657 ms - 15219[0m
[0mGET /img/logo.png [32m200 [0m0.752 ms - 4632[0m
[0mGET /assets/img/logo-ts.png [32m200 [0m0.599 ms - 3974[0m
[0mGET /assets/img/favicons/android-chrome-192x192.png [32m200 [0m1.069 ms - 20793[0m
[0mGET /assets/img/favicons/favicon-32x32.png [32m200 [0m1.325 ms - 2071[0m
[0mGET /assets/img/favicons/favicon-96x96.png [32m200 [0m0.619 ms - 8084[0m
[0mGET /assets/img/favicons/favicon-16x16.png [32m200 [0m0.723 ms - 1284[0m
[0mGET /libs/ckeditor/ckeditor.js [32m200 [0m1080.851 ms - 508090[0m
[0mGET /templates/main.html [32m200 [0m0.766 ms - 1969[0m
[0mGET /img/btn/btn_apple.png [32m200 [0m1.440 ms - 3158[0m
[0mGET /img/btn/btn_google.png [32m200 [0m1.206 ms - 2816[0m
[0mGET /templates/newinfo.html [32m200 [0m0.864 ms - 8557[0m
[0mGET /assets/img/favicons/favicon-16x16.png [36m304 [0m0.550 ms - -[0m
[0mGET /assets/img/sports/baseball.png [32m200 [0m0.861 ms - 21065[0m
[0mGET /assets/img/sports/basketball.png [32m200 [0m1.593 ms - 28780[0m
[0mGET /assets/img/sports/bedminton.png [32m200 [0m0.568 ms - 28105[0m
[0mGET /assets/img/sports/tennis.png [32m200 [0m0.555 ms - 17615[0m
[0mGET /assets/img/sports/soccer.png [32m200 [0m0.526 ms - 24726[0m
[0mGET /assets/img/sports/bowling.png [32m200 [0m0.547 ms - 22953[0m
[0mGET /libs/ckeditor/config.js?t=F62B [32m200 [0m0.756 ms - 1370[0m
[0mGET /libs/ckeditor/skins/moono/editor_gecko.css?t=F62B [32m200 [0m1.156 ms - 30369[0m
[0mGET /libs/ckeditor/lang/ko.js?t=F62B [32m200 [0m0.983 ms - 11822[0m
[0mGET /libs/ckeditor/styles.js?t=F62B [32m200 [0m0.764 ms - 3595[0m
[0mGET /libs/ckeditor/skins/moono/icons_hidpi.png [32m200 [0m0.862 ms - 34465[0m
[0mGET /libs/ckeditor/contents.css?t=F62B [32m200 [0m0.763 ms - 1967[0m
[0mGET /assets/img/favicons/favicon-16x16.png [36m304 [0m0.511 ms - -[0m
[0mGET /templates/newinfo.html [36m304 [0m0.354 ms - -[0m
[0mGET /assets/img/favicons/favicon-96x96.png [36m304 [0m1.211 ms - -[0m
[0mGET /assets/img/sports/basketball.png [36m304 [0m0.360 ms - -[0m
[0mGET /assets/img/sports/bedminton.png [36m304 [0m0.531 ms - -[0m
[0mGET /assets/img/sports/bowling.png [36m304 [0m0.475 ms - -[0m
[0mGET /assets/img/sports/baseball.png [36m304 [0m0.329 ms - -[0m
[0mGET /assets/img/sports/soccer.png [36m304 [0m0.284 ms - -[0m
[0mGET /assets/img/sports/tennis.png [36m304 [0m0.357 ms - -[0m
[0mGET /assets/img/favicons/android-chrome-192x192.png [36m304 [0m0.360 ms - -[0m
[0mGET /libs/ckeditor/config.js?t=F62B [36m304 [0m0.330 ms - -[0m
[0mGET /libs/ckeditor/lang/ko.js?t=F62B [36m304 [0m0.477 ms - -[0m
[0mGET /libs/ckeditor/skins/moono/editor.css?t=F62B [36m304 [0m0.323 ms - -[0m
[0mGET /libs/ckeditor/styles.js?t=F62B [36m304 [0m0.340 ms - -[0m
[0mGET /libs/ckeditor/skins/moono/icons_hidpi.png [36m304 [0m0.529 ms - -[0m
[0mGET /libs/ckeditor/contents.css?t=F62B [36m304 [0m0.530 ms - -[0m
[0mGET /assets/img/favicons/favicon-16x16.png [36m304 [0m0.714 ms - -[0m
[0mGET /assets/img/favicons/favicon-96x96.png [36m304 [0m1.663 ms - -[0m
[0mGET /assets/img/favicons/android-chrome-192x192.png [36m304 [0m0.485 ms - -[0m
[0mGET /templates/competitions.html [32m200 [0m2.998 ms - 12333[0m
[0mGET /assets/img/favicons/favicon-16x16.png [36m304 [0m0.439 ms - -[0m
[0mGET /... [33m404 [0m1.143 ms - 1046[0m
[0mGET /assets/img/favicons/favicon-16x16.png [36m304 [0m0.528 ms - -[0m
[0mGET /templates/competitions.html [36m304 [0m0.351 ms - -[0m
[0mGET /assets/img/favicons/favicon-96x96.png [36m304 [0m0.314 ms - -[0m
[0mGET /... [33m404 [0m1.362 ms - 1046[0m
[0mGET /assets/img/favicons/android-chrome-192x192.png [36m304 [0m0.382 ms - -[0m
[0mGET /newdataList [36m304 [0m3.153 ms - -[0m
[0mGET / [36m304 [0m1.401 ms - -[0m
[0mGET /libs/font-awesome/font-awesome.css [36m304 [0m0.781 ms - -[0m
[0mGET /libs/bootstrap/css/bootstrap-select.css [36m304 [0m0.683 ms - -[0m
[0mGET /libs/eonasdan-bootstrap-datetimepicker/build/css/bootstrap-datetimepicker.min.css [36m304 [0m0.569 ms - -[0m
[0mGET /libs/bootstrap/css/bootstrap.css [36m304 [0m0.539 ms - -[0m
[0mGET /css/custom.css [36m304 [0m0.300 ms - -[0m
[0mGET /css/newinfo.css [36m304 [0m0.336 ms - -[0m
[0mGET /libs/bootstrap/js/bootstrap.min.js [36m304 [0m0.599 ms - -[0m
[0mGET /libs/jquery/jquery-1.11.3.min.js [36m304 [0m0.562 ms - -[0m
[0mGET /libs/moment/locale/ko.js [36m304 [0m0.315 ms - -[0m
[0mGET /libs/moment/min/moment.min.js [36m304 [0m0.292 ms - -[0m
[0mGET /css/common.css [36m304 [0m0.333 ms - -[0m
[0mGET /libs/bootstrap/js/bootstrap-select.js [36m304 [0m0.438 ms - -[0m
[0mGET /libs/ckeditor/ckeditor.js [36m304 [0m0.349 ms - -[0m
[0mGET /libs/angular/angular.min.js [36m304 [0m1.373 ms - -[0m
[0mGET /libs/angular/angular-route.min.js [36m304 [0m0.953 ms - -[0m
[0mGET /libs/eonasdan-bootstrap-datetimepicker/build/js/bootstrap-datetimepicker.min.js [36m304 [0m0.955 ms - -[0m
[0mGET /libs/ckeditor/config.js [36m304 [0m0.949 ms - -[0m
[0mGET /js/custom.js [36m304 [0m0.335 ms - -[0m
[0mGET /js/datepicker.js [36m304 [0m0.363 ms - -[0m
[0mGET /libs/bootstrap/fonts/glyphicons-halflings-regular.woff2 [36m304 [0m0.306 ms - -[0m
[0mGET /js/rk.js [36m304 [0m0.511 ms - -[0m
[0mGET /img/logo.png [36m304 [0m0.339 ms - -[0m
[0mGET /assets/img/logo-ts.png [36m304 [0m0.301 ms - -[0m
[0mGET /templates/main.html [36m304 [0m0.512 ms - -[0m
[0mGET /assets/img/favicons/favicon-16x16.png [36m304 [0m1.141 ms - -[0m
[0mGET /img/btn/btn_google.png [36m304 [0m0.340 ms - -[0m
[0mGET /img/btn/btn_apple.png [36m304 [0m0.297 ms - -[0m
[0mGET /assets/img/favicons/favicon-96x96.png [36m304 [0m0.508 ms - -[0m
[0mGET /assets/img/favicons/android-chrome-192x192.png [36m304 [0m0.359 ms - -[0m
[0mGET / [32m200 [0m1.260 ms - 8212[0m
[0mGET /manager/html [33m404 [0m1.308 ms - 1046[0m
[0mGET /manager/html [33m404 [0m1.230 ms - 1046[0m
[0mGET /manager/html [33m404 [0m2.169 ms - 1046[0m
[0mGET /manager/html [33m404 [0m1.185 ms - 1046[0m
[0mGET /manager/html [33m404 [0m1.153 ms - 1046[0m
[0mGET /manager/html [33m404 [0m1.674 ms - 1046[0m
[0mGET /manager/html [33m404 [0m1.851 ms - 1046[0m
[0mGET /manager/html [33m404 [0m1.511 ms - 1046[0m
[0mGET /manager/html [33m404 [0m1.386 ms - 1046[0m
[0mGET /manager/html [33m404 [0m2.267 ms - 1046[0m
[0mGET /manager/html [33m404 [0m1.228 ms - 1046[0m
[0mGET /manager/html [33m404 [0m1.253 ms - 1046[0m
[0mGET /manager/html [33m404 [0m2.273 ms - 1046[0m
[0mGET /manager/html [33m404 [0m1.585 ms - 1046[0m
[0mGET /manager/html [33m404 [0m1.276 ms - 1046[0m
[0mGET /Ringing.at.your.dorbell! [33m404 [0m1.821 ms - 1046[0m
[0mGET / [32m200 [0m1.200 ms - 8212[0m
[0mGET / [32m200 [0m1.105 ms - 8212[0m
[0mGET / [32m200 [0m1.051 ms - 8212[0m
[0mGET / [32m200 [0m1.266 ms - 8212[0m
[0mGET / [32m200 [0m1.156 ms - 8212[0m
[0mGET / [32m200 [0m1.316 ms - 8212[0m
[0mGET / [32m200 [0m2.659 ms - 8212[0m
[0mOPTIONS /happ/testing [32m200 [0m1.442 ms - 4[0m
[0mPOST /happ/testing [32m200 [0m2.409 ms - 276[0m
[0mGET /admin/i18n/readme.txt [33m404 [0m1.245 ms - 1046[0m
[0mHEAD / [32m200 [0m1.257 ms - 8212[0m
[0mOPTIONS /happ/testing [32m200 [0m0.543 ms - 4[0m
[0mPOST /happ/testing [32m200 [0m1.890 ms - 4[0m
[0mOPTIONS /happ/testing [32m200 [0m0.442 ms - 4[0m
[0mPOST /happ/testing [32m200 [0m1.836 ms - 276[0m
[0mOPTIONS /happ/testing [32m200 [0m0.468 ms - 4[0m
[0mPOST /happ/testing [32m200 [0m1.732 ms - 276[0m
[0mOPTIONS /happ/testing [32m200 [0m0.436 ms - 4[0m
[0mPOST /happ/testing [32m200 [0m1.585 ms - 276[0m
[0mOPTIONS /happ/testing [32m200 [0m0.449 ms - 4[0m
[0mPOST /happ/testing [32m200 [0m1.868 ms - 276[0m
[0mPOST /happ/testing [32m200 [0m1.656 ms - 276[0m
[0mOPTIONS /happ/testing [32m200 [0m0.439 ms - 4[0m
[0mPOST /happ/testing [32m200 [0m2.211 ms - 276[0m
[0mOPTIONS /happ/testing [32m200 [0m0.442 ms - 4[0m
[0mPOST /happ/testing [32m200 [0m1.517 ms - 276[0m
[0mOPTIONS /happ/testing [32m200 [0m0.459 ms - 4[0m
[0mPOST /happ/testing [32m200 [0m1.927 ms - 276[0m
[0mOPTIONS /happ/testing [32m200 [0m0.416 ms - 4[0m
[0mPOST /happ/testing [32m200 [0m1.574 ms - 276[0m
[0mOPTIONS /happ/testing [32m200 [0m0.461 ms - 4[0m
[0mPOST /happ/testing [32m200 [0m3.029 ms - 276[0m
[0mOPTIONS /happ/testing [32m200 [0m0.472 ms - 4[0m
[0mPOST /happ/testing [32m200 [0m2.368 ms - 276[0m
[0mOPTIONS /happ/testing [32m200 [0m0.428 ms - 4[0m
[0mPOST /happ/testing [32m200 [0m1.513 ms - 276[0m
[0mOPTIONS /happ/testing [32m200 [0m0.439 ms - 4[0m
[0mPOST /happ/testing [32m200 [0m1.460 ms - 276[0m
[0mGET / [32m200 [0m1.266 ms - 8212[0m
[0mOPTIONS /happ/testing [32m200 [0m0.438 ms - 4[0m
[0mPOST /happ/testing [32m200 [0m1.498 ms - 276[0m
[0mOPTIONS /happ/testing [32m200 [0m0.450 ms - 4[0m
[0mPOST /happ/testing [32m200 [0m1.732 ms - 276[0m
[0mOPTIONS /happ/testing [32m200 [0m0.419 ms - 4[0m
[0mPOST /happ/testing [32m200 [0m2.727 ms - 276[0m
[0mOPTIONS /happ/testing [32m200 [0m0.461 ms - 4[0m
[0mPOST /happ/testing [32m200 [0m1.461 ms - 276[0m
[0mOPTIONS /happ/testing [32m200 [0m0.408 ms - 4[0m
[0mPOST /happ/testing [32m200 [0m1.626 ms - 276[0m
[0mOPTIONS /happ/testing [32m200 [0m0.415 ms - 4[0m
[0mPOST /happ/testing [32m200 [0m1.595 ms - 276[0m
[0mOPTIONS /happ/testing [32m200 [0m0.452 ms - 4[0m
[0mPOST /happ/testing [32m200 [0m1.512 ms - 276[0m
[0mOPTIONS /happ/testing [32m200 [0m0.405 ms - 4[0m
[0mPOST /happ/testing [32m200 [0m1.523 ms - 276[0m
[0mOPTIONS /happ/testing [32m200 [0m0.441 ms - 4[0m
[0mPOST /happ/testing [32m200 [0m1.548 ms - 276[0m
[0mOPTIONS /happ/testing [32m200 [0m1.226 ms - 4[0m
[0mPOST /happ/testing [32m200 [0m2.040 ms - 276[0m
[0mOPTIONS /happ/testing [32m200 [0m0.404 ms - 4[0m
[0mPOST /happ/testing [32m200 [0m1.533 ms - 276[0m
[0mOPTIONS /happ/testing [32m200 [0m0.468 ms - 4[0m
[0mPOST /happ/testing [32m200 [0m2.294 ms - 276[0m
[0mOPTIONS /happ/testing [32m200 [0m0.425 ms - 4[0m
[0mPOST /happ/testing [32m200 [0m2.026 ms - 276[0m
[0mOPTIONS /happ/testing [32m200 [0m0.431 ms - 4[0m
[0mPOST /happ/testing [32m200 [0m1.793 ms - 276[0m
[0mOPTIONS /happ/testing [32m200 [0m0.433 ms - 4[0m
[0mPOST /happ/testing [32m200 [0m2.309 ms - 276[0m
[0mOPTIONS /happ/testing [32m200 [0m0.427 ms - 4[0m
[0mPOST /happ/testing [32m200 [0m1.651 ms - 276[0m
[0mGET /muieblackcat [33m404 [0m1.296 ms - 1046[0m
[0mGET //phpMyAdmin/scripts/setup.php [33m404 [0m2.779 ms - 1046[0m
[0mGET //phpmyadmin/scripts/setup.php [33m404 [0m1.316 ms - 1046[0m
[0mGET //pma/scripts/setup.php [33m404 [0m1.505 ms - 1046[0m
[0mGET //myadmin/scripts/setup.php [33m404 [0m1.254 ms - 1046[0m
[0mGET //MyAdmin/scripts/setup.php [33m404 [0m1.319 ms - 1046[0m
[0mGET / [32m200 [0m1.220 ms - 8212[0m
[0mGET //downloader/ [33m404 [0m1.216 ms - 1046[0m
[0mGET / [32m200 [0m1.233 ms - 8212[0m
[0mGET /robots.txt [33m404 [0m1.156 ms - 1046[0m
[0mGET /sitemap.xml [33m404 [0m2.111 ms - 1046[0m
[0mGET / [32m200 [0m1.287 ms - 8212[0m
[0mGET / [32m200 [0m1.774 ms - 8212[0m
[0mGET / [32m200 [0m1.214 ms - 8212[0m
[0mGET /libs/eonasdan-bootstrap-datetimepicker/build/css/bootstrap-datetimepicker.min.css [32m200 [0m1.224 ms - 7758[0m
[0mGET /libs/font-awesome/font-awesome.css [32m200 [0m1.081 ms - 19557[0m
[0mGET /libs/bootstrap/css/bootstrap-select.css [32m200 [0m0.505 ms - 6643[0m
[0mGET /css/newinfo.css [32m200 [0m0.493 ms - 318[0m
[0mGET /css/custom.css [32m200 [0m0.514 ms - 1947[0m
[0mGET /libs/bootstrap/css/bootstrap.css [32m200 [0m201.386 ms - 141414[0m
[0mGET /libs/moment/min/moment.min.js [32m200 [0m0.657 ms - 34436[0m
[0mGET /css/common.css [32m200 [0m0.499 ms - 368[0m
[0mGET /img/logo.png [32m200 [0m0.498 ms - 4632[0m
[0mGET /libs/moment/locale/ko.js [32m200 [0m0.598 ms - 2169[0m
[0mGET /assets/img/logo-ts.png [32m200 [0m0.547 ms - 3974[0m
[0mGET /libs/jquery/jquery-1.11.3.min.js [32m200 [0m145.476 ms - 95957[0m
[0mGET /libs/eonasdan-bootstrap-datetimepicker/build/js/bootstrap-datetimepicker.min.js [32m200 [0m0.612 ms - 35776[0m
[0mGET /libs/angular/angular-route.min.js [32m200 [0m0.499 ms - 4525[0m
[0mGET /libs/bootstrap/js/bootstrap.min.js [32m200 [0m0.591 ms - 35452[0m
[0mGET /libs/ckeditor/ckeditor.js [32m200 [0m168.318 ms - 508090[0m
[0mGET /libs/angular/angular.min.js [32m200 [0m0.723 ms - 125909[0m
[0mGET /js/custom.js [32m200 [0m0.548 ms - 110[0m
[0mGET /libs/bootstrap/js/bootstrap-select.js [32m200 [0m1.024 ms - 59424[0m
[0mGET /libs/ckeditor/config.js [32m200 [0m1.610 ms - 1370[0m
[0mGET /js/datepicker.js [32m200 [0m1.146 ms - 489[0m
[0mGET /js/rk.js [32m200 [0m0.709 ms - 15219[0m
[0mGET /templates/main.html [32m200 [0m0.894 ms - 1969[0m
[0mGET /libs/bootstrap/fonts/glyphicons-halflings-regular.woff [32m200 [0m0.909 ms - 23424[0m
[0mGET /img/btn/btn_google.png [32m200 [0m0.796 ms - 2816[0m
[0mGET /img/btn/btn_apple.png [32m200 [0m0.499 ms - 3158[0m
[0mGET /templates/courts.html [32m200 [0m0.874 ms - 11014[0m
[0mGET /templates/competitions.html [32m200 [0m0.788 ms - 12333[0m
[0mGET /... [33m404 [0m1.446 ms - 1046[0m
[0mGET / [32m200 [0m1.484 ms - 8212[0m
[0mGET /libs/bootstrap/css/bootstrap.css [36m304 [0m0.930 ms - -[0m
[0mGET /css/common.css [36m304 [0m0.509 ms - -[0m
[0mGET /libs/font-awesome/font-awesome.css [36m304 [0m0.354 ms - -[0m
[0mGET /css/custom.css [36m304 [0m0.519 ms - -[0m
[0mGET /libs/eonasdan-bootstrap-datetimepicker/build/css/bootstrap-datetimepicker.min.css [36m304 [0m0.351 ms - -[0m
[0mGET /css/newinfo.css [36m304 [0m0.367 ms - -[0m
[0mGET /libs/bootstrap/css/bootstrap-select.css [36m304 [0m0.412 ms - -[0m
[0mGET /libs/moment/min/moment.min.js [36m304 [0m0.444 ms - -[0m
[0mGET /libs/jquery/jquery-1.11.3.min.js [36m304 [0m0.326 ms - -[0m
[0mGET /libs/moment/locale/ko.js [36m304 [0m0.712 ms - -[0m
[0mGET /libs/bootstrap/js/bootstrap.min.js [36m304 [0m0.702 ms - -[0m
[0mGET /libs/ckeditor/config.js [36m304 [0m0.342 ms - -[0m
[0mGET /libs/angular/angular-route.min.js [36m304 [0m0.511 ms - -[0m
[0mGET /libs/bootstrap/js/bootstrap-select.js [36m304 [0m0.312 ms - -[0m
[0mGET /js/rk.js [36m304 [0m0.908 ms - -[0m
[0mGET /js/custom.js [36m304 [0m0.373 ms - -[0m
[0mGET /img/logo.png [36m304 [0m0.300 ms - -[0m
[0mGET /js/datepicker.js [36m304 [0m0.299 ms - -[0m
[0mGET /assets/img/logo-ts.png [36m304 [0m0.425 ms - -[0m
[0mGET /libs/bootstrap/fonts/glyphicons-halflings-regular.woff [36m304 [0m0.541 ms - -[0m
[0mGET /libs/ckeditor/ckeditor.js [32m200 [0m538.751 ms - 508090[0m
[0mGET /libs/eonasdan-bootstrap-datetimepicker/build/js/bootstrap-datetimepicker.min.js [36m304 [0m0.550 ms - -[0m
[0mGET /libs/angular/angular.min.js [36m304 [0m0.492 ms - -[0m
[0mGET /templates/courts.html [36m304 [0m0.482 ms - -[0m
[0mGET /templates/main.html [36m304 [0m0.501 ms - -[0m
[0mGET /img/btn/btn_google.png [36m304 [0m0.542 ms - -[0m
[0mGET /img/btn/btn_apple.png [36m304 [0m0.311 ms - -[0m
[0mGET /login [32m200 [0m1.559 ms - 6450[0m
[0mGET /assets/css/app.css [32m200 [0m0.881 ms - 18400[0m
[0mGET /assets/css/animate.css [32m200 [0m0.543 ms - 61149[0m
[0mGET /assets/css/bootstrap-responsive.css [32m200 [0m0.556 ms - 21751[0m
[0mGET /assets/css/jkit.css [32m200 [0m0.535 ms - 11377[0m
[0mGET /assets/css/font-awesome.css [32m200 [0m0.563 ms - 19557[0m
[0mGET /assets/js/jquery.easing.1.3.js [32m200 [0m0.580 ms - 8101[0m
[0mGET /assets/css/bootstrap.css [32m200 [0m191.719 ms - 124223[0m
[0mGET /assets/js/jquery.js [32m200 [0m0.918 ms - 92791[0m
[0mGET /assets/img/logo-cs.png [32m200 [0m0.587 ms - 7412[0m
[0mGET /assets/js/jquery.jkit.1.1.10.js [32m200 [0m105.995 ms - 94300[0m
[0mGET /assets/js/bootstrap.js [32m200 [0m0.786 ms - 58516[0m
[0mGET /assets/font/fontawesome-webfont.woff [32m200 [0m0.902 ms - 31840[0m
[0mGET / [36m304 [0m1.278 ms - -[0m
[0mGET /libs/bootstrap/css/bootstrap-select.css [36m304 [0m0.507 ms - -[0m
[0mGET /libs/font-awesome/font-awesome.css [36m304 [0m0.308 ms - -[0m
[0mGET /css/newinfo.css [36m304 [0m0.296 ms - -[0m
[0mGET /libs/eonasdan-bootstrap-datetimepicker/build/css/bootstrap-datetimepicker.min.css [36m304 [0m0.298 ms - -[0m
[0mGET /libs/bootstrap/css/bootstrap.css [36m304 [0m0.540 ms - -[0m
[0mGET /css/custom.css [36m304 [0m0.313 ms - -[0m
[0mGET /libs/jquery/jquery-1.11.3.min.js [36m304 [0m0.290 ms - -[0m
[0mGET /img/logo.png [36m304 [0m0.309 ms - -[0m
[0mGET /assets/img/logo-ts.png [36m304 [0m0.315 ms - -[0m
[0mGET /libs/moment/locale/ko.js [36m304 [0m0.285 ms - -[0m
[0mGET /css/common.css [36m304 [0m0.284 ms - -[0m
[0mGET /libs/moment/min/moment.min.js [36m304 [0m0.308 ms - -[0m
[0mGET /libs/bootstrap/js/bootstrap.min.js [36m304 [0m0.471 ms - -[0m
[0mGET /libs/ckeditor/config.js [36m304 [0m0.372 ms - -[0m
[0mGET /libs/angular/angular-route.min.js [36m304 [0m0.425 ms - -[0m
[0mGET /js/datepicker.js [36m304 [0m0.323 ms - -[0m
[0mGET /libs/bootstrap/js/bootstrap-select.js [36m304 [0m0.368 ms - -[0m
[0mGET /libs/eonasdan-bootstrap-datetimepicker/build/js/bootstrap-datetimepicker.min.js [36m304 [0m0.368 ms - -[0m
[0mGET /libs/ckeditor/ckeditor.js [36m304 [0m0.407 ms - -[0m
[0mGET /js/custom.js [36m304 [0m0.291 ms - -[0m
[0mGET /libs/angular/angular.min.js [36m304 [0m0.292 ms - -[0m
[0mGET /js/rk.js [36m304 [0m0.829 ms - -[0m
[0mGET /libs/bootstrap/fonts/glyphicons-halflings-regular.woff [36m304 [0m0.401 ms - -[0m
[0mGET /templates/main.html [36m304 [0m0.529 ms - -[0m
[0mGET /img/btn/btn_google.png [36m304 [0m1.116 ms - -[0m
[0mGET /img/btn/btn_apple.png [36m304 [0m0.363 ms - -[0m
[0mGET /register [32m200 [0m3.953 ms - 7666[0m
[0mGET /assets/css/bootstrap.css [36m304 [0m0.529 ms - -[0m
[0mGET /assets/css/jkit.css [36m304 [0m0.334 ms - -[0m
[0mGET /assets/css/animate.css [36m304 [0m0.344 ms - -[0m
[0mGET /assets/css/app.css [36m304 [0m0.308 ms - -[0m
[0mGET /assets/css/bootstrap-responsive.css [36m304 [0m0.302 ms - -[0m
[0mGET /assets/css/font-awesome.css [36m304 [0m0.320 ms - -[0m
[0mGET /assets/js/jquery.js [36m304 [0m0.315 ms - -[0m
[0mGET /assets/js/bootstrap.js [36m304 [0m0.312 ms - -[0m
[0mGET /assets/img/logo-cs.png [36m304 [0m0.312 ms - -[0m
[0mGET /js/rk.js [36m304 [0m0.305 ms - -[0m
[0mGET /assets/js/angular-route.min.js [32m200 [0m0.652 ms - 4525[0m
[0mGET /assets/js/angular.min.js [32m200 [0m228.015 ms - 125909[0m
[0mGET / [36m304 [0m1.284 ms - -[0m
[0mGET /libs/bootstrap/css/bootstrap-select.css [36m304 [0m0.524 ms - -[0m
[0mGET /libs/font-awesome/font-awesome.css [36m304 [0m0.298 ms - -[0m
[0mGET /libs/eonasdan-bootstrap-datetimepicker/build/css/bootstrap-datetimepicker.min.css [36m304 [0m0.335 ms - -[0m
[0mGET /css/newinfo.css [36m304 [0m0.304 ms - -[0m
[0mGET /libs/bootstrap/css/bootstrap.css [36m304 [0m0.349 ms - -[0m
[0mGET /css/custom.css [36m304 [0m0.329 ms - -[0m
[0mGET /libs/jquery/jquery-1.11.3.min.js [36m304 [0m0.402 ms - -[0m
[0mGET /img/logo.png [36m304 [0m0.322 ms - -[0m
[0mGET /assets/img/logo-ts.png [36m304 [0m0.317 ms - -[0m
[0mGET /libs/moment/locale/ko.js [36m304 [0m0.311 ms - -[0m
[0mGET /css/common.css [36m304 [0m2.227 ms - -[0m
[0mGET /libs/moment/min/moment.min.js [36m304 [0m0.306 ms - -[0m
[0mGET /libs/bootstrap/js/bootstrap.min.js [36m304 [0m0.365 ms - -[0m
[0mGET /libs/angular/angular-route.min.js [36m304 [0m0.447 ms - -[0m
[0mGET /libs/ckeditor/config.js [36m304 [0m0.335 ms - -[0m
[0mGET /js/rk.js [36m304 [0m0.340 ms - -[0m
[0mGET /libs/bootstrap/js/bootstrap-select.js [36m304 [0m0.580 ms - -[0m
[0mGET /js/custom.js [36m304 [0m0.329 ms - -[0m
[0mGET /libs/eonasdan-bootstrap-datetimepicker/build/js/bootstrap-datetimepicker.min.js [36m304 [0m0.385 ms - -[0m
[0mGET /libs/ckeditor/ckeditor.js [36m304 [0m0.335 ms - -[0m
[0mGET /js/datepicker.js [36m304 [0m0.353 ms - -[0m
[0mGET /libs/bootstrap/fonts/glyphicons-halflings-regular.woff [36m304 [0m0.465 ms - -[0m
[0mGET /libs/angular/angular.min.js [36m304 [0m0.326 ms - -[0m
[0mGET /templates/main.html [36m304 [0m0.506 ms - -[0m
[0mGET /img/btn/btn_google.png [36m304 [0m1.413 ms - -[0m
[0mGET /img/btn/btn_apple.png [36m304 [0m0.293 ms - -[0m
[0mGET /templates/courts.html [36m304 [0m0.519 ms - -[0m
[0mGET /templates/competitions.html [36m304 [0m0.515 ms - -[0m
[0mGET /... [33m404 [0m1.355 ms - 1046[0m
[0mGET /... [33m404 [0m1.195 ms - 1046[0m
[0mGET /... [33m404 [0m1.188 ms - 1046[0m
[0mGET /... [33m404 [0m1.093 ms - 1046[0m
[0mGET /templates/clubs.html [32m200 [0m0.771 ms - 11014[0m
[0mGET /templates/newinfo.html [32m200 [0m0.764 ms - 8557[0m
[0mGET /assets/img/sports/baseball.png [32m200 [0m0.745 ms - 21065[0m
[0mGET /assets/img/sports/basketball.png [32m200 [0m0.591 ms - 28780[0m
[0mGET /assets/img/sports/bedminton.png [32m200 [0m1.115 ms - 28105[0m
[0mGET /assets/img/sports/soccer.png [32m200 [0m0.947 ms - 24726[0m
[0mGET /assets/img/sports/bowling.png [32m200 [0m0.585 ms - 22953[0m
[0mGET /assets/img/sports/tennis.png [32m200 [0m0.555 ms - 17615[0m
[0mGET /libs/ckeditor/config.js?t=F62B [32m200 [0m0.749 ms - 1370[0m
[0mGET /libs/ckeditor/lang/ko.js?t=F62B [32m200 [0m1.004 ms - 11822[0m
[0mGET /libs/ckeditor/skins/moono/editor.css?t=F62B [32m200 [0m0.570 ms - 30288[0m
[0mGET /libs/ckeditor/styles.js?t=F62B [32m200 [0m0.560 ms - 3595[0m
[0mGET /... [33m404 [0m1.184 ms - 1046[0m
[0mGET /... [33m404 [0m1.239 ms - 1046[0m
[0mGET /login [36m304 [0m1.262 ms - -[0m
[0mGET /assets/css/bootstrap.css [36m304 [0m1.601 ms - -[0m
[0mGET /assets/css/animate.css [36m304 [0m0.323 ms - -[0m
[0mGET /assets/css/app.css [36m304 [0m2.672 ms - -[0m
[0mGET /assets/css/font-awesome.css [36m304 [0m0.313 ms - -[0m
[0mGET /assets/css/jkit.css [36m304 [0m0.315 ms - -[0m
[0mGET /assets/css/bootstrap-responsive.css [36m304 [0m0.323 ms - -[0m
[0mGET /assets/js/bootstrap.js [36m304 [0m0.313 ms - -[0m
[0mGET /assets/js/jquery.js [36m304 [0m0.307 ms - -[0m
[0mGET /assets/js/jquery.jkit.1.1.10.js [36m304 [0m0.288 ms - -[0m
[0mGET /assets/js/jquery.easing.1.3.js [36m304 [0m0.327 ms - -[0m
[0mGET /assets/img/logo-cs.png [36m304 [0m0.297 ms - -[0m
[0mGET /assets/font/fontawesome-webfont.woff [36m304 [0m0.552 ms - -[0m
[0mGET / [32m200 [0m1.200 ms - 8212[0m
[0mGET //downloader/ [33m404 [0m1.136 ms - 1046[0m
[0mGET /manager/html [33m404 [0m1.683 ms - 1046[0m
[0mGET / [32m200 [0m1.114 ms - 8212[0m
[Error: /home/ubuntu/rookie/rookieKorea/node_modules/mongojs/node_modules/mongodb/node_modules/bson/build/Release/bson.node: invalid ELF header]
js-bson: Failed to load c++ bson extension, using pure JS version

module.js:340
    throw err;
          ^
Error: Cannot find module 'socket.io'
    at Function.Module._resolveFilename (module.js:338:15)
    at Function.Module._load (module.js:280:25)
    at Module.require (module.js:364:17)
    at require (module.js:380:17)
    at Object.<anonymous> (/home/ubuntu/rookie/rookieKorea/app.js:6:17)
    at Module._compile (module.js:456:26)
    at Object.Module._extensions..js (module.js:474:10)
    at Module.load (module.js:356:32)
    at Function.Module._load (module.js:312:12)
    at Function.Module.runMain (module.js:497:10)
