[Error: /home/ubuntu/rookie/rookie/node_modules/mongojs/node_modules/mongodb/node_modules/bson/build/Release/bson.node: invalid ELF header]
js-bson: Failed to load c++ bson extension, using pure JS version
Option log level is not valid. Please refer to the README.
Wed, 19 Aug 2015 02:21:04 GMT body-parser deprecated bodyParser: use individual json/urlencoded middlewares at app.js:81:9
Wed, 19 Aug 2015 02:21:04 GMT body-parser deprecated undefined extended: provide extended option at node_modules/body-parser/index.js:85:29
Wed, 19 Aug 2015 02:21:04 GMT express-session deprecated undefined resave option; provide resave option at app.js:85:9
Wed, 19 Aug 2015 02:21:04 GMT express-session deprecated undefined saveUninitialized option; provide saveUninitialized option at app.js:85:9
Wed, 19 Aug 2015 02:21:04 GMT express-session deprecated req.secret; provide secret option at app.js:85:9
Option log level is not valid. Please refer to the README.
[0mGET / [36m304 [0m18.827 ms - -[0m
[0mGET /libs/bootstrap/css/bootstrap.css [36m304 [0m7.083 ms - -[0m
[0mGET /stylesheets/main.css [36m304 [0m6.294 ms - -[0m
[0mGET /libs/jquery/jquery-1.11.3.min.js [36m304 [0m6.740 ms - -[0m
[0mGET /images/logos/logo-main.png [36m304 [0m6.574 ms - -[0m
[0mGET /libs/font-awesome/font-awesome.css [36m304 [0m8.047 ms - -[0m
[0mGET /libs/angular/angular.min.js [36m304 [0m7.857 ms - -[0m
[0mGET /stylesheets/common.css [36m304 [0m0.939 ms - -[0m
[0mGET /libs/bootstrap/js/bootstrap.min.js [36m304 [0m1.212 ms - -[0m
[0mGET /libs/angular/angular-route.min.js [36m304 [0m1.680 ms - -[0m
[0mGET /javascripts/controllers/indexCTRL.js [36m304 [0m1.464 ms - -[0m
[0mGET /templates/common/footerBar.html [36m304 [0m1.597 ms - -[0m
[0mGET /images/favicons/favicon-16x16.png [36m304 [0m0.987 ms - -[0m
[0mGET /images/logo-ts.png [36m304 [0m1.124 ms - -[0m
[0mGET /images/favicons/favicon-96x96.png [36m304 [0m1.465 ms - -[0m
[0mGET /images/favicons/android-chrome-192x192.png [36m304 [0m1.000 ms - -[0m
[0mGET /login [32m200 [0m4.110 ms - 4277[0m
[0mGET /libs/bootstrap/css/bootstrap.css [36m304 [0m4.863 ms - -[0m
[0mGET /stylesheets/common.css [36m304 [0m6.719 ms - -[0m
[0mGET /stylesheets/ll.css [32m200 [0m8.723 ms - 174[0m
[0mGET /libs/jquery/jquery-1.11.3.min.js [36m304 [0m7.663 ms - -[0m
[0mGET /images/logo-ll.png [32m200 [0m9.354 ms - 13270[0m
[0mGET /javascripts/controllers/commonCTRL.js [32m200 [0m7.923 ms - 1762[0m
[0mGET /libs/bootstrap/js/bootstrap.min.js [36m304 [0m1.507 ms - -[0m
[0mGET /libs/angular/angular.min.js [36m304 [0m1.597 ms - -[0m
[0mGET /libs/angular/angular-route.min.js [36m304 [0m1.473 ms - -[0m
[0mGET /templates/common/footerBar.html [36m304 [0m1.503 ms - -[0m
[0mGET /images/favicons/favicon-16x16.png [36m304 [0m1.477 ms - -[0m
[0mGET /images/logo-ts.png [36m304 [0m2.131 ms - -[0m
[0mGET /images/favicons/favicon-96x96.png [36m304 [0m1.476 ms - -[0m
[0mGET /images/favicons/android-chrome-192x192.png [36m304 [0m1.133 ms - -[0m
[0mPOST /login [32m200 [0m38.191 ms - 4574[0m
[0mGET /libs/bootstrap/css/bootstrap.css [36m304 [0m5.018 ms - -[0m
[0mGET /stylesheets/common.css [36m304 [0m3.283 ms - -[0m
[0mGET /images/logo-ll.png [36m304 [0m3.463 ms - -[0m
[0mGET /libs/bootstrap/js/bootstrap.min.js [36m304 [0m3.180 ms - -[0m
[0mGET /stylesheets/ll.css [36m304 [0m3.604 ms - -[0m
[0mGET /libs/jquery/jquery-1.11.3.min.js [36m304 [0m2.905 ms - -[0m
[0mGET /libs/angular/angular.min.js [36m304 [0m0.988 ms - -[0m
[0mGET /libs/angular/angular-route.min.js [36m304 [0m0.959 ms - -[0m
[0mGET /javascripts/controllers/commonCTRL.js [36m304 [0m2.879 ms - -[0m
[0mGET /templates/common/footerBar.html [36m304 [0m1.257 ms - -[0m
[0mGET /images/favicons/favicon-16x16.png [36m304 [0m1.229 ms - -[0m
[0mGET /images/logo-ts.png [36m304 [0m1.713 ms - -[0m
[0mGET /images/favicons/favicon-96x96.png [36m304 [0m1.509 ms - -[0m
[0mGET /images/favicons/android-chrome-192x192.png [36m304 [0m1.093 ms - -[0m
[0mGET /register [32m200 [0m2.647 ms - 5792[0m
[0mGET /stylesheets/common.css [36m304 [0m1.054 ms - -[0m
[0mGET /libs/bootstrap/css/bootstrap.css [36m304 [0m1.047 ms - -[0m
[0mGET /stylesheets/ll.css [36m304 [0m3.917 ms - -[0m
[0mGET /images/logo-ll.png [36m304 [0m3.580 ms - -[0m
[0mGET /libs/jquery/jquery-1.11.3.min.js [36m304 [0m3.714 ms - -[0m
[0mGET /libs/bootstrap/js/bootstrap.min.js [36m304 [0m3.492 ms - -[0m
[0mGET /libs/angular/angular.min.js [36m304 [0m0.886 ms - -[0m
[0mGET /javascripts/controllers/commonCTRL.js [36m304 [0m0.846 ms - -[0m
[0mGET /libs/angular/angular-route.min.js [36m304 [0m1.147 ms - -[0m
[0mGET /templates/common/footerBar.html [36m304 [0m1.187 ms - -[0m
[0mGET /images/favicons/favicon-16x16.png [36m304 [0m1.019 ms - -[0m
[0mGET /images/logo-ts.png [36m304 [0m0.840 ms - -[0m
[0mGET /images/favicons/favicon-96x96.png [36m304 [0m0.962 ms - -[0m
[0mGET /images/favicons/android-chrome-192x192.png [36m304 [0m0.903 ms - -[0m
Wed, 19 Aug 2015 02:21:39 GMT express deprecated req.param(name): Use req.params, req.body, or req.query instead at routes/utilities/auth.js:25:14
Wed, 19 Aug 2015 02:21:39 GMT express deprecated req.param(name): Use req.params, req.body, or req.query instead at routes/utilities/auth.js:26:25
[0mPOST /register [36m303 [0m300.249 ms - -[0m
[0mGET / [32m200 [0m3.786 ms - 7797[0m
[0mGET /libs/font-awesome/font-awesome.css [36m304 [0m8.949 ms - -[0m
[0mGET /libs/bootstrap/css/bootstrap.css [36m304 [0m8.570 ms - -[0m
[0mGET /stylesheets/common.css [36m304 [0m9.146 ms - -[0m
[0mGET /images/logos/logo-main.png [36m304 [0m8.596 ms - -[0m
[0mGET /stylesheets/main.css [36m304 [0m9.437 ms - -[0m
[0mGET /libs/jquery/jquery-1.11.3.min.js [36m304 [0m2.230 ms - -[0m
[0mGET /libs/bootstrap/js/bootstrap.min.js [36m304 [0m4.716 ms - -[0m
[0mGET /libs/angular/angular-route.min.js [36m304 [0m5.292 ms - -[0m
[0mGET /javascripts/controllers/indexCTRL.js [36m304 [0m4.111 ms - -[0m
[0mGET /libs/angular/angular.min.js [36m304 [0m4.227 ms - -[0m
[0mGET /templates/common/navBar.html [36m304 [0m3.067 ms - -[0m
[0mGET /templates/common/footerBar.html [36m304 [0m2.769 ms - -[0m
[0mGET /images/favicons/favicon-16x16.png [36m304 [0m2.104 ms - -[0m
[0mGET /images/logo-ts.png [36m304 [0m1.923 ms - -[0m
[0mGET /libs/bootstrap/fonts/glyphicons-halflings-regular.woff2 [32m200 [0m2.260 ms - 18028[0m
[0mGET /images/favicons/favicon-96x96.png [36m304 [0m1.857 ms - -[0m
[0mGET /images/favicons/android-chrome-192x192.png [36m304 [0m3.228 ms - -[0m
[0mGET /admin [32m200 [0m3.652 ms - 4511[0m
[0mGET /libs/bootstrap-selector/js/bootstrap-select.min.js [32m200 [0m4.246 ms - 30062[0m
[0mGET /libs/bootstrap-selector/css/bootstrap-select.css [32m200 [0m3.772 ms - 6643[0m
[0mGET /libs/bootstrap/css/bootstrap.css [36m304 [0m4.428 ms - -[0m
[0mGET /libs/font-awesome/font-awesome.css [36m304 [0m4.134 ms - -[0m
[0mGET /stylesheets/common.css [36m304 [0m4.079 ms - -[0m
[0mGET /libs/jquery/jquery-1.11.3.min.js [36m304 [0m3.744 ms - -[0m
[0mGET /libs/bootstrap/js/bootstrap.min.js [36m304 [0m5.853 ms - -[0m
[0mGET /libs/angular/angular.min.js [36m304 [0m6.212 ms - -[0m
[0mGET /libs/angular/angular-route.min.js [36m304 [0m5.844 ms - -[0m
[0mGET /javascripts/controllers/adminCTRL.js [32m200 [0m7.124 ms - 14651[0m
[0mGET /templates/common/navBar.html [36m304 [0m3.619 ms - -[0m
[0mGET /templates/admin/mainView.html [32m200 [0m3.465 ms - 1805[0m
[0mGET /images/logo.png [36m304 [0m3.432 ms - -[0m
[0mGET /libs/bootstrap/fonts/glyphicons-halflings-regular.woff2 [36m304 [0m2.411 ms - -[0m
[0mGET /images/favicons/favicon-16x16.png [36m304 [0m1.894 ms - -[0m
[0mGET /images/favicons/favicon-96x96.png [36m304 [0m2.184 ms - -[0m
[0mGET /images/favicons/android-chrome-192x192.png [36m304 [0m1.883 ms - -[0m
[0mGET / [36m304 [0m4.070 ms - -[0m
[0mGET /libs/font-awesome/font-awesome.css [36m304 [0m7.847 ms - -[0m
[0mGET /libs/bootstrap/css/bootstrap.css [36m304 [0m8.121 ms - -[0m
[0mGET /stylesheets/main.css [36m304 [0m8.360 ms - -[0m
[0mGET /stylesheets/common.css [36m304 [0m8.131 ms - -[0m
[0mGET /images/logos/logo-main.png [36m304 [0m6.814 ms - -[0m
[0mGET /libs/jquery/jquery-1.11.3.min.js [36m304 [0m6.038 ms - -[0m
[0mGET /libs/bootstrap/js/bootstrap.min.js [36m304 [0m5.166 ms - -[0m
[0mGET /libs/angular/angular.min.js [36m304 [0m5.185 ms - -[0m
[0mGET /libs/angular/angular-route.min.js [36m304 [0m6.407 ms - -[0m
[0mGET /javascripts/controllers/indexCTRL.js [36m304 [0m6.439 ms - -[0m
[0mGET /templates/common/footerBar.html [36m304 [0m3.526 ms - -[0m
[0mGET /templates/common/navBar.html [36m304 [0m3.226 ms - -[0m
[0mGET /images/favicons/favicon-16x16.png [36m304 [0m1.934 ms - -[0m
[0mGET /images/logo-ts.png [36m304 [0m2.054 ms - -[0m
[0mGET /libs/bootstrap/fonts/glyphicons-halflings-regular.woff2 [36m304 [0m1.988 ms - -[0m
[0mGET /images/favicons/favicon-96x96.png [36m304 [0m1.958 ms - -[0m
[0mGET /images/favicons/android-chrome-192x192.png [36m304 [0m1.999 ms - -[0m
[0mGET /admin [36m304 [0m3.981 ms - -[0m
[0mGET /libs/bootstrap/css/bootstrap.css [36m304 [0m8.866 ms - -[0m
[0mGET /libs/font-awesome/font-awesome.css [36m304 [0m8.173 ms - -[0m
[0mGET /stylesheets/common.css [36m304 [0m7.831 ms - -[0m
[0mGET /libs/bootstrap-selector/css/bootstrap-select.css [36m304 [0m7.519 ms - -[0m
[0mGET /libs/bootstrap/js/bootstrap.min.js [36m304 [0m8.584 ms - -[0m
[0mGET /libs/jquery/jquery-1.11.3.min.js [36m304 [0m8.152 ms - -[0m
[0mGET /libs/bootstrap-selector/js/bootstrap-select.min.js [36m304 [0m2.571 ms - -[0m
[0mGET /libs/angular/angular-route.min.js [36m304 [0m2.630 ms - -[0m
[0mGET /libs/angular/angular.min.js [36m304 [0m2.827 ms - -[0m
[0mGET /javascripts/controllers/adminCTRL.js [36m304 [0m1.909 ms - -[0m
[0mGET /templates/common/navBar.html [36m304 [0m3.993 ms - -[0m
[0mGET /templates/admin/mainView.html [36m304 [0m3.153 ms - -[0m
[0mGET /images/logo.png [36m304 [0m4.924 ms - -[0m
[0mGET /libs/bootstrap/fonts/glyphicons-halflings-regular.woff2 [36m304 [0m4.641 ms - -[0m
[0mGET /images/favicons/favicon-16x16.png [36m304 [0m8.980 ms - -[0m
[0mGET /images/favicons/favicon-96x96.png [36m304 [0m2.583 ms - -[0m
[0mGET /images/favicons/android-chrome-192x192.png [36m304 [0m1.809 ms - -[0m
[0mGET / [36m304 [0m3.557 ms - -[0m
[0mGET /libs/font-awesome/font-awesome.css [36m304 [0m8.518 ms - -[0m
[0mGET /libs/bootstrap/css/bootstrap.css [36m304 [0m8.276 ms - -[0m
[0mGET /stylesheets/main.css [36m304 [0m6.381 ms - -[0m
[0mGET /libs/jquery/jquery-1.11.3.min.js [36m304 [0m5.966 ms - -[0m
[0mGET /stylesheets/common.css [36m304 [0m6.842 ms - -[0m
[0mGET /images/logos/logo-main.png [36m304 [0m6.526 ms - -[0m
[0mGET /libs/bootstrap/js/bootstrap.min.js [36m304 [0m5.698 ms - -[0m
[0mGET /libs/angular/angular-route.min.js [36m304 [0m5.864 ms - -[0m
[0mGET /libs/angular/angular.min.js [36m304 [0m5.882 ms - -[0m
[0mGET /javascripts/controllers/indexCTRL.js [36m304 [0m5.072 ms - -[0m
[0mGET /templates/common/navBar.html [36m304 [0m3.241 ms - -[0m
[0mGET /templates/common/footerBar.html [36m304 [0m2.416 ms - -[0m
[0mGET /images/favicons/favicon-16x16.png [36m304 [0m1.948 ms - -[0m
[0mGET /images/logo-ts.png [36m304 [0m1.741 ms - -[0m
[0mGET /libs/bootstrap/fonts/glyphicons-halflings-regular.woff2 [36m304 [0m2.239 ms - -[0m
[0mGET /images/favicons/favicon-96x96.png [36m304 [0m2.081 ms - -[0m
[0mGET /images/favicons/android-chrome-192x192.png [36m304 [0m2.499 ms - -[0m
[0mGET /soccer [32m200 [0m3.791 ms - 3590[0m
[0mGET /libs/bootstrap/css/bootstrap.css [36m304 [0m6.287 ms - -[0m
[0mGET /libs/jquery/jquery-1.11.3.min.js [36m304 [0m6.764 ms - -[0m
[0mGET /libs/font-awesome/font-awesome.css [36m304 [0m6.869 ms - -[0m
[0mGET /libs/angular/angular.min.js [36m304 [0m5.822 ms - -[0m
[0mGET /stylesheets/common.css [36m304 [0m5.921 ms - -[0m
[0mGET /libs/bootstrap/js/bootstrap.min.js [36m304 [0m5.917 ms - -[0m
[0mGET /libs/angular/angular-route.min.js [36m304 [0m1.993 ms - -[0m
[0mGET /javascripts/controllers/sportsCTRL.js [32m200 [0m2.993 ms - 6892[0m
[0mGET /search/competitions/side [32m200 [0m4.135 ms - 2[0m
[0mGET /templates/common/navBar.html [36m304 [0m2.348 ms - -[0m
[0mGET /templates/sports/mainView.html [36m304 [0m2.367 ms - -[0m
[0mGET /templates/common/side.html [32m200 [0m3.175 ms - 3963[0m
[0mGET /images/logo.png [36m304 [0m6.856 ms - -[0m
[0mGET /soccer/competitions [32m200 [0m9.597 ms - 2[0m
[0mGET /templates/sports/courts.html [36m304 [0m5.816 ms - -[0m
[0mGET /images/favicons/favicon-16x16.png [36m304 [0m7.359 ms - -[0m
[0mGET /templates/sports/competitions.html [32m200 [0m10.058 ms - 3966[0m
[0mGET /templates/sports/clubs.html [36m304 [0m7.252 ms - -[0m
[0mGET /libs/bootstrap/fonts/glyphicons-halflings-regular.woff2 [36m304 [0m2.001 ms - -[0m
[0mGET /images/favicons/favicon-96x96.png [36m304 [0m1.786 ms - -[0m
[0mGET /images/favicons/android-chrome-192x192.png [36m304 [0m2.288 ms - -[0m
[0mGET / [36m304 [0m3.837 ms - -[0m
[0mGET /libs/bootstrap/css/bootstrap.css [36m304 [0m3.305 ms - -[0m
[0mGET /libs/font-awesome/font-awesome.css [36m304 [0m3.261 ms - -[0m
[0mGET /stylesheets/main.css [36m304 [0m4.413 ms - -[0m
[0mGET /stylesheets/common.css [36m304 [0m5.264 ms - -[0m
[0mGET /images/logos/logo-main.png [36m304 [0m4.942 ms - -[0m
[0mGET /libs/jquery/jquery-1.11.3.min.js [36m304 [0m4.041 ms - -[0m
[0mGET /libs/bootstrap/js/bootstrap.min.js [36m304 [0m2.010 ms - -[0m
[0mGET /libs/angular/angular.min.js [36m304 [0m2.010 ms - -[0m
[0mGET /javascripts/controllers/indexCTRL.js [36m304 [0m3.214 ms - -[0m
[0mGET /libs/angular/angular-route.min.js [36m304 [0m3.292 ms - -[0m
[0mGET /templates/common/navBar.html [36m304 [0m4.586 ms - -[0m
[0mGET /templates/common/footerBar.html [36m304 [0m4.078 ms - -[0m
[0mGET /images/favicons/favicon-16x16.png [36m304 [0m2.610 ms - -[0m
[0mGET /images/logo-ts.png [36m304 [0m3.812 ms - -[0m
[0mGET /libs/bootstrap/fonts/glyphicons-halflings-regular.woff2 [36m304 [0m3.116 ms - -[0m
[0mGET /images/favicons/favicon-96x96.png [36m304 [0m2.512 ms - -[0m
[0mGET /images/favicons/android-chrome-192x192.png [36m304 [0m1.969 ms - -[0m
[0mGET /admin [36m304 [0m3.280 ms - -[0m
[0mGET /libs/bootstrap/css/bootstrap.css [36m304 [0m2.963 ms - -[0m
[0mGET /libs/font-awesome/font-awesome.css [36m304 [0m2.485 ms - -[0m
[0mGET /libs/bootstrap-selector/css/bootstrap-select.css [36m304 [0m7.223 ms - -[0m
[0mGET /stylesheets/common.css [36m304 [0m6.808 ms - -[0m
[0mGET /libs/bootstrap/js/bootstrap.min.js [36m304 [0m7.005 ms - -[0m
[0mGET /libs/jquery/jquery-1.11.3.min.js [36m304 [0m6.910 ms - -[0m
[0mGET /libs/bootstrap-selector/js/bootstrap-select.min.js [36m304 [0m4.145 ms - -[0m
[0mGET /libs/angular/angular.min.js [36m304 [0m2.729 ms - -[0m
[0mGET /libs/angular/angular-route.min.js [36m304 [0m2.372 ms - -[0m
[0mGET /javascripts/controllers/adminCTRL.js [36m304 [0m2.423 ms - -[0m
[0mGET /templates/admin/mainView.html [36m304 [0m3.524 ms - -[0m
[0mGET /templates/common/navBar.html [36m304 [0m3.286 ms - -[0m
[0mGET /images/logo.png [36m304 [0m3.684 ms - -[0m
[0mGET /libs/bootstrap/fonts/glyphicons-halflings-regular.woff2 [36m304 [0m3.161 ms - -[0m
[0mGET /images/favicons/favicon-16x16.png [36m304 [0m9.459 ms - -[0m
[0mGET /images/favicons/favicon-96x96.png [36m304 [0m2.352 ms - -[0m
[0mGET /images/favicons/android-chrome-192x192.png [36m304 [0m1.969 ms - -[0m
[0mGET /libs/bootstrap/css/bootstrap.css [36m304 [0m6.012 ms - -[0m
[0mGET /stylesheets/common.css [36m304 [0m5.629 ms - -[0m
[0mGET /libs/bootstrap-selector/css/bootstrap-select.css [36m304 [0m5.863 ms - -[0m
[0mGET /libs/font-awesome/font-awesome.css [36m304 [0m5.855 ms - -[0m
[0mGET /libs/bootstrap-selector/js/bootstrap-select.js.map [32m200 [0m4.792 ms - 33531[0m
[0mGET /libs/angular/angular-route.min.js.map [32m200 [0m4.869 ms - 9836[0m
[0mGET /libs/bootstrap-selector/css/bootstrap-select.css.map [32m200 [0m3.613 ms - 14475[0m
[0mGET /libs/angular/angular.min.js.map [32m200 [0m140.095 ms - 270501[0m
[0mGET /libs/bootstrap/css/bootstrap.css.map [32m200 [0m241.781 ms - 379710[0m
[Error: /home/ubuntu/rookie/rookie/node_modules/mongojs/node_modules/mongodb/node_modules/bson/build/Release/bson.node: invalid ELF header]
js-bson: Failed to load c++ bson extension, using pure JS version
Option log level is not valid. Please refer to the README.
Wed, 19 Aug 2015 02:24:36 GMT body-parser deprecated bodyParser: use individual json/urlencoded middlewares at app.js:81:9
Wed, 19 Aug 2015 02:24:36 GMT body-parser deprecated undefined extended: provide extended option at node_modules/body-parser/index.js:85:29
Wed, 19 Aug 2015 02:24:36 GMT express-session deprecated undefined resave option; provide resave option at app.js:85:9
Wed, 19 Aug 2015 02:24:36 GMT express-session deprecated undefined saveUninitialized option; provide saveUninitialized option at app.js:85:9
Wed, 19 Aug 2015 02:24:36 GMT express-session deprecated req.secret; provide secret option at app.js:85:9
Option log level is not valid. Please refer to the README.
[0mGET / [36m304 [0m43.137 ms - -[0m
[0mGET /libs/bootstrap/css/bootstrap.css [36m304 [0m9.893 ms - -[0m
[0mGET /stylesheets/main.css [36m304 [0m9.208 ms - -[0m
[0mGET /libs/font-awesome/font-awesome.css [36m304 [0m9.568 ms - -[0m
[0mGET /stylesheets/common.css [36m304 [0m9.330 ms - -[0m
[0mGET /images/logos/logo-main.png [36m304 [0m9.456 ms - -[0m
[0mGET /libs/jquery/jquery-1.11.3.min.js [36m304 [0m10.063 ms - -[0m
[0mGET /libs/angular/angular.min.js [36m304 [0m8.844 ms - -[0m
[0mGET /libs/bootstrap/js/bootstrap.min.js [36m304 [0m6.906 ms - -[0m
[0mGET /javascripts/controllers/indexCTRL.js [36m304 [0m7.147 ms - -[0m
[0mGET /libs/angular/angular-route.min.js [36m304 [0m6.316 ms - -[0m
[0mGET /libs/bootstrap/css/bootstrap.css.map [36m304 [0m1.822 ms - -[0m
[0mGET /templates/common/navBar.html [36m304 [0m4.682 ms - -[0m
[0mGET /templates/common/footerBar.html [36m304 [0m4.443 ms - -[0m
[0mGET /libs/angular/angular.min.js.map [36m304 [0m3.437 ms - -[0m
[0mGET /libs/angular/angular-route.min.js.map [36m304 [0m2.145 ms - -[0m
[0mGET /images/logo-ts.png [36m304 [0m4.310 ms - -[0m
[0mGET /images/favicons/favicon-16x16.png [36m304 [0m3.957 ms - -[0m
[0mGET /libs/bootstrap/fonts/glyphicons-halflings-regular.woff2 [36m304 [0m1.705 ms - -[0m
[0mGET /images/favicons/favicon-96x96.png [36m304 [0m2.422 ms - -[0m
[0mGET /images/favicons/android-chrome-192x192.png [36m304 [0m1.858 ms - -[0m
[0mGET /admin [36m304 [0m4.771 ms - -[0m
[0mGET /libs/font-awesome/font-awesome.css [36m304 [0m7.909 ms - -[0m
[0mGET /libs/bootstrap-selector/css/bootstrap-select.css [36m304 [0m8.928 ms - -[0m
[0mGET /libs/bootstrap/css/bootstrap.css [36m304 [0m9.214 ms - -[0m
[0mGET /stylesheets/common.css [36m304 [0m7.351 ms - -[0m
[0mGET /libs/bootstrap/js/bootstrap.min.js [36m304 [0m7.472 ms - -[0m
[0mGET /libs/jquery/jquery-1.11.3.min.js [36m304 [0m7.114 ms - -[0m
[0mGET /libs/bootstrap-selector/js/bootstrap-select.min.js [36m304 [0m2.715 ms - -[0m
[0mGET /libs/angular/angular.min.js [36m304 [0m2.095 ms - -[0m
[0mGET /libs/angular/angular-route.min.js [36m304 [0m4.715 ms - -[0m
[0mGET /javascripts/controllers/adminCTRL.js [32m200 [0m7.294 ms - 14630[0m
[0mGET /libs/bootstrap/css/bootstrap.css.map [36m304 [0m4.503 ms - -[0m
[0mGET /libs/bootstrap-selector/css/bootstrap-select.css.map [36m304 [0m3.749 ms - -[0m
[0mGET /libs/bootstrap-selector/js/bootstrap-select.js.map [36m304 [0m2.643 ms - -[0m
[0mGET /libs/angular/angular.min.js.map [36m304 [0m3.140 ms - -[0m
[0mGET /libs/angular/angular-route.min.js.map [36m304 [0m2.998 ms - -[0m
[0mGET /templates/common/navBar.html [36m304 [0m2.443 ms - -[0m
[0mGET /templates/admin/mainView.html [36m304 [0m1.706 ms - -[0m
[0mGET /images/logo.png [36m304 [0m1.683 ms - -[0m
[0mGET /libs/bootstrap/fonts/glyphicons-halflings-regular.woff2 [36m304 [0m1.660 ms - -[0m
[0mGET /images/favicons/favicon-16x16.png [36m304 [0m1.761 ms - -[0m
[0mGET /images/favicons/favicon-96x96.png [36m304 [0m2.065 ms - -[0m
[0mGET /images/favicons/android-chrome-192x192.png [36m304 [0m2.454 ms - -[0m
[0mPOST /admin [32m200 [0m13.056 ms - 15[0m
[0mGET /admin/totalnum/info [32m200 [0m5.674 ms - 50[0m
[0mGET /admin/totalnum/userlist [32m200 [0m7.810 ms - 11[0m
[0mGET /admin/totalnum/ads [32m200 [0m7.403 ms - 11[0m
[0mGET /admin/totalnum/noti [32m200 [0m8.075 ms - 11[0m
[0mGET /search/competitions/false [32m200 [0m7.395 ms - 2[0m
[0mGET /admin/totalnum/query [32m200 [0m7.484 ms - 11[0m
[0mGET /templates/admin/side.html [32m200 [0m2.827 ms - 815[0m
[0mGET /templates/admin/newInfo/competitions.html [32m200 [0m7.829 ms - 3780[0m
[0mGET /templates/admin/newInfo/courts.html [32m200 [0m9.535 ms - 3796[0m
[0mGET /templates/admin/newInfo/clubs.html [32m200 [0m7.905 ms - 3805[0m
[0mGET /templates/admin/newInfo/rejects.html [32m200 [0m6.368 ms - 519[0m
[0mGET /admin/totalnum/info [36m304 [0m8.127 ms - -[0m
[0mGET /templates/admin/userlistView.html [32m200 [0m2.555 ms - 1267[0m
[0mGET /images/favicons/favicon-16x16.png [36m304 [0m1.616 ms - -[0m
[0mGET /images/favicons/favicon-96x96.png [36m304 [0m2.055 ms - -[0m
----------------
[0mGET /admin/getInfo/userlist [32m200 [0m3.489 ms - 229[0m
[0mGET /images/favicons/android-chrome-192x192.png [36m304 [0m1.795 ms - -[0m
[0mGET /templates/admin/notiView.html [32m200 [0m3.254 ms - 2191[0m
[0mGET /images/favicons/favicon-16x16.png [36m304 [0m1.750 ms - -[0m
[0mGET /images/favicons/favicon-96x96.png [36m304 [0m2.139 ms - -[0m
[0mGET /admin/getInfo/noti [32m200 [0m3.917 ms - 2[0m
[0mGET /images/favicons/android-chrome-192x192.png [36m304 [0m3.396 ms - -[0m
[0mGET /templates/admin/queryView.html [32m200 [0m2.615 ms - 1052[0m
[0mGET /images/favicons/favicon-16x16.png [36m304 [0m1.880 ms - -[0m
[0mGET /images/favicons/favicon-96x96.png [36m304 [0m2.976 ms - -[0m
[0mGET /admin/getInfo/query [32m200 [0m2.864 ms - 2[0m
[0mGET /images/favicons/android-chrome-192x192.png [36m304 [0m2.209 ms - -[0m
[0mGET /templates/admin/adsView.html [32m200 [0m2.559 ms - 1136[0m
[0mGET /images/favicons/favicon-16x16.png [36m304 [0m1.919 ms - -[0m
[0mGET /images/favicons/favicon-96x96.png [36m304 [0m2.111 ms - -[0m
[0mGET /admin/getInfo/ads [32m200 [0m2.851 ms - 2[0m
[0mGET /images/favicons/android-chrome-192x192.png [36m304 [0m1.638 ms - -[0m
[0mGET /search/competitions/false [36m304 [0m3.913 ms - -[0m
[0mGET /admin/totalnum/info [36m304 [0m10.057 ms - -[0m
[0mGET /images/favicons/favicon-16x16.png [36m304 [0m1.814 ms - -[0m
[0mGET /images/favicons/favicon-96x96.png [36m304 [0m1.926 ms - -[0m
[0mGET /images/favicons/android-chrome-192x192.png [36m304 [0m1.728 ms - -[0m
[0mGET /admin/getInfo/ads [36m304 [0m3.503 ms - -[0m
[0mGET /images/favicons/favicon-16x16.png [36m304 [0m1.705 ms - -[0m
[0mGET /images/favicons/favicon-96x96.png [36m304 [0m3.188 ms - -[0m
[0mGET /images/favicons/android-chrome-192x192.png [36m304 [0m1.993 ms - -[0m
[0mGET /search/competitions/false [36m304 [0m3.910 ms - -[0m
[0mGET /admin/totalnum/info [36m304 [0m5.857 ms - -[0m
[0mGET /images/favicons/favicon-16x16.png [36m304 [0m2.241 ms - -[0m
[0mGET /images/favicons/favicon-96x96.png [36m304 [0m2.185 ms - -[0m
[0mGET /images/favicons/android-chrome-192x192.png [36m304 [0m1.917 ms - -[0m
[0mGET /admin/totalnum/info [36m304 [0m5.861 ms - -[0m
[0mGET /search/rejects/rejected [32m200 [0m4.905 ms - 2[0m
[0mGET /images/favicons/favicon-16x16.png [36m304 [0m1.619 ms - -[0m
[0mGET /images/favicons/favicon-96x96.png [36m304 [0m2.544 ms - -[0m
[0mGET /images/favicons/android-chrome-192x192.png [36m304 [0m2.127 ms - -[0m
[0mGET / [36m304 [0m2.846 ms - -[0m
[0mGET /libs/bootstrap/css/bootstrap.css [36m304 [0m10.268 ms - -[0m
[0mGET /libs/font-awesome/font-awesome.css [36m304 [0m9.512 ms - -[0m
[0mGET /stylesheets/main.css [36m304 [0m10.370 ms - -[0m
[0mGET /stylesheets/common.css [36m304 [0m7.479 ms - -[0m
[0mGET /images/logos/logo-main.png [36m304 [0m7.724 ms - -[0m
[0mGET /libs/jquery/jquery-1.11.3.min.js [36m304 [0m6.732 ms - -[0m
[0mGET /libs/bootstrap/js/bootstrap.min.js [36m304 [0m4.693 ms - -[0m
[0mGET /libs/angular/angular.min.js [36m304 [0m4.760 ms - -[0m
[0mGET /libs/angular/angular-route.min.js [36m304 [0m4.789 ms - -[0m
[0mGET /javascripts/controllers/indexCTRL.js [36m304 [0m3.922 ms - -[0m
[0mGET /libs/bootstrap/css/bootstrap.css.map [36m304 [0m3.533 ms - -[0m
[0mGET /libs/angular/angular.min.js.map [36m304 [0m2.267 ms - -[0m
[0mGET /libs/angular/angular-route.min.js.map [36m304 [0m2.198 ms - -[0m
[0mGET /templates/common/navBar.html [36m304 [0m2.060 ms - -[0m
[0mGET /templates/common/footerBar.html [36m304 [0m2.075 ms - -[0m
[0mGET /images/favicons/favicon-16x16.png [36m304 [0m3.258 ms - -[0m
[0mGET /images/logo-ts.png [36m304 [0m2.966 ms - -[0m
[0mGET /libs/bootstrap/fonts/glyphicons-halflings-regular.woff2 [36m304 [0m2.436 ms - -[0m
[0mGET /images/favicons/favicon-96x96.png [36m304 [0m1.723 ms - -[0m
[0mGET /images/favicons/android-chrome-192x192.png [36m304 [0m1.911 ms - -[0m
[0mGET /basketball [32m200 [0m3.122 ms - 3590[0m
[0mGET /libs/bootstrap/css/bootstrap.css [36m304 [0m3.654 ms - -[0m
[0mGET /libs/font-awesome/font-awesome.css [36m304 [0m3.334 ms - -[0m
[0mGET /stylesheets/common.css [36m304 [0m3.896 ms - -[0m
[0mGET /libs/bootstrap/js/bootstrap.min.js [36m304 [0m3.490 ms - -[0m
[0mGET /libs/jquery/jquery-1.11.3.min.js [36m304 [0m3.883 ms - -[0m
[0mGET /libs/angular/angular.min.js [36m304 [0m3.580 ms - -[0m
[0mGET /libs/angular/angular-route.min.js [36m304 [0m2.255 ms - -[0m
[0mGET /javascripts/controllers/sportsCTRL.js [36m304 [0m1.896 ms - -[0m
[0mGET /libs/bootstrap/css/bootstrap.css.map [36m304 [0m1.856 ms - -[0m
[0mGET /libs/angular/angular.min.js.map [36m304 [0m1.742 ms - -[0m
[0mGET /libs/angular/angular-route.min.js.map [36m304 [0m1.775 ms - -[0m
[0mGET /templates/common/side.html [36m304 [0m14.538 ms - -[0m
[0mGET /templates/common/navBar.html [36m304 [0m10.578 ms - -[0m
[0mGET /search/competitions/side [36m304 [0m18.353 ms - -[0m
[0mGET /templates/sports/mainView.html [36m304 [0m9.905 ms - -[0m
[0mGET /images/logo.png [36m304 [0m2.315 ms - -[0m
[0mGET /templates/sports/competitions.html [36m304 [0m3.749 ms - -[0m
[0mGET /basketball/competitions [36m304 [0m3.427 ms - -[0m
[0mGET /templates/sports/clubs.html [36m304 [0m3.021 ms - -[0m
[0mGET /templates/sports/courts.html [36m304 [0m2.803 ms - -[0m
[0mGET /libs/bootstrap/fonts/glyphicons-halflings-regular.woff2 [36m304 [0m2.409 ms - -[0m
[0mGET /images/favicons/favicon-16x16.png [36m304 [0m1.677 ms - -[0m
[0mGET /images/favicons/favicon-96x96.png [36m304 [0m1.792 ms - -[0m
[0mGET /images/favicons/android-chrome-192x192.png [36m304 [0m3.019 ms - -[0m
[0mGET / [36m304 [0m2.969 ms - -[0m
[0mGET /libs/bootstrap/css/bootstrap.css [36m304 [0m3.029 ms - -[0m
[0mGET /libs/font-awesome/font-awesome.css [36m304 [0m2.730 ms - -[0m
[0mGET /stylesheets/main.css [36m304 [0m4.515 ms - -[0m
[0mGET /libs/jquery/jquery-1.11.3.min.js [36m304 [0m4.270 ms - -[0m
[0mGET /stylesheets/common.css [36m304 [0m4.456 ms - -[0m
[0mGET /images/logos/logo-main.png [36m304 [0m4.126 ms - -[0m
[0mGET /libs/angular/angular.min.js [36m304 [0m2.992 ms - -[0m
[0mGET /libs/bootstrap/js/bootstrap.min.js [36m304 [0m2.676 ms - -[0m
[0mGET /libs/angular/angular-route.min.js [36m304 [0m2.631 ms - -[0m
[0mGET /javascripts/controllers/indexCTRL.js [36m304 [0m2.466 ms - -[0m
[0mGET /libs/bootstrap/css/bootstrap.css.map [36m304 [0m1.587 ms - -[0m
[0mGET /libs/angular/angular.min.js.map [36m304 [0m2.191 ms - -[0m
[0mGET /templates/common/navBar.html [36m304 [0m2.554 ms - -[0m
[0mGET /templates/common/footerBar.html [36m304 [0m2.374 ms - -[0m
[0mGET /libs/angular/angular-route.min.js.map [36m304 [0m2.660 ms - -[0m
[0mGET /images/favicons/favicon-16x16.png [36m304 [0m2.029 ms - -[0m
[0mGET /images/logo-ts.png [36m304 [0m2.102 ms - -[0m
[0mGET /libs/bootstrap/fonts/glyphicons-halflings-regular.woff2 [36m304 [0m1.814 ms - -[0m
[0mGET /images/favicons/favicon-96x96.png [36m304 [0m1.771 ms - -[0m
[0mGET /images/favicons/android-chrome-192x192.png [36m304 [0m1.586 ms - -[0m
[0mGET /baseball [32m200 [0m2.772 ms - 3590[0m
[0mGET /libs/bootstrap/css/bootstrap.css [36m304 [0m5.130 ms - -[0m
[0mGET /stylesheets/common.css [36m304 [0m3.168 ms - -[0m
[0mGET /libs/font-awesome/font-awesome.css [36m304 [0m3.198 ms - -[0m
[0mGET /libs/jquery/jquery-1.11.3.min.js [36m304 [0m2.832 ms - -[0m
[0mGET /libs/bootstrap/js/bootstrap.min.js [36m304 [0m4.096 ms - -[0m
[0mGET /libs/angular/angular.min.js [36m304 [0m2.189 ms - -[0m
[0mGET /javascripts/controllers/sportsCTRL.js [36m304 [0m2.735 ms - -[0m
[0mGET /libs/angular/angular-route.min.js [36m304 [0m2.494 ms - -[0m
[0mGET /libs/bootstrap/css/bootstrap.css.map [36m304 [0m1.682 ms - -[0m
[0mGET /libs/angular/angular.min.js.map [36m304 [0m2.161 ms - -[0m
[0mGET /libs/angular/angular-route.min.js.map [36m304 [0m1.594 ms - -[0m
[0mGET /search/competitions/side [36m304 [0m2.547 ms - -[0m
[0mGET /templates/common/side.html [36m304 [0m2.445 ms - -[0m
[0mGET /templates/common/navBar.html [36m304 [0m2.254 ms - -[0m
[0mGET /templates/sports/mainView.html [36m304 [0m1.569 ms - -[0m
[0mGET /images/logo.png [36m304 [0m2.074 ms - -[0m
[0mGET /templates/sports/competitions.html [36m304 [0m2.866 ms - -[0m
[0mGET /baseball/competitions [32m200 [0m4.033 ms - 2[0m
[0mGET /templates/sports/clubs.html [36m304 [0m2.067 ms - -[0m
[0mGET /templates/sports/courts.html [36m304 [0m1.954 ms - -[0m
[0mGET /images/favicons/favicon-16x16.png [36m304 [0m3.002 ms - -[0m
[0mGET /libs/bootstrap/fonts/glyphicons-halflings-regular.woff2 [36m304 [0m2.660 ms - -[0m
[0mGET /images/favicons/favicon-96x96.png [36m304 [0m2.098 ms - -[0m
[0mGET /images/favicons/android-chrome-192x192.png [36m304 [0m2.110 ms - -[0m
[0mGET / [36m304 [0m3.438 ms - -[0m
[0mGET /libs/bootstrap/css/bootstrap.css [36m304 [0m7.362 ms - -[0m
[0mGET /libs/font-awesome/font-awesome.css [36m304 [0m7.717 ms - -[0m
[0mGET /stylesheets/main.css [36m304 [0m7.136 ms - -[0m
[0mGET /libs/jquery/jquery-1.11.3.min.js [36m304 [0m6.809 ms - -[0m
[0mGET /stylesheets/common.css [36m304 [0m6.786 ms - -[0m
[0mGET /images/logos/logo-main.png [36m304 [0m6.837 ms - -[0m
[0mGET /libs/bootstrap/js/bootstrap.min.js [36m304 [0m1.800 ms - -[0m
[0mGET /libs/angular/angular.min.js [36m304 [0m7.205 ms - -[0m
[0mGET /javascripts/controllers/indexCTRL.js [36m304 [0m5.959 ms - -[0m
[0mGET /libs/angular/angular-route.min.js [36m304 [0m5.673 ms - -[0m
[0mGET /libs/bootstrap/css/bootstrap.css.map [36m304 [0m5.501 ms - -[0m
[0mGET /libs/angular/angular.min.js.map [36m304 [0m9.967 ms - -[0m
[0mGET /templates/common/navBar.html [36m304 [0m2.620 ms - -[0m
[0mGET /templates/common/footerBar.html [36m304 [0m2.173 ms - -[0m
[0mGET /libs/angular/angular-route.min.js.map [36m304 [0m2.415 ms - -[0m
[0mGET /images/favicons/favicon-16x16.png [36m304 [0m2.818 ms - -[0m
[0mGET /images/logo-ts.png [36m304 [0m2.534 ms - -[0m
[0mGET /libs/bootstrap/fonts/glyphicons-halflings-regular.woff2 [36m304 [0m1.940 ms - -[0m
[0mGET /images/favicons/favicon-96x96.png [36m304 [0m2.247 ms - -[0m
[0mGET /images/favicons/android-chrome-192x192.png [36m304 [0m2.156 ms - -[0m
[0mGET / [36m304 [0m4.213 ms - -[0m
[0mGET /stylesheets/main.css [36m304 [0m5.032 ms - -[0m
[0mGET /images/logos/logo-main.png [36m304 [0m4.639 ms - -[0m
[0mGET /libs/bootstrap/css/bootstrap.css [36m304 [0m5.231 ms - -[0m
[0mGET /stylesheets/common.css [36m304 [0m4.884 ms - -[0m
[0mGET /libs/jquery/jquery-1.11.3.min.js [36m304 [0m4.533 ms - -[0m
[0mGET /libs/font-awesome/font-awesome.css [36m304 [0m4.309 ms - -[0m
[0mGET /libs/angular/angular.min.js [36m304 [0m1.048 ms - -[0m
[0mGET /javascripts/controllers/indexCTRL.js [36m304 [0m2.303 ms - -[0m
[0mGET /libs/angular/angular-route.min.js [36m304 [0m2.901 ms - -[0m
[0mGET /libs/bootstrap/js/bootstrap.min.js [36m304 [0m2.592 ms - -[0m
[0mGET /templates/common/footerBar.html [36m304 [0m1.151 ms - -[0m
[0mGET /images/favicons/favicon-16x16.png [32m200 [0m1.316 ms - 1284[0m
[0mGET /images/logo-ts.png [36m304 [0m1.071 ms - -[0m
[0mGET /images/favicons/favicon-96x96.png [36m304 [0m1.204 ms - -[0m
[0mGET /images/favicons/android-chrome-192x192.png [36m304 [0m1.020 ms - -[0m
[0mGET /login [32m200 [0m3.887 ms - 4277[0m
[0mGET /libs/bootstrap/css/bootstrap.css [36m304 [0m2.973 ms - -[0m
[0mGET /stylesheets/common.css [36m304 [0m3.461 ms - -[0m
[0mGET /images/logo-ll.png [32m200 [0m5.098 ms - 13270[0m
[0mGET /stylesheets/ll.css [32m200 [0m4.782 ms - 174[0m
[0mGET /libs/jquery/jquery-1.11.3.min.js [36m304 [0m1.639 ms - -[0m
[0mGET /javascripts/controllers/commonCTRL.js [32m200 [0m1.864 ms - 1762[0m
[0mGET /libs/bootstrap/js/bootstrap.min.js [36m304 [0m0.815 ms - -[0m
[0mGET /libs/angular/angular.min.js [36m304 [0m1.034 ms - -[0m
[0mGET /libs/angular/angular-route.min.js [36m304 [0m1.086 ms - -[0m
[0mGET /templates/common/footerBar.html [36m304 [0m1.304 ms - -[0m
[0mGET /images/favicons/favicon-16x16.png [36m304 [0m0.881 ms - -[0m
[0mGET /images/logo-ts.png [36m304 [0m1.046 ms - -[0m
[0mGET /images/favicons/favicon-96x96.png [36m304 [0m1.041 ms - -[0m
[0mGET /images/favicons/android-chrome-192x192.png [36m304 [0m1.196 ms - -[0m
[0mPOST /login [36m303 [0m7.796 ms - -[0m
[0mGET / [32m200 [0m3.916 ms - 7797[0m
[0mGET /libs/font-awesome/font-awesome.css [36m304 [0m6.862 ms - -[0m
[0mGET /libs/bootstrap/css/bootstrap.css [36m304 [0m7.213 ms - -[0m
[0mGET /stylesheets/common.css [36m304 [0m7.320 ms - -[0m
[0mGET /stylesheets/main.css [36m304 [0m6.062 ms - -[0m
[0mGET /images/logos/logo-main.png [36m304 [0m6.190 ms - -[0m
[0mGET /libs/jquery/jquery-1.11.3.min.js [36m304 [0m1.781 ms - -[0m
[0mGET /libs/angular/angular.min.js [36m304 [0m5.610 ms - -[0m
[0mGET /javascripts/controllers/indexCTRL.js [36m304 [0m4.651 ms - -[0m
[0mGET /libs/bootstrap/js/bootstrap.min.js [36m304 [0m5.066 ms - -[0m
[0mGET /libs/angular/angular-route.min.js [36m304 [0m4.860 ms - -[0m
[0mGET /templates/common/footerBar.html [36m304 [0m3.123 ms - -[0m
[0mGET /templates/common/navBar.html [36m304 [0m2.794 ms - -[0m
[0mGET /images/favicons/favicon-16x16.png [36m304 [0m2.001 ms - -[0m
[0mGET /images/logo-ts.png [36m304 [0m2.226 ms - -[0m
[0mGET /libs/bootstrap/fonts/glyphicons-halflings-regular.woff2 [32m200 [0m2.424 ms - 18028[0m
[0mGET /images/favicons/favicon-96x96.png [36m304 [0m1.973 ms - -[0m
[0mGET /images/favicons/android-chrome-192x192.png [36m304 [0m1.985 ms - -[0m
[0mGET /admin [32m200 [0m3.510 ms - 4511[0m
[0mGET /libs/bootstrap/css/bootstrap.css [36m304 [0m5.629 ms - -[0m
[0mGET /stylesheets/common.css [36m304 [0m6.174 ms - -[0m
[0mGET /libs/bootstrap-selector/css/bootstrap-select.css [32m200 [0m8.126 ms - 6643[0m
[0mGET /libs/font-awesome/font-awesome.css [36m304 [0m5.696 ms - -[0m
[0mGET /libs/bootstrap-selector/js/bootstrap-select.min.js [32m200 [0m8.233 ms - 30062[0m
[0mGET /libs/jquery/jquery-1.11.3.min.js [36m304 [0m1.916 ms - -[0m
[0mGET /libs/bootstrap/js/bootstrap.min.js [36m304 [0m3.054 ms - -[0m
[0mGET /javascripts/controllers/adminCTRL.js [32m200 [0m3.364 ms - 14630[0m
[0mGET /libs/angular/angular-route.min.js [36m304 [0m2.289 ms - -[0m
[0mGET /libs/angular/angular.min.js [36m304 [0m2.131 ms - -[0m
[0mGET /templates/common/navBar.html [36m304 [0m2.544 ms - -[0m
[0mGET /templates/admin/mainView.html [32m200 [0m2.238 ms - 1805[0m
[0mGET /images/favicons/favicon-16x16.png [36m304 [0m2.123 ms - -[0m
[0mGET /images/logo.png [36m304 [0m2.490 ms - -[0m
[0mGET /libs/bootstrap/fonts/glyphicons-halflings-regular.woff2 [36m304 [0m2.291 ms - -[0m
[0mGET /images/favicons/favicon-96x96.png [36m304 [0m2.596 ms - -[0m
[0mGET /images/favicons/android-chrome-192x192.png [36m304 [0m1.881 ms - -[0m
[0mPOST /admin [32m200 [0m3.928 ms - 15[0m
[0mGET /admin/totalnum/info [32m200 [0m4.833 ms - 50[0m
[0mGET /admin/totalnum/ads [32m200 [0m3.734 ms - 11[0m
[0mGET /admin/totalnum/query [32m200 [0m4.006 ms - 11[0m
[0mGET /admin/totalnum/userlist [32m200 [0m5.754 ms - 11[0m
[0mGET /admin/totalnum/noti [32m200 [0m4.963 ms - 11[0m
[0mGET /search/competitions/false [32m200 [0m5.077 ms - 2[0m
[0mGET /templates/admin/side.html [32m200 [0m2.462 ms - 815[0m
[0mGET /templates/admin/newInfo/competitions.html [32m200 [0m3.373 ms - 3780[0m
[0mGET /templates/admin/newInfo/courts.html [32m200 [0m2.993 ms - 3796[0m
[0mGET /templates/admin/newInfo/clubs.html [32m200 [0m3.367 ms - 3805[0m
[0mGET /templates/admin/newInfo/rejects.html [32m200 [0m2.225 ms - 519[0m
[0mGET /admin/totalnum/info [36m304 [0m3.763 ms - -[0m
[0mGET /templates/admin/userlistView.html [32m200 [0m3.092 ms - 1267[0m
[0mGET /images/favicons/favicon-16x16.png [36m304 [0m1.836 ms - -[0m
[0mGET /images/favicons/favicon-96x96.png [36m304 [0m1.870 ms - -[0m
----------------
[0mGET /admin/getInfo/userlist [32m200 [0m3.282 ms - 229[0m
[0mGET /images/favicons/android-chrome-192x192.png [36m304 [0m1.909 ms - -[0m
[0mGET /admin [32m200 [0m4.133 ms - 4511[0m
[0mGET /libs/bootstrap/css/bootstrap.css [36m304 [0m5.809 ms - -[0m
[0mGET /libs/font-awesome/font-awesome.css [36m304 [0m5.813 ms - -[0m
[0mGET /stylesheets/common.css [36m304 [0m5.651 ms - -[0m
[0mGET /libs/bootstrap-selector/css/bootstrap-select.css [36m304 [0m5.630 ms - -[0m
[0mGET /libs/jquery/jquery-1.11.3.min.js [36m304 [0m4.128 ms - -[0m
[0mGET /libs/bootstrap/js/bootstrap.min.js [36m304 [0m1.938 ms - -[0m
[0mGET /libs/bootstrap-selector/js/bootstrap-select.min.js [36m304 [0m5.554 ms - -[0m
[0mGET /javascripts/controllers/adminCTRL.js [36m304 [0m4.520 ms - -[0m
[0mGET /libs/angular/angular.min.js [36m304 [0m4.787 ms - -[0m
[0mGET /libs/angular/angular-route.min.js [36m304 [0m4.314 ms - -[0m
[0mGET /templates/common/navBar.html [36m304 [0m2.074 ms - -[0m
[0mGET /templates/admin/userlistView.html [36m304 [0m1.859 ms - -[0m
[0mGET /images/favicons/favicon-16x16.png [32m200 [0m2.543 ms - 1284[0m
[0mGET /images/logo.png [36m304 [0m2.568 ms - -[0m
[0mGET /libs/bootstrap/fonts/glyphicons-halflings-regular.woff2 [36m304 [0m2.188 ms - -[0m
[0mGET /images/favicons/favicon-96x96.png [36m304 [0m1.991 ms - -[0m
[0mGET /images/favicons/android-chrome-192x192.png [36m304 [0m1.925 ms - -[0m
[0mGET /images/favicons/favicon-32x32.png [32m200 [0m2.345 ms - 2071[0m
[0mGET /logout [36m303 [0m2.640 ms - -[0m
[0mGET / [32m200 [0m2.477 ms - 7780[0m
[0mGET /stylesheets/main.css [36m304 [0m3.469 ms - -[0m
[0mGET /libs/bootstrap/css/bootstrap.css [36m304 [0m3.213 ms - -[0m
[0mGET /libs/font-awesome/font-awesome.css [36m304 [0m4.307 ms - -[0m
[0mGET /stylesheets/common.css [36m304 [0m4.093 ms - -[0m
[0mGET /images/logos/logo-main.png [36m304 [0m3.729 ms - -[0m
[0mGET /libs/jquery/jquery-1.11.3.min.js [36m304 [0m1.119 ms - -[0m
[0mGET /libs/bootstrap/js/bootstrap.min.js [36m304 [0m1.067 ms - -[0m
[0mGET /libs/angular/angular.min.js [36m304 [0m1.586 ms - -[0m
[0mGET /libs/angular/angular-route.min.js [36m304 [0m2.249 ms - -[0m
[0mGET /javascripts/controllers/indexCTRL.js [36m304 [0m2.081 ms - -[0m
[0mGET /templates/common/footerBar.html [36m304 [0m1.658 ms - -[0m
[0mGET /images/favicons/favicon-16x16.png [36m304 [0m1.166 ms - -[0m
[0mGET /images/logo-ts.png [36m304 [0m1.406 ms - -[0m
[0mGET /images/favicons/favicon-96x96.png [36m304 [0m0.892 ms - -[0m
[0mGET /images/favicons/android-chrome-192x192.png [36m304 [0m1.328 ms - -[0m
[0mGET /login [32m200 [0m14.375 ms - 4277[0m
[0mGET /libs/bootstrap/css/bootstrap.css [36m304 [0m3.316 ms - -[0m
[0mGET /stylesheets/common.css [36m304 [0m2.903 ms - -[0m
[0mGET /images/logo-ll.png [36m304 [0m3.402 ms - -[0m
[0mGET /stylesheets/ll.css [36m304 [0m3.274 ms - -[0m
[0mGET /libs/jquery/jquery-1.11.3.min.js [36m304 [0m1.575 ms - -[0m
[0mGET /libs/bootstrap/js/bootstrap.min.js [36m304 [0m1.405 ms - -[0m
[0mGET /libs/angular/angular.min.js [36m304 [0m0.935 ms - -[0m
[0mGET /libs/angular/angular-route.min.js [36m304 [0m1.270 ms - -[0m
[0mGET /javascripts/controllers/commonCTRL.js [36m304 [0m1.902 ms - -[0m
[0mGET /templates/common/footerBar.html [36m304 [0m1.255 ms - -[0m
[0mGET /images/favicons/favicon-16x16.png [36m304 [0m0.956 ms - -[0m
[0mGET /images/logo-ts.png [36m304 [0m0.861 ms - -[0m
[0mGET /images/favicons/favicon-96x96.png [36m304 [0m0.846 ms - -[0m
[0mGET /images/favicons/android-chrome-192x192.png [36m304 [0m1.579 ms - -[0m
[0mPOST /login [36m303 [0m4.079 ms - -[0m
[0mGET / [32m200 [0m3.134 ms - 7797[0m
[0mGET /libs/bootstrap/css/bootstrap.css [36m304 [0m5.422 ms - -[0m
[0mGET /libs/font-awesome/font-awesome.css [36m304 [0m5.148 ms - -[0m
[0mGET /images/logos/logo-main.png [36m304 [0m4.919 ms - -[0m
[0mGET /stylesheets/main.css [36m304 [0m4.636 ms - -[0m
[0mGET /stylesheets/common.css [36m304 [0m4.885 ms - -[0m
[0mGET /libs/jquery/jquery-1.11.3.min.js [36m304 [0m2.223 ms - -[0m
[0mGET /libs/bootstrap/js/bootstrap.min.js [36m304 [0m3.965 ms - -[0m
[0mGET /libs/angular/angular.min.js [36m304 [0m3.492 ms - -[0m
[0mGET /javascripts/controllers/indexCTRL.js [36m304 [0m3.837 ms - -[0m
[0mGET /libs/angular/angular-route.min.js [36m304 [0m3.679 ms - -[0m
[0mGET /templates/common/navBar.html [36m304 [0m2.346 ms - -[0m
[0mGET /templates/common/footerBar.html [36m304 [0m2.012 ms - -[0m
[0mGET /images/favicons/favicon-16x16.png [36m304 [0m1.813 ms - -[0m
[0mGET /images/logo-ts.png [36m304 [0m2.584 ms - -[0m
[0mGET /libs/bootstrap/fonts/glyphicons-halflings-regular.woff2 [36m304 [0m2.338 ms - -[0m
[0mGET /images/favicons/favicon-96x96.png [36m304 [0m1.649 ms - -[0m
[0mGET /images/favicons/android-chrome-192x192.png [36m304 [0m1.808 ms - -[0m
[0mGET /admin [36m304 [0m2.802 ms - -[0m
[0mGET /libs/bootstrap/css/bootstrap.css [36m304 [0m3.207 ms - -[0m
[0mGET /libs/font-awesome/font-awesome.css [36m304 [0m2.907 ms - -[0m
[0mGET /libs/bootstrap-selector/css/bootstrap-select.css [36m304 [0m4.790 ms - -[0m
[0mGET /libs/jquery/jquery-1.11.3.min.js [36m304 [0m5.313 ms - -[0m
[0mGET /stylesheets/common.css [36m304 [0m4.475 ms - -[0m
[0mGET /libs/bootstrap/js/bootstrap.min.js [36m304 [0m4.664 ms - -[0m
[0mGET /libs/bootstrap-selector/js/bootstrap-select.min.js [36m304 [0m1.797 ms - -[0m
[0mGET /javascripts/controllers/adminCTRL.js [36m304 [0m5.192 ms - -[0m
[0mGET /libs/angular/angular-route.min.js [36m304 [0m4.205 ms - -[0m
[0mGET /libs/angular/angular.min.js [36m304 [0m4.373 ms - -[0m
[0mGET /templates/common/navBar.html [36m304 [0m2.474 ms - -[0m
[0mGET /templates/admin/mainView.html [36m304 [0m1.955 ms - -[0m
[0mGET /images/logo.png [36m304 [0m3.199 ms - -[0m
[0mGET /images/favicons/favicon-16x16.png [36m304 [0m2.899 ms - -[0m
[0mGET /libs/bootstrap/fonts/glyphicons-halflings-regular.woff2 [36m304 [0m1.667 ms - -[0m
[0mGET /images/favicons/favicon-96x96.png [36m304 [0m1.753 ms - -[0m
[0mGET /images/favicons/android-chrome-192x192.png [36m304 [0m1.733 ms - -[0m
[0mPOST /admin [32m200 [0m2.663 ms - 15[0m
[0mGET /admin/totalnum/ads [36m304 [0m6.915 ms - -[0m
[0mGET /admin/totalnum/query [36m304 [0m6.719 ms - -[0m
[0mGET /admin/totalnum/info [36m304 [0m9.499 ms - -[0m
[0mGET /admin/totalnum/noti [36m304 [0m7.879 ms - -[0m
[0mGET /admin/totalnum/userlist [36m304 [0m7.483 ms - -[0m
[0mGET /search/competitions/false [36m304 [0m4.712 ms - -[0m
[0mGET /templates/admin/side.html [36m304 [0m1.945 ms - -[0m
[0mGET /templates/admin/newInfo/competitions.html [36m304 [0m1.628 ms - -[0m
[0mGET /templates/admin/newInfo/courts.html [36m304 [0m4.641 ms - -[0m
[0mGET /templates/admin/newInfo/rejects.html [36m304 [0m5.017 ms - -[0m
[0mGET /templates/admin/newInfo/clubs.html [36m304 [0m3.728 ms - -[0m
[0mGET /admin/totalnum/info [36m304 [0m6.407 ms - -[0m
[0mGET /templates/admin/userlistView.html [36m304 [0m2.241 ms - -[0m
[0mGET /images/favicons/favicon-16x16.png [36m304 [0m1.871 ms - -[0m
----------------
[0mGET /admin/getInfo/userlist [32m200 [0m5.210 ms - 229[0m
[0mGET /images/favicons/favicon-96x96.png [36m304 [0m2.685 ms - -[0m
[0mGET /images/favicons/android-chrome-192x192.png [36m304 [0m1.763 ms - -[0m
[0mGET / [36m304 [0m4.053 ms - -[0m
[0mGET /libs/jquery/jquery-1.11.3.min.js [36m304 [0m5.702 ms - -[0m
[0mGET /libs/bootstrap/css/bootstrap.css [36m304 [0m6.625 ms - -[0m
[0mGET /images/logos/logo-main.png [36m304 [0m7.130 ms - -[0m
[0mGET /libs/font-awesome/font-awesome.css [36m304 [0m6.967 ms - -[0m
[0mGET /stylesheets/main.css [36m304 [0m5.654 ms - -[0m
[0mGET /stylesheets/common.css [36m304 [0m6.372 ms - -[0m
[0mGET /libs/angular/angular.min.js [36m304 [0m1.939 ms - -[0m
[0mGET /javascripts/controllers/indexCTRL.js [36m304 [0m3.417 ms - -[0m
[0mGET /libs/angular/angular-route.min.js [36m304 [0m2.982 ms - -[0m
[0mGET /libs/bootstrap/js/bootstrap.min.js [36m304 [0m2.633 ms - -[0m
[0mGET /templates/common/navBar.html [36m304 [0m2.759 ms - -[0m
[0mGET /templates/common/footerBar.html [36m304 [0m2.481 ms - -[0m
[0mGET /images/favicons/favicon-16x16.png [36m304 [0m1.649 ms - -[0m
[0mGET /images/logo-ts.png [36m304 [0m1.814 ms - -[0m
[0mGET /libs/bootstrap/fonts/glyphicons-halflings-regular.woff2 [36m304 [0m1.771 ms - -[0m
[0mGET /images/favicons/favicon-96x96.png [36m304 [0m1.695 ms - -[0m
[0mGET /images/favicons/android-chrome-192x192.png [36m304 [0m1.641 ms - -[0m
[0mGET / [36m304 [0m2.924 ms - -[0m
[0mGET /libs/font-awesome/font-awesome.css [36m304 [0m6.701 ms - -[0m
[0mGET /stylesheets/main.css [36m304 [0m6.683 ms - -[0m
[0mGET /libs/jquery/jquery-1.11.3.min.js [36m304 [0m5.745 ms - -[0m
[0mGET /stylesheets/common.css [36m304 [0m5.626 ms - -[0m
[0mGET /images/logos/logo-main.png [36m304 [0m5.700 ms - -[0m
[0mGET /libs/bootstrap/css/bootstrap.css [36m304 [0m4.342 ms - -[0m
[0mGET /libs/angular/angular.min.js [36m304 [0m4.875 ms - -[0m
[0mGET /libs/bootstrap/js/bootstrap.min.js [36m304 [0m4.593 ms - -[0m
[0mGET /libs/angular/angular-route.min.js [36m304 [0m4.179 ms - -[0m
[0mGET /javascripts/controllers/indexCTRL.js [36m304 [0m3.777 ms - -[0m
[0mGET /templates/common/footerBar.html [36m304 [0m2.665 ms - -[0m
[0mGET /templates/common/navBar.html [36m304 [0m2.382 ms - -[0m
[0mGET /images/favicons/favicon-16x16.png [32m200 [0m2.272 ms - 1284[0m
[0mGET /images/logo-ts.png [36m304 [0m2.329 ms - -[0m
[0mGET /libs/bootstrap/fonts/glyphicons-halflings-regular.woff2 [36m304 [0m1.848 ms - -[0m
[0mGET /images/favicons/favicon-96x96.png [36m304 [0m1.760 ms - -[0m
[0mGET /images/favicons/android-chrome-192x192.png [36m304 [0m1.596 ms - -[0m
[0mGET /images/favicons/favicon-32x32.png [36m304 [0m1.709 ms - -[0m
[0mGET /admin [32m200 [0m2.835 ms - 4511[0m
[0mGET /libs/bootstrap/css/bootstrap.css [36m304 [0m3.095 ms - -[0m
[0mGET /libs/font-awesome/font-awesome.css [36m304 [0m2.803 ms - -[0m
[0mGET /libs/bootstrap-selector/css/bootstrap-select.css [36m304 [0m4.613 ms - -[0m
[0mGET /stylesheets/common.css [36m304 [0m4.478 ms - -[0m
[0mGET /libs/bootstrap/js/bootstrap.min.js [36m304 [0m4.143 ms - -[0m
[0mGET /libs/jquery/jquery-1.11.3.min.js [36m304 [0m2.722 ms - -[0m
[0mGET /libs/bootstrap-selector/js/bootstrap-select.min.js [36m304 [0m1.777 ms - -[0m
[0mGET /libs/angular/angular-route.min.js [36m304 [0m2.914 ms - -[0m
[0mGET /libs/angular/angular.min.js [36m304 [0m3.786 ms - -[0m
[0mGET /javascripts/controllers/adminCTRL.js [36m304 [0m2.167 ms - -[0m
[0mGET /templates/admin/mainView.html [36m304 [0m2.509 ms - -[0m
[0mGET /templates/common/navBar.html [36m304 [0m2.079 ms - -[0m
[0mGET /images/favicons/favicon-16x16.png [36m304 [0m1.961 ms - -[0m
[0mGET /images/logo.png [36m304 [0m1.765 ms - -[0m
[0mGET /libs/bootstrap/fonts/glyphicons-halflings-regular.woff2 [36m304 [0m2.185 ms - -[0m
[0mGET /images/favicons/favicon-96x96.png [36m304 [0m1.706 ms - -[0m
[0mGET /images/favicons/android-chrome-192x192.png [36m304 [0m1.757 ms - -[0m
[0mPOST /admin [32m200 [0m2.617 ms - 15[0m
[0mGET /admin/totalnum/query [36m304 [0m6.118 ms - -[0m
[0mGET /admin/totalnum/noti [36m304 [0m7.025 ms - -[0m
[0mGET /admin/totalnum/info [36m304 [0m10.742 ms - -[0m
[0mGET /search/competitions/false [36m304 [0m6.087 ms - -[0m
[0mGET /admin/totalnum/userlist [36m304 [0m7.286 ms - -[0m
[0mGET /admin/totalnum/ads [36m304 [0m6.065 ms - -[0m
[0mGET /templates/admin/newInfo/competitions.html [36m304 [0m4.993 ms - -[0m
[0mGET /templates/admin/side.html [36m304 [0m4.711 ms - -[0m
[0mGET /templates/admin/newInfo/courts.html [36m304 [0m5.526 ms - -[0m
[0mGET /templates/admin/newInfo/clubs.html [36m304 [0m5.349 ms - -[0m
[0mGET /templates/admin/newInfo/rejects.html [36m304 [0m2.981 ms - -[0m
[0mGET /admin/totalnum/info [36m304 [0m7.476 ms - -[0m
[0mGET /templates/admin/userlistView.html [36m304 [0m2.889 ms - -[0m
[0mGET /images/favicons/favicon-16x16.png [36m304 [0m1.760 ms - -[0m
----------------
[0mGET /admin/getInfo/userlist [36m304 [0m2.793 ms - -[0m
[0mGET /images/favicons/favicon-96x96.png [36m304 [0m2.249 ms - -[0m
[0mGET /images/favicons/android-chrome-192x192.png [36m304 [0m1.605 ms - -[0m
[0mGET /templates/admin/notiView.html [32m200 [0m2.516 ms - 2191[0m
[0mGET /images/favicons/favicon-16x16.png [36m304 [0m1.737 ms - -[0m
[0mGET /images/favicons/favicon-96x96.png [36m304 [0m1.788 ms - -[0m
[0mGET /admin/getInfo/noti [32m200 [0m3.954 ms - 2[0m
[0mGET /images/favicons/android-chrome-192x192.png [36m304 [0m1.798 ms - -[0m
[0mGET /templates/admin/queryView.html [32m200 [0m2.561 ms - 1052[0m
[0mGET /images/favicons/favicon-16x16.png [36m304 [0m2.893 ms - -[0m
[0mGET /images/favicons/favicon-96x96.png [36m304 [0m1.723 ms - -[0m
[0mGET /admin/getInfo/query [32m200 [0m2.925 ms - 2[0m
[0mGET /images/favicons/android-chrome-192x192.png [36m304 [0m1.601 ms - -[0m
[0mGET /templates/admin/adsView.html [32m200 [0m2.444 ms - 1136[0m
[0mGET /images/favicons/favicon-16x16.png [36m304 [0m1.800 ms - -[0m
[0mGET /images/favicons/favicon-96x96.png [36m304 [0m1.912 ms - -[0m
[0mGET /admin/getInfo/ads [32m200 [0m2.745 ms - 2[0m
[0mGET /images/favicons/android-chrome-192x192.png [36m304 [0m1.634 ms - -[0m
[0mGET /admin/totalnum/info [36m304 [0m4.460 ms - -[0m
[0mGET /search/competitions/false [36m304 [0m2.693 ms - -[0m
[0mGET /images/favicons/favicon-16x16.png [36m304 [0m1.631 ms - -[0m
[0mGET /images/favicons/favicon-96x96.png [36m304 [0m1.699 ms - -[0m
[0mGET /images/favicons/android-chrome-192x192.png [36m304 [0m1.902 ms - -[0m
----------------
[0mGET /admin/getInfo/userlist [36m304 [0m3.495 ms - -[0m
[0mGET /images/favicons/favicon-16x16.png [36m304 [0m1.830 ms - -[0m
[0mGET /images/favicons/favicon-96x96.png [36m304 [0m5.820 ms - -[0m
[0mGET /images/favicons/android-chrome-192x192.png [36m304 [0m1.994 ms - -[0m
[0mGET /web-console/ServerInfo.jsp [32m- [0m- ms - -[0m
[0mGET /bedminton/competitions [36m304 [0m2.720 ms - -[0m
[0mGET /tennis/competitions [32m200 [0m2.339 ms - 2[0m
[0mGET /bedminton/competitions [36m304 [0m2.455 ms - -[0m
[0mGET /bedminton/courts [36m304 [0m2.636 ms - -[0m
[0mGET /bedminton/clubs [36m304 [0m2.417 ms - -[0m
[0mGET /bedminton/competitions [36m304 [0m2.209 ms - -[0m
[0mGET /bedminton/competitions [36m304 [0m2.153 ms - -[0m
[0mGET /tennis/competitions [36m304 [0m2.487 ms - -[0m
[0mGET /soccer/competitions [32m200 [0m2.389 ms - 2[0m
[0mGET /baseball/competitions [32m200 [0m2.367 ms - 2[0m
[0mGET /bedminton/competitions [36m304 [0m2.137 ms - -[0m
[0mGET /soccer/competitions [36m304 [0m2.564 ms - -[0m
[0mGET /soccer/courts [32m200 [0m2.364 ms - 2[0m
[0mGET /soccer/clubs [36m304 [0m3.065 ms - -[0m
[0mGET /soccer/competitions [36m304 [0m2.420 ms - -[0m
[0mGET /soccer/competitions [36m304 [0m15.578 ms - -[0m
[0mGET /baseball/competitions [32m200 [0m2.339 ms - 2[0m
[0mGET /basketball/competitions [36m304 [0m2.426 ms - -[0m
[0mGET /basketball/courts [36m304 [0m2.389 ms - -[0m
[0mGET /basketball/clubs [32m200 [0m2.535 ms - 2[0m
[0mGET / [36m304 [0m2.943 ms - -[0m
[0mGET /libs/font-awesome/font-awesome.css [36m304 [0m2.133 ms - -[0m
[0mGET /libs/bootstrap/css/bootstrap.css [36m304 [0m1.843 ms - -[0m
[0mGET /stylesheets/main.css [36m304 [0m4.240 ms - -[0m
[0mGET /stylesheets/common.css [36m304 [0m3.740 ms - -[0m
[0mGET /images/logos/logo-main.png [36m304 [0m4.166 ms - -[0m
[0mGET /libs/jquery/jquery-1.11.3.min.js [36m304 [0m1.785 ms - -[0m
[0mGET /libs/bootstrap/js/bootstrap.min.js [36m304 [0m2.913 ms - -[0m
[0mGET /libs/angular/angular.min.js [36m304 [0m2.611 ms - -[0m
[0mGET /libs/angular/angular-route.min.js [36m304 [0m3.005 ms - -[0m
[0mGET /javascripts/controllers/indexCTRL.js [36m304 [0m2.216 ms - -[0m
[0mGET /templates/common/footerBar.html [36m304 [0m2.929 ms - -[0m
[0mGET /templates/common/navBar.html [36m304 [0m1.996 ms - -[0m
[0mGET /images/favicons/favicon-16x16.png [36m304 [0m1.758 ms - -[0m
[0mGET /images/logo-ts.png [36m304 [0m2.451 ms - -[0m
[0mGET /libs/bootstrap/fonts/glyphicons-halflings-regular.woff2 [36m304 [0m1.764 ms - -[0m
[0mGET /images/favicons/favicon-96x96.png [36m304 [0m1.768 ms - -[0m
[0mGET /images/favicons/android-chrome-192x192.png [36m304 [0m2.213 ms - -[0m
[0mGET /soccer [32m200 [0m3.440 ms - 3590[0m
[0mGET /libs/bootstrap/css/bootstrap.css [36m304 [0m2.590 ms - -[0m
[0mGET /stylesheets/common.css [36m304 [0m2.352 ms - -[0m
[0mGET /libs/font-awesome/font-awesome.css [36m304 [0m1.852 ms - -[0m
[0mGET /libs/jquery/jquery-1.11.3.min.js [36m304 [0m1.935 ms - -[0m
[0mGET /libs/bootstrap/js/bootstrap.min.js [36m304 [0m1.755 ms - -[0m
[0mGET /libs/angular/angular.min.js [36m304 [0m1.783 ms - -[0m
[0mGET /libs/angular/angular-route.min.js [36m304 [0m2.550 ms - -[0m
[0mGET /javascripts/controllers/sportsCTRL.js [32m200 [0m3.571 ms - 6892[0m
[0mGET /templates/common/navBar.html [36m304 [0m2.861 ms - -[0m
[0mGET /search/competitions/side [32m200 [0m4.143 ms - 2[0m
[0mGET /templates/common/side.html [32m200 [0m2.117 ms - 3963[0m
[0mGET /templates/sports/mainView.html [36m304 [0m2.033 ms - -[0m
[0mGET /images/favicons/favicon-16x16.png [36m304 [0m6.511 ms - -[0m
[0mGET /libs/bootstrap/fonts/glyphicons-halflings-regular.woff2 [36m304 [0m2.201 ms - -[0m
[0mGET /images/logo.png [36m304 [0m1.932 ms - -[0m
[0mGET /soccer/competitions [32m200 [0m3.227 ms - 2[0m
[0mGET /templates/sports/competitions.html [32m200 [0m2.396 ms - 3966[0m
[0mGET /templates/sports/courts.html [36m304 [0m1.892 ms - -[0m
[0mGET /templates/sports/clubs.html [36m304 [0m2.036 ms - -[0m
[0mGET /images/favicons/favicon-96x96.png [36m304 [0m1.616 ms - -[0m
[0mGET /images/favicons/android-chrome-192x192.png [36m304 [0m1.852 ms - -[0m
[0mGET /soccer/courts [32m200 [0m3.579 ms - 2[0m
[0mGET /images/favicons/favicon-16x16.png [36m304 [0m1.802 ms - -[0m
[0mGET /images/favicons/favicon-96x96.png [36m304 [0m1.776 ms - -[0m
[0mGET /images/favicons/android-chrome-192x192.png [36m304 [0m1.835 ms - -[0m
[0mGET /soccer/clubs [32m200 [0m3.469 ms - 2[0m
[0mGET /images/favicons/favicon-16x16.png [36m304 [0m1.917 ms - -[0m
[0mGET /images/favicons/favicon-96x96.png [36m304 [0m1.630 ms - -[0m
[0mGET /images/favicons/android-chrome-192x192.png [36m304 [0m1.704 ms - -[0m
[0mGET /soccer/competitions [36m304 [0m3.134 ms - -[0m
[0mGET /images/favicons/favicon-16x16.png [36m304 [0m2.044 ms - -[0m
[0mGET /images/favicons/favicon-96x96.png [36m304 [0m1.782 ms - -[0m
[0mGET /images/favicons/android-chrome-192x192.png [36m304 [0m1.861 ms - -[0m
[0mGET / [36m304 [0m2.967 ms - -[0m
[0mGET /images/logos/logo-main.png [36m304 [0m5.619 ms - -[0m
[0mGET /stylesheets/common.css [36m304 [0m5.856 ms - -[0m
[0mGET /libs/font-awesome/font-awesome.css [36m304 [0m6.118 ms - -[0m
[0mGET /stylesheets/main.css [36m304 [0m6.314 ms - -[0m
[0mGET /libs/bootstrap/css/bootstrap.css [36m304 [0m5.140 ms - -[0m
[0mGET /libs/jquery/jquery-1.11.3.min.js [36m304 [0m4.099 ms - -[0m
[0mGET /libs/bootstrap/js/bootstrap.min.js [36m304 [0m2.571 ms - -[0m
[0mGET /libs/angular/angular-route.min.js [36m304 [0m3.198 ms - -[0m
[0mGET /javascripts/controllers/indexCTRL.js [36m304 [0m2.403 ms - -[0m
[0mGET /libs/angular/angular.min.js [36m304 [0m2.340 ms - -[0m
[0mGET /templates/common/navBar.html [36m304 [0m2.708 ms - -[0m
[0mGET /templates/common/footerBar.html [36m304 [0m2.385 ms - -[0m
[0mGET /images/favicons/favicon-16x16.png [36m304 [0m1.690 ms - -[0m
[0mGET /images/logo-ts.png [36m304 [0m1.768 ms - -[0m
[0mGET /libs/bootstrap/fonts/glyphicons-halflings-regular.woff2 [36m304 [0m1.769 ms - -[0m
[0mGET /images/favicons/favicon-96x96.png [36m304 [0m1.905 ms - -[0m
[0mGET /images/favicons/android-chrome-192x192.png [36m304 [0m2.032 ms - -[0m
[0mGET /search/competitions/false [36m304 [0m3.757 ms - -[0m
[0mGET /admin/totalnum/info [36m304 [0m5.051 ms - -[0m
[0mGET /images/favicons/favicon-16x16.png [36m304 [0m1.625 ms - -[0m
[0mGET /images/favicons/favicon-96x96.png [36m304 [0m1.592 ms - -[0m
[0mGET /images/favicons/android-chrome-192x192.png [36m304 [0m1.874 ms - -[0m
[0mGET /admin/getInfo/ads [36m304 [0m3.230 ms - -[0m
[0mGET /images/favicons/favicon-16x16.png [36m304 [0m1.729 ms - -[0m
[0mGET /images/favicons/favicon-96x96.png [36m304 [0m1.776 ms - -[0m
[0mGET /images/favicons/android-chrome-192x192.png [36m304 [0m1.702 ms - -[0m
[0mGET /admin/getInfo/query [36m304 [0m3.795 ms - -[0m
[0mGET /images/favicons/favicon-16x16.png [36m304 [0m1.735 ms - -[0m
[0mGET /images/favicons/favicon-96x96.png [36m304 [0m1.878 ms - -[0m
[0mGET /images/favicons/android-chrome-192x192.png [36m304 [0m1.810 ms - -[0m
[0mGET /admin/getInfo/noti [36m304 [0m3.854 ms - -[0m
[0mGET /images/favicons/favicon-16x16.png [36m304 [0m3.273 ms - -[0m
[0mGET /images/favicons/favicon-96x96.png [36m304 [0m2.104 ms - -[0m
[0mGET /images/favicons/android-chrome-192x192.png [36m304 [0m2.929 ms - -[0m
----------------
[0mGET /images/favicons/favicon-16x16.png [36m304 [0m2.893 ms - -[0m
[0mGET /admin/getInfo/userlist [36m304 [0m4.033 ms - -[0m
[0mGET /images/favicons/favicon-96x96.png [36m304 [0m1.854 ms - -[0m
[0mGET /images/favicons/android-chrome-192x192.png [36m304 [0m1.784 ms - -[0m
[0mGET /admin/getInfo/query [36m304 [0m3.169 ms - -[0m
[0mGET /images/favicons/favicon-16x16.png [36m304 [0m1.723 ms - -[0m
[0mGET /images/favicons/favicon-96x96.png [36m304 [0m1.855 ms - -[0m
[0mGET /images/favicons/android-chrome-192x192.png [36m304 [0m1.733 ms - -[0m
[0mGET /search/competitions/false [36m304 [0m3.093 ms - -[0m
[0mGET /admin/totalnum/info [36m304 [0m5.283 ms - -[0m
[0mGET /images/favicons/favicon-16x16.png [36m304 [0m1.721 ms - -[0m
[0mGET /images/favicons/favicon-96x96.png [36m304 [0m1.888 ms - -[0m
[0mGET /images/favicons/android-chrome-192x192.png [36m304 [0m4.921 ms - -[0m
[0mGET / [32m200 [0m2.104 ms - 7780[0m
[0mGET /main.cgi [32m200 [0m1.837 ms - 3573[0m
[0mGET /index.cgi [32m200 [0m1.827 ms - 3573[0m
[0mGET /admin.cgi [32m200 [0m1.745 ms - 3573[0m
[0mGET /administrator.cgi [32m200 [0m1.615 ms - 3573[0m
[0mGET /cgi-bin/download.cgi [32m- [0m- ms - -[0m
[0mGET /cgi-bin/php.fcgi [32m- [0m- ms - -[0m
[0mGET /cgi-bin/calendar.cgi [32m- [0m- ms - -[0m
[0mGET /cgi-bin/download.cgi [32m- [0m- ms - -[0m
[0mGET /cgi-bin/main.cgi [32m- [0m- ms - -[0m
[0mGET /cgi-bin/search.cgi [32m- [0m- ms - -[0m
[0mGET /cgi-bin/concept.cgi [32m- [0m- ms - -[0m
[0mGET /cgi-bin/index.cgi [32m- [0m- ms - -[0m
[0mGET /cgi-bin/index2.cgi [32m- [0m- ms - -[0m
[0mGET /cgi-bin/reboot.cgi [32m- [0m- ms - -[0m
[0mGET /cgi-bin/printenv [32m- [0m- ms - -[0m
[0mGET /cgi-bin/test-cgi [32m- [0m- ms - -[0m
[0mGET /cgi-bin/formmail.cgi [32m- [0m- ms - -[0m
[0mGET /cgi-bin/welcome.cgi [32m- [0m- ms - -[0m
[0mGET /cgi-bin/status.cgi [32m- [0m- ms - -[0m
[0mGET /cgi-bin/uptime.cgi [32m- [0m- ms - -[0m
[0mGET /cgi-bin/test [32m- [0m- ms - -[0m
[0mGET /cgi-bin/php5 [32m- [0m- ms - -[0m
[0mGET /cgi-bin/php5-cli [32m- [0m- ms - -[0m
[0mGET /cgi-sys/defaultwebpage.cgi [32m- [0m- ms - -[0m
[0mGET /cgi-sys/entropysearch.cgi [32m- [0m- ms - -[0m
[0mGET /cgi-sys/php5 [32m- [0m- ms - -[0m
[0mGET /phppath/cgi_wrapper [32m- [0m- ms - -[0m
[0mGET /phppath/php [32m- [0m- ms - -[0m
[0mGET / [32m200 [0m1.884 ms - 7780[0m
[0mGET /libs/bootstrap/css/bootstrap.css [36m304 [0m1.674 ms - -[0m
[0mGET /stylesheets/main.css [36m304 [0m2.835 ms - -[0m
[0mGET /images/logos/logo-main.png [36m304 [0m3.076 ms - -[0m
[0mGET /stylesheets/common.css [36m304 [0m3.237 ms - -[0m
[0mGET /libs/font-awesome/font-awesome.css [36m304 [0m3.456 ms - -[0m
[0mGET /libs/jquery/jquery-1.11.3.min.js [36m304 [0m2.743 ms - -[0m
[0mGET /libs/bootstrap/js/bootstrap.min.js [36m304 [0m1.523 ms - -[0m
[0mGET /libs/angular/angular.min.js [36m304 [0m0.902 ms - -[0m
[0mGET /libs/angular/angular-route.min.js [36m304 [0m1.341 ms - -[0m
[0mGET /javascripts/controllers/indexCTRL.js [32m200 [0m2.030 ms - 2178[0m
[0mGET /templates/common/footerBar.html [36m304 [0m1.201 ms - -[0m
[0mGET /images/favicons/favicon-16x16.png [36m304 [0m1.505 ms - -[0m
[0mGET /images/logo-ts.png [36m304 [0m0.946 ms - -[0m
[0mGET /soccer [32m200 [0m2.124 ms - 3573[0m
[0mGET /stylesheets/common.css [36m304 [0m4.658 ms - -[0m
[0mGET /libs/bootstrap/css/bootstrap.css [36m304 [0m4.299 ms - -[0m
[0mGET /libs/font-awesome/font-awesome.css [36m304 [0m4.721 ms - -[0m
[0mGET /libs/jquery/jquery-1.11.3.min.js [36m304 [0m4.001 ms - -[0m
[0mGET /libs/angular/angular.min.js [36m304 [0m4.381 ms - -[0m
[0mGET /libs/bootstrap/js/bootstrap.min.js [36m304 [0m4.189 ms - -[0m
[0mGET /libs/angular/angular-route.min.js [36m304 [0m1.705 ms - -[0m
[0mGET /javascripts/controllers/sportsCTRL.js [32m200 [0m1.896 ms - 6892[0m
[0mGET /search/competitions/side [32m200 [0m2.813 ms - 2[0m
[0mGET /templates/common/navBar.html [36m304 [0m1.892 ms - -[0m
[0mGET /templates/common/side.html [32m200 [0m1.372 ms - 3963[0m
[0mGET /templates/sports/mainView.html [32m200 [0m0.987 ms - 1166[0m
[0mGET /images/logo.png [36m304 [0m0.839 ms - -[0m
[0mGET /soccer/competitions [32m200 [0m3.611 ms - 2[0m
[0mGET /templates/sports/courts.html [32m200 [0m2.467 ms - 3929[0m
[0mGET /templates/sports/competitions.html [32m200 [0m2.542 ms - 3966[0m
[0mGET /templates/sports/clubs.html [32m200 [0m1.653 ms - 3941[0m
[0mGET / [32m200 [0m3.855 ms - 7780[0m
[0mGET /images/favicons/favicon-16x16.png [32m200 [0m2.569 ms - 1284[0m
[0mGET /bedminton/competitions [36m304 [0m2.171 ms - -[0m
[0mGET /CFIDE/administrator/ [32m- [0m- ms - -[0m
[0mGET /CFIDE/administrator/ [32m- [0m- ms - -[0m
[0mGET /rom-0 [32m200 [0m1.699 ms - 3573[0m
[0mGET / [32m200 [0m1.922 ms - 7780[0m
[0mGET / [32m200 [0m2.480 ms - 7780[0m
[0mGET /images/logos/logo-main.png [36m304 [0m3.127 ms - -[0m
[0mGET /libs/font-awesome/font-awesome.css [36m304 [0m2.849 ms - -[0m
[0mGET /libs/bootstrap/css/bootstrap.css [36m304 [0m3.241 ms - -[0m
[0mGET /libs/jquery/jquery-1.11.3.min.js [36m304 [0m2.433 ms - -[0m
[0mGET /stylesheets/common.css [36m304 [0m1.549 ms - -[0m
[0mGET /stylesheets/main.css [36m304 [0m1.326 ms - -[0m
[0mGET /libs/angular/angular.min.js [36m304 [0m3.625 ms - -[0m
[0mGET /libs/angular/angular-route.min.js [36m304 [0m2.658 ms - -[0m
[0mGET /javascripts/controllers/indexCTRL.js [36m304 [0m2.316 ms - -[0m
[0mGET /libs/bootstrap/js/bootstrap.min.js [36m304 [0m2.483 ms - -[0m
[0mGET /templates/common/footerBar.html [36m304 [0m1.361 ms - -[0m
[0mGET /images/favicons/favicon-16x16.png [36m304 [0m1.076 ms - -[0m
[0mGET /images/logo-ts.png [36m304 [0m0.895 ms - -[0m
[0mGET /images/favicons/favicon-96x96.png [36m304 [0m1.280 ms - -[0m
[0mGET /images/favicons/android-chrome-192x192.png [36m304 [0m1.349 ms - -[0m
[0mGET /login [32m200 [0m2.140 ms - 4277[0m
[0mGET /libs/bootstrap/css/bootstrap.css [36m304 [0m1.072 ms - -[0m
[0mGET /stylesheets/common.css [36m304 [0m0.938 ms - -[0m
[0mGET /libs/jquery/jquery-1.11.3.min.js [36m304 [0m1.672 ms - -[0m
[0mGET /libs/bootstrap/js/bootstrap.min.js [36m304 [0m1.485 ms - -[0m
[0mGET /stylesheets/ll.css [36m304 [0m0.818 ms - -[0m
[0mGET /libs/angular/angular.min.js [36m304 [0m0.804 ms - -[0m
[0mGET /libs/angular/angular-route.min.js [36m304 [0m0.841 ms - -[0m
[0mGET /javascripts/controllers/commonCTRL.js [36m304 [0m0.980 ms - -[0m
[0mGET /images/logo-ll.png [36m304 [0m0.903 ms - -[0m
[0mGET /templates/common/footerBar.html [36m304 [0m1.166 ms - -[0m
[0mGET /images/favicons/favicon-16x16.png [36m304 [0m0.936 ms - -[0m
[0mGET /images/logo-ts.png [36m304 [0m0.979 ms - -[0m
[0mGET /images/favicons/favicon-96x96.png [36m304 [0m0.846 ms - -[0m
[0mGET /images/favicons/android-chrome-192x192.png [36m304 [0m0.955 ms - -[0m
[0mPOST /login [36m303 [0m4.241 ms - -[0m
[0mGET / [32m200 [0m2.699 ms - 7797[0m
[0mGET /libs/bootstrap/css/bootstrap.css [36m304 [0m1.680 ms - -[0m
[0mGET /stylesheets/main.css [36m304 [0m2.954 ms - -[0m
[0mGET /images/logos/logo-main.png [36m304 [0m3.038 ms - -[0m
[0mGET /libs/font-awesome/font-awesome.css [36m304 [0m2.828 ms - -[0m
[0mGET /stylesheets/common.css [36m304 [0m1.738 ms - -[0m
[0mGET /libs/jquery/jquery-1.11.3.min.js [36m304 [0m2.608 ms - -[0m
[0mGET /libs/bootstrap/js/bootstrap.min.js [36m304 [0m1.889 ms - -[0m
[0mGET /libs/angular/angular.min.js [36m304 [0m2.849 ms - -[0m
[0mGET /libs/angular/angular-route.min.js [36m304 [0m2.552 ms - -[0m
[0mGET /javascripts/controllers/indexCTRL.js [36m304 [0m1.660 ms - -[0m
[0mGET /templates/common/footerBar.html [36m304 [0m1.810 ms - -[0m
[0mGET /templates/common/navBar.html [36m304 [0m1.642 ms - -[0m
[0mGET /images/favicons/favicon-16x16.png [36m304 [0m1.840 ms - -[0m
[0mGET /images/logo-ts.png [36m304 [0m1.993 ms - -[0m
[0mGET /libs/bootstrap/fonts/glyphicons-halflings-regular.woff2 [36m304 [0m1.832 ms - -[0m
[0mGET /images/favicons/favicon-96x96.png [36m304 [0m1.637 ms - -[0m
[0mGET /images/favicons/android-chrome-192x192.png [36m304 [0m1.860 ms - -[0m
[0mGET /admin [32m200 [0m2.944 ms - 4511[0m
[0mGET /libs/bootstrap/css/bootstrap.css [36m304 [0m4.633 ms - -[0m
[0mGET /libs/jquery/jquery-1.11.3.min.js [36m304 [0m5.326 ms - -[0m
[0mGET /libs/font-awesome/font-awesome.css [36m304 [0m5.448 ms - -[0m
[0mGET /libs/bootstrap/js/bootstrap.min.js [36m304 [0m5.571 ms - -[0m
[0mGET /stylesheets/common.css [36m304 [0m5.794 ms - -[0m
[0mGET /libs/bootstrap-selector/css/bootstrap-select.css [36m304 [0m3.006 ms - -[0m
[0mGET /libs/bootstrap-selector/js/bootstrap-select.min.js [36m304 [0m2.480 ms - -[0m
[0mGET /libs/angular/angular.min.js [36m304 [0m2.412 ms - -[0m
[0mGET /javascripts/controllers/adminCTRL.js [36m304 [0m1.981 ms - -[0m
[0mGET /libs/angular/angular-route.min.js [36m304 [0m1.708 ms - -[0m
[0mGET /templates/admin/mainView.html [36m304 [0m2.698 ms - -[0m
[0mGET /templates/common/navBar.html [36m304 [0m2.332 ms - -[0m
[0mGET /images/favicons/favicon-16x16.png [36m304 [0m1.601 ms - -[0m
[0mGET /images/logo.png [36m304 [0m1.607 ms - -[0m
[0mGET /libs/bootstrap/fonts/glyphicons-halflings-regular.woff2 [36m304 [0m1.654 ms - -[0m
[0mGET /images/favicons/favicon-96x96.png [36m304 [0m1.847 ms - -[0m
[0mGET /images/favicons/android-chrome-192x192.png [36m304 [0m1.751 ms - -[0m
[0mPOST /admin [32m200 [0m2.545 ms - 15[0m
[0mGET /admin/totalnum/userlist [36m304 [0m7.852 ms - -[0m
[0mGET /admin/totalnum/noti [36m304 [0m9.650 ms - -[0m
[0mGET /admin/totalnum/query [36m304 [0m9.239 ms - -[0m
[0mGET /admin/totalnum/info [36m304 [0m12.073 ms - -[0m
[0mGET /search/competitions/false [36m304 [0m9.361 ms - -[0m
[0mGET /admin/totalnum/ads [36m304 [0m7.672 ms - -[0m
[0mGET /templates/admin/side.html [36m304 [0m1.732 ms - -[0m
[0mGET /templates/admin/newInfo/competitions.html [36m304 [0m1.669 ms - -[0m
[0mGET /templates/admin/newInfo/rejects.html [36m304 [0m3.291 ms - -[0m
[0mGET /templates/admin/newInfo/courts.html [36m304 [0m2.817 ms - -[0m
[0mGET /templates/admin/newInfo/clubs.html [36m304 [0m2.551 ms - -[0m
[0mGET /admin/totalnum/info [36m304 [0m6.120 ms - -[0m
[0mGET /templates/admin/queryView.html [32m200 [0m5.604 ms - 1052[0m
[0mGET /images/favicons/favicon-16x16.png [36m304 [0m1.702 ms - -[0m
[0mGET /images/favicons/favicon-96x96.png [36m304 [0m1.726 ms - -[0m
[0mGET /admin/getInfo/query [36m304 [0m2.938 ms - -[0m
[0mGET /images/favicons/android-chrome-192x192.png [36m304 [0m1.823 ms - -[0m
[0mGET /templates/admin/adsView.html [32m200 [0m2.457 ms - 1136[0m
[0mGET /images/favicons/favicon-16x16.png [36m304 [0m1.629 ms - -[0m
[0mGET /images/favicons/favicon-96x96.png [36m304 [0m2.079 ms - -[0m
[0mGET /admin/getInfo/ads [36m304 [0m2.701 ms - -[0m
[0mGET /images/favicons/android-chrome-192x192.png [36m304 [0m1.590 ms - -[0m
[0mGET /admin/getInfo/query [36m304 [0m3.066 ms - -[0m
[0mGET /images/favicons/favicon-16x16.png [36m304 [0m1.742 ms - -[0m
[0mGET /images/favicons/favicon-96x96.png [36m304 [0m1.695 ms - -[0m
[0mGET /images/favicons/android-chrome-192x192.png [36m304 [0m1.664 ms - -[0m
[0mGET /templates/admin/notiView.html [32m200 [0m2.631 ms - 2191[0m
[0mGET /images/favicons/favicon-16x16.png [36m304 [0m1.672 ms - -[0m
[0mGET /images/favicons/favicon-96x96.png [36m304 [0m2.136 ms - -[0m
[0mGET /admin/getInfo/noti [36m304 [0m2.541 ms - -[0m
[0mGET /images/favicons/android-chrome-192x192.png [36m304 [0m2.613 ms - -[0m
[0mGET /templates/admin/userlistView.html [36m304 [0m2.243 ms - -[0m
[0mGET /images/favicons/favicon-16x16.png [36m304 [0m1.987 ms - -[0m
----------------
[0mGET /admin/getInfo/userlist [32m200 [0m3.269 ms - 229[0m
[0mGET /images/favicons/favicon-96x96.png [36m304 [0m1.758 ms - -[0m
[0mGET /images/favicons/android-chrome-192x192.png [36m304 [0m1.946 ms - -[0m
[0mGET /admin/getInfo/noti [36m304 [0m3.119 ms - -[0m
[0mGET /images/favicons/favicon-16x16.png [36m304 [0m7.516 ms - -[0m
[0mGET /images/favicons/favicon-96x96.png [36m304 [0m2.496 ms - -[0m
[0mGET /images/favicons/android-chrome-192x192.png [36m304 [0m2.437 ms - -[0m
[0mGET /admin/getInfo/query [36m304 [0m3.334 ms - -[0m
[0mGET /images/favicons/favicon-16x16.png [36m304 [0m1.709 ms - -[0m
[0mGET /images/favicons/favicon-96x96.png [36m304 [0m2.020 ms - -[0m
[0mGET /images/favicons/android-chrome-192x192.png [36m304 [0m2.273 ms - -[0m
[0mGET /admin/getInfo/ads [36m304 [0m3.503 ms - -[0m
[0mGET /images/favicons/favicon-16x16.png [36m304 [0m1.866 ms - -[0m
[0mGET /images/favicons/favicon-96x96.png [36m304 [0m2.342 ms - -[0m
[0mGET /images/favicons/android-chrome-192x192.png [36m304 [0m2.598 ms - -[0m
[0mGET /admin/totalnum/info [36m304 [0m4.774 ms - -[0m
[0mGET /search/competitions/false [36m304 [0m15.493 ms - -[0m
[0mGET /images/favicons/favicon-16x16.png [36m304 [0m2.126 ms - -[0m
[0mGET /images/favicons/favicon-96x96.png [36m304 [0m2.391 ms - -[0m
[0mGET /images/favicons/android-chrome-192x192.png [36m304 [0m2.240 ms - -[0m
----------------
[0mGET /admin/getInfo/userlist [36m304 [0m3.504 ms - -[0m
[0mGET /images/favicons/favicon-16x16.png [36m304 [0m1.948 ms - -[0m
[0mGET /images/favicons/favicon-96x96.png [36m304 [0m2.333 ms - -[0m
[0mGET /images/favicons/android-chrome-192x192.png [36m304 [0m2.414 ms - -[0m
[0mGET /useraccount [32m200 [0m4.020 ms - 6476[0m
[0mGET /stylesheets/ll.css [36m304 [0m6.804 ms - -[0m
[0mGET /libs/bootstrap/css/bootstrap.css [36m304 [0m6.110 ms - -[0m
[0mGET /images/logo-ll.png [36m304 [0m5.788 ms - -[0m
[0mGET /libs/jquery/jquery-1.11.3.min.js [36m304 [0m5.122 ms - -[0m
[0mGET /stylesheets/common.css [36m304 [0m4.232 ms - -[0m
[0mGET /images/logo.png [36m304 [0m2.376 ms - -[0m
[0mGET /libs/angular/angular.min.js [36m304 [0m3.039 ms - -[0m
[0mGET /libs/bootstrap/js/bootstrap.min.js [36m304 [0m3.209 ms - -[0m
[0mGET /libs/angular/angular-route.min.js [36m304 [0m2.077 ms - -[0m
[0mGET /javascripts/controllers/commonCTRL.js [36m304 [0m1.813 ms - -[0m
[0mGET /templates/common/footerBar.html [36m304 [0m2.602 ms - -[0m
[0mGET /images/favicons/favicon-16x16.png [36m304 [0m2.603 ms - -[0m
[0mGET /images/logo-ts.png [36m304 [0m1.891 ms - -[0m
[0mGET /images/favicons/favicon-96x96.png [36m304 [0m2.446 ms - -[0m
[0mGET /images/favicons/android-chrome-192x192.png [36m304 [0m1.706 ms - -[0m
[0mGET / [36m304 [0m3.703 ms - -[0m
[0mGET /libs/jquery/jquery-1.11.3.min.js [36m304 [0m6.209 ms - -[0m
[0mGET /stylesheets/common.css [36m304 [0m6.547 ms - -[0m
[0mGET /libs/bootstrap/css/bootstrap.css [36m304 [0m7.262 ms - -[0m
[0mGET /stylesheets/main.css [36m304 [0m6.297 ms - -[0m
[0mGET /images/logos/logo-main.png [36m304 [0m6.075 ms - -[0m
[0mGET /libs/font-awesome/font-awesome.css [36m304 [0m4.568 ms - -[0m
[0mGET /libs/angular/angular-route.min.js [36m304 [0m5.205 ms - -[0m
[0mGET /libs/bootstrap/js/bootstrap.min.js [36m304 [0m4.709 ms - -[0m
[0mGET /javascripts/controllers/indexCTRL.js [36m304 [0m4.415 ms - -[0m
[0mGET /libs/angular/angular.min.js [36m304 [0m4.221 ms - -[0m
[0mGET /templates/common/navBar.html [36m304 [0m3.039 ms - -[0m
[0mGET /templates/common/footerBar.html [36m304 [0m2.771 ms - -[0m
[0mGET /images/favicons/favicon-16x16.png [36m304 [0m1.864 ms - -[0m
[0mGET /images/logo-ts.png [36m304 [0m2.175 ms - -[0m
[0mGET /libs/bootstrap/fonts/glyphicons-halflings-regular.woff2 [36m304 [0m1.801 ms - -[0m
[0mGET /images/favicons/favicon-96x96.png [36m304 [0m1.911 ms - -[0m
[0mGET /images/favicons/android-chrome-192x192.png [36m304 [0m1.914 ms - -[0m
[0mGET /weblogin.htm [32m200 [0m2.066 ms - 3573[0m
[0mGET /bedminton/competitions [32m200 [0m2.587 ms - 2[0m
[0mGET /bedminton/courts [32m200 [0m4.307 ms - 2[0m
[0mGET /manager/html [32m- [0m- ms - -[0m
[0mGET /manager/html [32m- [0m- ms - -[0m
[0mGET /manager/html [32m- [0m- ms - -[0m
[0mGET /manager/html [32m- [0m- ms - -[0m
[0mGET /manager/html [32m- [0m- ms - -[0m
[0mGET /manager/html [32m- [0m- ms - -[0m
[0mGET /manager/html [32m- [0m- ms - -[0m
[0mGET /manager/html [32m- [0m- ms - -[0m
[0mGET /manager/html [32m- [0m- ms - -[0m
[0mGET /manager/html [32m- [0m- ms - -[0m
[0mGET /rom-0 [32m200 [0m2.202 ms - 3573[0m
[0mGET / [32m200 [0m2.607 ms - 7780[0m
[0mHEAD /redirect.php [32m200 [0m2.127 ms - 3573[0m
[0mGET / [36m304 [0m3.543 ms - -[0m
[0mGET /stylesheets/common.css [36m304 [0m4.916 ms - -[0m
[0mGET /stylesheets/main.css [36m304 [0m4.593 ms - -[0m
[0mGET /images/logos/logo-main.png [36m304 [0m5.794 ms - -[0m
[0mGET /libs/bootstrap/css/bootstrap.css [36m304 [0m4.856 ms - -[0m
[0mGET /libs/jquery/jquery-1.11.3.min.js [36m304 [0m5.358 ms - -[0m
[0mGET /libs/font-awesome/font-awesome.css [36m304 [0m3.594 ms - -[0m
[0mGET /libs/bootstrap/js/bootstrap.min.js [36m304 [0m4.264 ms - -[0m
[0mGET /libs/angular/angular.min.js [36m304 [0m3.994 ms - -[0m
[0mGET /libs/angular/angular-route.min.js [36m304 [0m3.537 ms - -[0m
[0mGET /javascripts/controllers/indexCTRL.js [36m304 [0m2.237 ms - -[0m
[0mGET /templates/common/navBar.html [36m304 [0m3.635 ms - -[0m
[0mGET /templates/common/footerBar.html [36m304 [0m3.132 ms - -[0m
[0mGET /images/favicons/favicon-16x16.png [36m304 [0m2.264 ms - -[0m
[0mGET /libs/bootstrap/fonts/glyphicons-halflings-regular.woff2 [36m304 [0m1.865 ms - -[0m
[0mGET /images/logo-ts.png [36m304 [0m2.312 ms - -[0m
[0mGET /images/favicons/favicon-96x96.png [36m304 [0m1.947 ms - -[0m
[0mGET /images/favicons/android-chrome-192x192.png [36m304 [0m2.288 ms - -[0m
[0mGET /admin [32m200 [0m3.355 ms - 4511[0m
[0mGET /libs/font-awesome/font-awesome.css [36m304 [0m5.550 ms - -[0m
[0mGET /libs/bootstrap-selector/css/bootstrap-select.css [36m304 [0m5.905 ms - -[0m
[0mGET /libs/bootstrap/css/bootstrap.css [36m304 [0m6.074 ms - -[0m
[0mGET /stylesheets/common.css [36m304 [0m6.379 ms - -[0m
[0mGET /libs/jquery/jquery-1.11.3.min.js [36m304 [0m4.809 ms - -[0m
[0mGET /libs/bootstrap/js/bootstrap.min.js [36m304 [0m2.258 ms - -[0m
[0mGET /libs/angular/angular-route.min.js [36m304 [0m4.574 ms - -[0m
[0mGET /libs/angular/angular.min.js [36m304 [0m4.938 ms - -[0m
[0mGET /libs/bootstrap-selector/js/bootstrap-select.min.js [36m304 [0m5.012 ms - -[0m
[0mGET /javascripts/controllers/adminCTRL.js [36m304 [0m4.074 ms - -[0m
[0mGET /templates/common/navBar.html [36m304 [0m3.260 ms - -[0m
[0mGET /templates/admin/mainView.html [36m304 [0m2.955 ms - -[0m
[0mGET /libs/bootstrap/fonts/glyphicons-halflings-regular.woff2 [36m304 [0m2.925 ms - -[0m
[0mGET /images/logo.png [36m304 [0m2.629 ms - -[0m
[0mGET /images/favicons/favicon-16x16.png [36m304 [0m1.988 ms - -[0m
[0mGET /images/favicons/favicon-96x96.png [36m304 [0m2.378 ms - -[0m
[0mGET /images/favicons/android-chrome-192x192.png [36m304 [0m2.281 ms - -[0m
[0mPOST /admin [32m200 [0m2.961 ms - 15[0m
[0mGET /admin/totalnum/ads [36m304 [0m9.323 ms - -[0m
[0mGET /admin/totalnum/userlist [36m304 [0m9.119 ms - -[0m
[0mGET /admin/totalnum/query [36m304 [0m9.820 ms - -[0m
[0mGET /admin/totalnum/noti [36m304 [0m10.525 ms - -[0m
[0mGET /admin/totalnum/info [36m304 [0m12.699 ms - -[0m
[0mGET /search/competitions/false [36m304 [0m8.523 ms - -[0m
[0mGET /templates/admin/side.html [36m304 [0m2.123 ms - -[0m
[0mGET /templates/admin/newInfo/competitions.html [36m304 [0m1.999 ms - -[0m
[0mGET /templates/admin/newInfo/rejects.html [36m304 [0m4.357 ms - -[0m
[0mGET /templates/admin/newInfo/clubs.html [36m304 [0m4.595 ms - -[0m
[0mGET /templates/admin/newInfo/courts.html [36m304 [0m4.971 ms - -[0m
[0mGET /admin/totalnum/info [36m304 [0m6.409 ms - -[0m
[0mGET /search/courts/false [32m200 [0m4.618 ms - 2[0m
[0mGET /admin/totalnum/info [36m304 [0m6.023 ms - -[0m
[0mGET /images/favicons/favicon-16x16.png [36m304 [0m2.358 ms - -[0m
[0mGET /images/favicons/favicon-96x96.png [36m304 [0m2.768 ms - -[0m
[0mGET /images/favicons/android-chrome-192x192.png [36m304 [0m2.504 ms - -[0m
[0mGET /search/clubs/false [32m200 [0m4.433 ms - 2[0m
[0mGET /admin/totalnum/info [36m304 [0m8.430 ms - -[0m
[0mGET /images/favicons/favicon-16x16.png [36m304 [0m3.858 ms - -[0m
[0mGET /images/favicons/favicon-96x96.png [36m304 [0m3.026 ms - -[0m
[0mGET /images/favicons/android-chrome-192x192.png [36m304 [0m2.654 ms - -[0m
[0mGET /templates/admin/userlistView.html [36m304 [0m2.749 ms - -[0m
[0mGET /images/favicons/favicon-16x16.png [36m304 [0m2.111 ms - -[0m
----------------
[0mGET /admin/getInfo/userlist [36m304 [0m3.466 ms - -[0m
[0mGET /images/favicons/favicon-96x96.png [36m304 [0m2.544 ms - -[0m
[0mGET /images/favicons/android-chrome-192x192.png [36m304 [0m2.435 ms - -[0m
[0mGET / [36m304 [0m3.945 ms - -[0m
[0mGET /images/logos/logo-main.png [36m304 [0m18.108 ms - -[0m
[0mGET /libs/jquery/jquery-1.11.3.min.js [36m304 [0m7.081 ms - -[0m
[0mGET /stylesheets/main.css [36m304 [0m6.961 ms - -[0m
[0mGET /libs/bootstrap/css/bootstrap.css [36m304 [0m7.134 ms - -[0m
[0mGET /stylesheets/common.css [36m304 [0m7.288 ms - -[0m
[0mGET /libs/font-awesome/font-awesome.css [36m304 [0m5.206 ms - -[0m
[0mGET /libs/bootstrap/js/bootstrap.min.js [36m304 [0m1.794 ms - -[0m
[0mGET /libs/angular/angular.min.js [36m304 [0m1.729 ms - -[0m
[0mGET /libs/angular/angular-route.min.js [36m304 [0m2.671 ms - -[0m
[0mGET /javascripts/controllers/indexCTRL.js [36m304 [0m2.426 ms - -[0m
[0mGET /templates/common/footerBar.html [36m304 [0m3.165 ms - -[0m
[0mGET /templates/common/navBar.html [36m304 [0m2.842 ms - -[0m
[0mGET /images/favicons/favicon-16x16.png [36m304 [0m1.615 ms - -[0m
[0mGET /images/logo-ts.png [36m304 [0m1.667 ms - -[0m
[0mGET /libs/bootstrap/fonts/glyphicons-halflings-regular.woff2 [36m304 [0m1.966 ms - -[0m
[0mGET /images/favicons/favicon-96x96.png [36m304 [0m1.691 ms - -[0m
[0mGET /images/favicons/android-chrome-192x192.png [36m304 [0m1.992 ms - -[0m
[0mGET /useraccount [36m304 [0m3.244 ms - -[0m
[0mGET /images/logo-ll.png [36m304 [0m5.588 ms - -[0m
[0mGET /stylesheets/ll.css [36m304 [0m5.922 ms - -[0m
[0mGET /libs/bootstrap/css/bootstrap.css [36m304 [0m6.151 ms - -[0m
[0mGET /stylesheets/common.css [36m304 [0m6.379 ms - -[0m
[0mGET /libs/jquery/jquery-1.11.3.min.js [36m304 [0m4.575 ms - -[0m
[0mGET /libs/bootstrap/js/bootstrap.min.js [36m304 [0m4.641 ms - -[0m
[0mGET /libs/angular/angular.min.js [36m304 [0m4.529 ms - -[0m
[0mGET /libs/angular/angular-route.min.js [36m304 [0m4.203 ms - -[0m
[0mGET /images/logo.png [36m304 [0m4.102 ms - -[0m
[0mGET /javascripts/controllers/commonCTRL.js [36m304 [0m3.667 ms - -[0m
[0mGET /templates/common/footerBar.html [36m304 [0m2.175 ms - -[0m
[0mGET /images/favicons/favicon-16x16.png [36m304 [0m2.328 ms - -[0m
[0mGET /images/favicons/favicon-96x96.png [36m304 [0m2.012 ms - -[0m
[0mGET /images/favicons/android-chrome-192x192.png [36m304 [0m2.247 ms - -[0m
[0mGET /images/logo-ts.png [36m304 [0m2.159 ms - -[0m
[0mGET /tennis/competitions [32m200 [0m2.747 ms - 2[0m
[0mGET /tennis/courts [32m200 [0m2.402 ms - 2[0m
[0mGET /tennis/clubs [32m200 [0m2.518 ms - 2[0m
[0mGET /tennis/courts [36m304 [0m2.506 ms - -[0m
[0mGET /tennis/competitions [36m304 [0m2.721 ms - -[0m
[0mGET /templates/admin/queryView.html [32m200 [0m2.727 ms - 1052[0m
[0mGET /images/favicons/favicon-16x16.png [36m304 [0m2.617 ms - -[0m
[0mGET /images/favicons/favicon-96x96.png [36m304 [0m1.719 ms - -[0m
[0mGET /admin/getInfo/query [36m304 [0m2.595 ms - -[0m
[0mGET /images/favicons/android-chrome-192x192.png [36m304 [0m1.713 ms - -[0m
[0mGET /templates/admin/notiView.html [32m200 [0m2.617 ms - 2191[0m
[0mGET /images/favicons/favicon-16x16.png [36m304 [0m1.814 ms - -[0m
[0mGET /images/favicons/favicon-96x96.png [36m304 [0m2.121 ms - -[0m
[0mGET /admin/getInfo/noti [36m304 [0m2.834 ms - -[0m
[0mGET /images/favicons/android-chrome-192x192.png [36m304 [0m2.013 ms - -[0m
[0mGET / [36m304 [0m2.926 ms - -[0m
[0mGET /stylesheets/common.css [36m304 [0m7.239 ms - -[0m
[0mGET /libs/bootstrap/css/bootstrap.css [36m304 [0m7.616 ms - -[0m
[0mGET /libs/font-awesome/font-awesome.css [36m304 [0m7.740 ms - -[0m
[0mGET /stylesheets/main.css [36m304 [0m7.902 ms - -[0m
[0mGET /libs/jquery/jquery-1.11.3.min.js [36m304 [0m6.578 ms - -[0m
[0mGET /images/logos/logo-main.png [36m304 [0m5.888 ms - -[0m
[0mGET /libs/bootstrap/js/bootstrap.min.js [36m304 [0m2.036 ms - -[0m
[0mGET /libs/angular/angular.min.js [36m304 [0m2.496 ms - -[0m
[0mGET /libs/angular/angular-route.min.js [36m304 [0m2.548 ms - -[0m
[0mGET /javascripts/controllers/indexCTRL.js [36m304 [0m1.766 ms - -[0m
[0mGET /templates/common/footerBar.html [36m304 [0m2.634 ms - -[0m
[0mGET /templates/common/navBar.html [36m304 [0m3.247 ms - -[0m
[0mGET /images/favicons/favicon-16x16.png [36m304 [0m1.861 ms - -[0m
[0mGET /images/logo-ts.png [36m304 [0m1.710 ms - -[0m
[0mGET /libs/bootstrap/fonts/glyphicons-halflings-regular.woff2 [36m304 [0m1.735 ms - -[0m
[0mGET /images/favicons/favicon-96x96.png [36m304 [0m2.223 ms - -[0m
[0mGET /images/favicons/android-chrome-192x192.png [36m304 [0m2.102 ms - -[0m
[0mGET /admin [32m200 [0m3.669 ms - 4511[0m
[0mGET /libs/bootstrap-selector/css/bootstrap-select.css [36m304 [0m6.697 ms - -[0m
[0mGET /libs/font-awesome/font-awesome.css [36m304 [0m6.875 ms - -[0m
[0mGET /stylesheets/common.css [36m304 [0m7.062 ms - -[0m
[0mGET /libs/jquery/jquery-1.11.3.min.js [36m304 [0m5.795 ms - -[0m
[0mGET /libs/bootstrap/css/bootstrap.css [36m304 [0m5.752 ms - -[0m
[0mGET /libs/bootstrap/js/bootstrap.min.js [36m304 [0m4.734 ms - -[0m
[0mGET /libs/angular/angular-route.min.js [36m304 [0m4.086 ms - -[0m
[0mGET /libs/bootstrap-selector/js/bootstrap-select.min.js [36m304 [0m5.490 ms - -[0m
[0mGET /libs/angular/angular.min.js [36m304 [0m6.019 ms - -[0m
[0mGET /javascripts/controllers/adminCTRL.js [36m304 [0m5.818 ms - -[0m
[0mGET /templates/admin/mainView.html [36m304 [0m2.957 ms - -[0m
[0mGET /templates/common/navBar.html [36m304 [0m2.660 ms - -[0m
[0mGET /images/favicons/favicon-16x16.png [36m304 [0m1.755 ms - -[0m
[0mGET /libs/bootstrap/fonts/glyphicons-halflings-regular.woff2 [36m304 [0m2.353 ms - -[0m
[0mGET /images/logo.png [36m304 [0m2.573 ms - -[0m
[0mGET /images/favicons/favicon-96x96.png [36m304 [0m2.088 ms - -[0m
[0mGET /images/favicons/android-chrome-192x192.png [36m304 [0m2.323 ms - -[0m
[0mPOST /admin [32m200 [0m2.599 ms - 15[0m
[0mGET /admin/totalnum/ads [36m304 [0m7.033 ms - -[0m
[0mGET /admin/totalnum/userlist [36m304 [0m7.542 ms - -[0m
[0mGET /admin/totalnum/noti [36m304 [0m7.103 ms - -[0m
[0mGET /admin/totalnum/info [36m304 [0m9.491 ms - -[0m
[0mGET /admin/totalnum/query [36m304 [0m6.243 ms - -[0m
[0mGET /search/competitions/false [36m304 [0m7.165 ms - -[0m
[0mGET /templates/admin/side.html [36m304 [0m1.960 ms - -[0m
[0mGET /templates/admin/newInfo/courts.html [36m304 [0m4.385 ms - -[0m
[0mGET /templates/admin/newInfo/rejects.html [36m304 [0m4.817 ms - -[0m
[0mGET /templates/admin/newInfo/clubs.html [36m304 [0m4.936 ms - -[0m
[0mGET /templates/admin/newInfo/competitions.html [36m304 [0m4.242 ms - -[0m
[0mGET /admin/totalnum/info [36m304 [0m6.303 ms - -[0m
[0mGET /templates/admin/adsView.html [32m200 [0m2.824 ms - 1136[0m
[0mGET /images/favicons/favicon-16x16.png [36m304 [0m1.710 ms - -[0m
[0mGET /images/favicons/favicon-96x96.png [36m304 [0m1.853 ms - -[0m
[0mGET /admin/getInfo/ads [36m304 [0m2.491 ms - -[0m
[0mGET /images/favicons/android-chrome-192x192.png [36m304 [0m1.843 ms - -[0m
[0mGET /templates/admin/queryView.html [36m304 [0m3.390 ms - -[0m
[0mGET /images/favicons/favicon-16x16.png [36m304 [0m1.685 ms - -[0m
[0mGET /admin/getInfo/query [36m304 [0m2.676 ms - -[0m
[0mGET /images/favicons/favicon-96x96.png [36m304 [0m1.722 ms - -[0m
[0mGET /images/favicons/android-chrome-192x192.png [36m304 [0m2.053 ms - -[0m
[0mGET /templates/admin/notiView.html [36m304 [0m2.191 ms - -[0m
[0mGET /images/favicons/favicon-16x16.png [36m304 [0m1.943 ms - -[0m
[0mGET /admin/getInfo/noti [36m304 [0m2.889 ms - -[0m
[0mGET /images/favicons/favicon-96x96.png [36m304 [0m1.707 ms - -[0m
[0mGET /images/favicons/android-chrome-192x192.png [36m304 [0m1.874 ms - -[0m
[0mGET /templates/admin/userlistView.html [36m304 [0m2.227 ms - -[0m
[0mGET /images/favicons/favicon-16x16.png [36m304 [0m1.788 ms - -[0m
----------------
[0mGET /admin/getInfo/userlist [36m304 [0m3.169 ms - -[0m
[0mGET /images/favicons/favicon-96x96.png [36m304 [0m1.753 ms - -[0m
[0mGET /images/favicons/android-chrome-192x192.png [36m304 [0m2.031 ms - -[0m
[0mGET /images/favicons/favicon-16x16.png [36m304 [0m3.063 ms - -[0m
[0mGET /admin/getInfo/noti [36m304 [0m3.437 ms - -[0m
[0mGET /images/favicons/favicon-96x96.png [36m304 [0m1.930 ms - -[0m
[0mGET /images/favicons/android-chrome-192x192.png [36m304 [0m1.851 ms - -[0m
[0mGET /admin/getInfo/query [36m304 [0m3.059 ms - -[0m
[0mGET /images/favicons/favicon-16x16.png [36m304 [0m1.893 ms - -[0m
[0mGET /images/favicons/favicon-96x96.png [36m304 [0m2.108 ms - -[0m
[0mGET /images/favicons/android-chrome-192x192.png [36m304 [0m2.218 ms - -[0m
[0mGET /admin/getInfo/ads [36m304 [0m3.676 ms - -[0m
[0mGET /images/favicons/favicon-16x16.png [36m304 [0m2.100 ms - -[0m
[0mGET /images/favicons/favicon-96x96.png [36m304 [0m1.888 ms - -[0m
[0mGET /images/favicons/android-chrome-192x192.png [36m304 [0m1.970 ms - -[0m
[0mGET /search/competitions/false [36m304 [0m4.112 ms - -[0m
[0mGET /admin/totalnum/info [36m304 [0m5.166 ms - -[0m
[0mGET /images/favicons/favicon-16x16.png [36m304 [0m2.086 ms - -[0m
[0mGET /images/favicons/favicon-96x96.png [36m304 [0m2.108 ms - -[0m
[0mGET /images/favicons/android-chrome-192x192.png [36m304 [0m2.144 ms - -[0m
[0mGET /admin/getInfo/ads [36m304 [0m3.088 ms - -[0m
[0mGET /images/favicons/favicon-16x16.png [36m304 [0m1.715 ms - -[0m
[0mGET /images/favicons/favicon-96x96.png [36m304 [0m1.910 ms - -[0m
[0mGET /images/favicons/android-chrome-192x192.png [36m304 [0m1.925 ms - -[0m
[0mGET /admin/getInfo/query [36m304 [0m3.126 ms - -[0m
[0mGET /images/favicons/favicon-16x16.png [36m304 [0m1.759 ms - -[0m
[0mGET /images/favicons/favicon-96x96.png [36m304 [0m1.872 ms - -[0m
[0mGET /images/favicons/android-chrome-192x192.png [36m304 [0m1.899 ms - -[0m
[0mGET /admin/getInfo/noti [36m304 [0m2.902 ms - -[0m
[0mGET /images/favicons/favicon-16x16.png [36m304 [0m1.738 ms - -[0m
[0mGET /images/favicons/favicon-96x96.png [36m304 [0m2.216 ms - -[0m
[0mGET /images/favicons/android-chrome-192x192.png [36m304 [0m2.213 ms - -[0m
----------------
[0mGET /admin/getInfo/userlist [36m304 [0m3.343 ms - -[0m
[0mGET /images/favicons/favicon-16x16.png [36m304 [0m1.656 ms - -[0m
[0mGET /images/favicons/favicon-96x96.png [36m304 [0m2.169 ms - -[0m
[0mGET /images/favicons/android-chrome-192x192.png [36m304 [0m2.089 ms - -[0m
[0mGET /admin/getInfo/noti [36m304 [0m2.994 ms - -[0m
[0mGET /images/favicons/favicon-16x16.png [36m304 [0m1.734 ms - -[0m
[0mGET /images/favicons/favicon-96x96.png [36m304 [0m1.936 ms - -[0m
[0mGET /images/favicons/android-chrome-192x192.png [36m304 [0m1.862 ms - -[0m
[0mGET /admin/getInfo/query [36m304 [0m3.032 ms - -[0m
[0mGET /images/favicons/favicon-16x16.png [36m304 [0m1.808 ms - -[0m
[0mGET /images/favicons/favicon-96x96.png [36m304 [0m2.224 ms - -[0m
[0mGET /images/favicons/android-chrome-192x192.png [36m304 [0m2.137 ms - -[0m
----------------
[0mGET /admin/getInfo/userlist [36m304 [0m3.030 ms - -[0m
[0mGET /images/favicons/favicon-16x16.png [36m304 [0m1.875 ms - -[0m
[0mGET /images/favicons/favicon-96x96.png [36m304 [0m2.840 ms - -[0m
[0mGET /images/favicons/android-chrome-192x192.png [36m304 [0m2.048 ms - -[0m
[0mGET /admin/getInfo/noti [36m304 [0m3.128 ms - -[0m
[0mGET /images/favicons/favicon-16x16.png [36m304 [0m2.073 ms - -[0m
[0mGET /images/favicons/favicon-96x96.png [36m304 [0m2.201 ms - -[0m
[0mGET /images/favicons/android-chrome-192x192.png [36m304 [0m1.959 ms - -[0m
[0mGET /admin/getInfo/query [36m304 [0m6.393 ms - -[0m
[0mGET /images/favicons/favicon-16x16.png [36m304 [0m1.727 ms - -[0m
[0mGET /images/favicons/favicon-96x96.png [36m304 [0m1.561 ms - -[0m
[0mGET /images/favicons/android-chrome-192x192.png [36m304 [0m1.664 ms - -[0m
[0mGET /admin/getInfo/ads [36m304 [0m3.138 ms - -[0m
[0mGET /images/favicons/favicon-16x16.png [36m304 [0m1.779 ms - -[0m
[0mGET /images/favicons/favicon-96x96.png [36m304 [0m2.290 ms - -[0m
[0mGET /images/favicons/android-chrome-192x192.png [36m304 [0m2.210 ms - -[0m
----------------
[0mGET /admin/getInfo/userlist [36m304 [0m3.183 ms - -[0m
[0mGET /images/favicons/favicon-16x16.png [36m304 [0m1.818 ms - -[0m
[0mGET /images/favicons/favicon-96x96.png [36m304 [0m1.850 ms - -[0m
[0mGET /images/favicons/android-chrome-192x192.png [36m304 [0m1.897 ms - -[0m
[0mGET /search/competitions/false [36m304 [0m3.546 ms - -[0m
[0mGET /admin/totalnum/info [36m304 [0m4.733 ms - -[0m
[0mGET /images/favicons/favicon-16x16.png [36m304 [0m1.587 ms - -[0m
[0mGET /images/favicons/favicon-96x96.png [36m304 [0m1.987 ms - -[0m
[0mGET /images/favicons/android-chrome-192x192.png [36m304 [0m13.885 ms - -[0m
[0mGET /admin/getInfo/ads [36m304 [0m7.374 ms - -[0m
[0mGET /images/favicons/favicon-16x16.png [36m304 [0m1.619 ms - -[0m
[0mGET /images/favicons/favicon-96x96.png [36m304 [0m1.780 ms - -[0m
[0mGET /images/favicons/android-chrome-192x192.png [36m304 [0m1.698 ms - -[0m
[0mGET /images/favicons/favicon-16x16.png [36m304 [0m3.089 ms - -[0m
[0mGET /admin/getInfo/query [36m304 [0m3.418 ms - -[0m
[0mGET /images/favicons/favicon-96x96.png [36m304 [0m1.836 ms - -[0m
[0mGET /images/favicons/android-chrome-192x192.png [36m304 [0m1.757 ms - -[0m
[0mGET /admin/getInfo/noti [36m304 [0m3.121 ms - -[0m
[0mGET /images/favicons/favicon-16x16.png [36m304 [0m1.827 ms - -[0m
[0mGET /images/favicons/favicon-96x96.png [36m304 [0m2.104 ms - -[0m
[0mGET /images/favicons/android-chrome-192x192.png [36m304 [0m1.675 ms - -[0m
----------------
[0mGET /admin/getInfo/userlist [36m304 [0m3.046 ms - -[0m
[0mGET /images/favicons/favicon-16x16.png [36m304 [0m1.660 ms - -[0m
[0mGET /images/favicons/favicon-96x96.png [36m304 [0m2.234 ms - -[0m
[0mGET /images/favicons/android-chrome-192x192.png [36m304 [0m1.958 ms - -[0m
[0mGET /search/competitions/false [36m304 [0m4.144 ms - -[0m
[0mGET /admin/totalnum/info [36m304 [0m5.780 ms - -[0m
[0mGET /images/favicons/favicon-16x16.png [36m304 [0m1.723 ms - -[0m
[0mGET /images/favicons/favicon-96x96.png [36m304 [0m1.796 ms - -[0m
[0mGET /images/favicons/android-chrome-192x192.png [36m304 [0m1.832 ms - -[0m
[0mGET /admin/getInfo/ads [36m304 [0m2.996 ms - -[0m
[0mGET /images/favicons/favicon-16x16.png [36m304 [0m1.764 ms - -[0m
[0mGET /images/favicons/favicon-96x96.png [36m304 [0m1.979 ms - -[0m
[0mGET /images/favicons/android-chrome-192x192.png [36m304 [0m3.117 ms - -[0m
[0mGET /admin/getInfo/noti [36m304 [0m3.518 ms - -[0m
[0mGET /images/favicons/favicon-16x16.png [36m304 [0m2.009 ms - -[0m
[0mGET /images/favicons/favicon-96x96.png [36m304 [0m1.744 ms - -[0m
[0mGET /images/favicons/android-chrome-192x192.png [36m304 [0m1.726 ms - -[0m
----------------
[0mGET /images/favicons/favicon-16x16.png [36m304 [0m2.978 ms - -[0m
[0mGET /admin/getInfo/userlist [36m304 [0m4.071 ms - -[0m
[0mGET /images/favicons/favicon-96x96.png [36m304 [0m1.833 ms - -[0m
[0mGET /images/favicons/android-chrome-192x192.png [36m304 [0m2.920 ms - -[0m
